[0.064s] DEBUG:colcon:Command line arguments: ['/usr/bin/colcon', 'build']
[0.065s] DEBUG:colcon:Parsed command line arguments: Namespace(log_base=None, log_level=None, verb_name='build', build_base='build', install_base='install', merge_install=False, symlink_install=False, test_result_base=None, continue_on_error=False, executor='parallel', parallel_workers=16, event_handlers=None, ignore_user_meta=False, metas=['./colcon.meta'], base_paths=['.'], packages_ignore=None, packages_ignore_regex=None, paths=None, packages_up_to=None, packages_up_to_regex=None, packages_above=None, packages_above_and_dependencies=None, packages_above_depth=None, packages_select_by_dep=None, packages_skip_by_dep=None, packages_skip_up_to=None, packages_select_build_failed=False, packages_skip_build_finished=False, packages_select_test_failures=False, packages_skip_test_passed=False, packages_select=None, packages_skip=None, packages_select_regex=None, packages_skip_regex=None, packages_start=None, packages_end=None, allow_overriding=[], cmake_args=None, cmake_target=None, cmake_target_skip_unavailable=False, cmake_clean_cache=False, cmake_clean_first=False, cmake_force_configure=False, ament_cmake_args=None, catkin_cmake_args=None, catkin_skip_building_tests=False, verb_parser=<colcon_defaults.argument_parser.defaults.DefaultArgumentsDecorator object at 0x78051355a140>, verb_extension=<colcon_core.verb.build.BuildVerb object at 0x780513559bd0>, main=<bound method BuildVerb.main of <colcon_core.verb.build.BuildVerb object at 0x780513559bd0>>)
[0.162s] Level 1:colcon.colcon_core.package_discovery:discover_packages(colcon_meta) check parameters
[0.163s] Level 1:colcon.colcon_core.package_discovery:discover_packages(recursive) check parameters
[0.163s] Level 1:colcon.colcon_core.package_discovery:discover_packages(ignore) check parameters
[0.163s] Level 1:colcon.colcon_core.package_discovery:discover_packages(path) check parameters
[0.163s] Level 1:colcon.colcon_core.package_discovery:discover_packages(colcon_meta) discover
[0.163s] Level 1:colcon.colcon_core.package_discovery:discover_packages(recursive) discover
[0.163s] INFO:colcon.colcon_core.package_discovery:Crawling recursively for packages in '/home/i-mini900/dog/dog_ws'
[0.163s] Level 1:colcon.colcon_core.package_identification:_identify(.) by extensions ['ignore', 'ignore_ament_install']
[0.163s] Level 1:colcon.colcon_core.package_identification:_identify(.) by extension 'ignore'
[0.163s] Level 1:colcon.colcon_core.package_identification:_identify(.) by extension 'ignore_ament_install'
[0.163s] Level 1:colcon.colcon_core.package_identification:_identify(.) by extensions ['colcon_pkg']
[0.163s] Level 1:colcon.colcon_core.package_identification:_identify(.) by extension 'colcon_pkg'
[0.163s] Level 1:colcon.colcon_core.package_identification:_identify(.) by extensions ['colcon_meta']
[0.163s] Level 1:colcon.colcon_core.package_identification:_identify(.) by extension 'colcon_meta'
[0.163s] Level 1:colcon.colcon_core.package_identification:_identify(.) by extensions ['ros']
[0.163s] Level 1:colcon.colcon_core.package_identification:_identify(.) by extension 'ros'
[0.169s] Level 1:colcon.colcon_core.package_identification:_identify(.) by extensions ['cmake', 'python']
[0.169s] Level 1:colcon.colcon_core.package_identification:_identify(.) by extension 'cmake'
[0.169s] Level 1:colcon.colcon_core.package_identification:_identify(.) by extension 'python'
[0.169s] Level 1:colcon.colcon_core.package_identification:_identify(.) by extensions ['python_setup_py']
[0.169s] Level 1:colcon.colcon_core.package_identification:_identify(.) by extension 'python_setup_py'
[0.169s] Level 1:colcon.colcon_core.package_identification:_identify(build) by extensions ['ignore', 'ignore_ament_install']
[0.169s] Level 1:colcon.colcon_core.package_identification:_identify(build) by extension 'ignore'
[0.169s] Level 1:colcon.colcon_core.package_identification:_identify(build) ignored
[0.169s] Level 1:colcon.colcon_core.package_identification:_identify(install) by extensions ['ignore', 'ignore_ament_install']
[0.169s] Level 1:colcon.colcon_core.package_identification:_identify(install) by extension 'ignore'
[0.169s] Level 1:colcon.colcon_core.package_identification:_identify(install) ignored
[0.169s] Level 1:colcon.colcon_core.package_identification:_identify(log) by extensions ['ignore', 'ignore_ament_install']
[0.169s] Level 1:colcon.colcon_core.package_identification:_identify(log) by extension 'ignore'
[0.169s] Level 1:colcon.colcon_core.package_identification:_identify(log) ignored
[0.169s] Level 1:colcon.colcon_core.package_identification:_identify(src) by extensions ['ignore', 'ignore_ament_install']
[0.169s] Level 1:colcon.colcon_core.package_identification:_identify(src) by extension 'ignore'
[0.169s] Level 1:colcon.colcon_core.package_identification:_identify(src) by extension 'ignore_ament_install'
[0.169s] Level 1:colcon.colcon_core.package_identification:_identify(src) by extensions ['colcon_pkg']
[0.169s] Level 1:colcon.colcon_core.package_identification:_identify(src) by extension 'colcon_pkg'
[0.169s] Level 1:colcon.colcon_core.package_identification:_identify(src) by extensions ['colcon_meta']
[0.169s] Level 1:colcon.colcon_core.package_identification:_identify(src) by extension 'colcon_meta'
[0.169s] Level 1:colcon.colcon_core.package_identification:_identify(src) by extensions ['ros']
[0.169s] Level 1:colcon.colcon_core.package_identification:_identify(src) by extension 'ros'
[0.170s] Level 1:colcon.colcon_core.package_identification:_identify(src) by extensions ['cmake', 'python']
[0.170s] Level 1:colcon.colcon_core.package_identification:_identify(src) by extension 'cmake'
[0.170s] Level 1:colcon.colcon_core.package_identification:_identify(src) by extension 'python'
[0.170s] Level 1:colcon.colcon_core.package_identification:_identify(src) by extensions ['python_setup_py']
[0.170s] Level 1:colcon.colcon_core.package_identification:_identify(src) by extension 'python_setup_py'
[0.170s] Level 1:colcon.colcon_core.package_identification:_identify(src/robot) by extensions ['ignore', 'ignore_ament_install']
[0.170s] Level 1:colcon.colcon_core.package_identification:_identify(src/robot) by extension 'ignore'
[0.170s] Level 1:colcon.colcon_core.package_identification:_identify(src/robot) by extension 'ignore_ament_install'
[0.170s] Level 1:colcon.colcon_core.package_identification:_identify(src/robot) by extensions ['colcon_pkg']
[0.170s] Level 1:colcon.colcon_core.package_identification:_identify(src/robot) by extension 'colcon_pkg'
[0.170s] Level 1:colcon.colcon_core.package_identification:_identify(src/robot) by extensions ['colcon_meta']
[0.170s] Level 1:colcon.colcon_core.package_identification:_identify(src/robot) by extension 'colcon_meta'
[0.170s] Level 1:colcon.colcon_core.package_identification:_identify(src/robot) by extensions ['ros']
[0.170s] Level 1:colcon.colcon_core.package_identification:_identify(src/robot) by extension 'ros'
[0.172s] DEBUG:colcon.colcon_core.package_identification:Package 'src/robot' with type 'ros.ament_cmake' and name 'robot'
[0.172s] Level 1:colcon.colcon_core.package_identification:_identify(src/unitree_legged_msgs) by extensions ['ignore', 'ignore_ament_install']
[0.172s] Level 1:colcon.colcon_core.package_identification:_identify(src/unitree_legged_msgs) by extension 'ignore'
[0.172s] Level 1:colcon.colcon_core.package_identification:_identify(src/unitree_legged_msgs) by extension 'ignore_ament_install'
[0.172s] Level 1:colcon.colcon_core.package_identification:_identify(src/unitree_legged_msgs) by extensions ['colcon_pkg']
[0.172s] Level 1:colcon.colcon_core.package_identification:_identify(src/unitree_legged_msgs) by extension 'colcon_pkg'
[0.172s] Level 1:colcon.colcon_core.package_identification:_identify(src/unitree_legged_msgs) by extensions ['colcon_meta']
[0.172s] Level 1:colcon.colcon_core.package_identification:_identify(src/unitree_legged_msgs) by extension 'colcon_meta'
[0.172s] Level 1:colcon.colcon_core.package_identification:_identify(src/unitree_legged_msgs) by extensions ['ros']
[0.172s] Level 1:colcon.colcon_core.package_identification:_identify(src/unitree_legged_msgs) by extension 'ros'
[0.172s] DEBUG:colcon.colcon_core.package_identification:Package 'src/unitree_legged_msgs' with type 'ros.ament_cmake' and name 'unitree_legged_msgs'
[0.172s] Level 1:colcon.colcon_core.package_discovery:discover_packages(recursive) using defaults
[0.172s] Level 1:colcon.colcon_core.package_discovery:discover_packages(ignore) discover
[0.172s] Level 1:colcon.colcon_core.package_discovery:discover_packages(ignore) using defaults
[0.172s] Level 1:colcon.colcon_core.package_discovery:discover_packages(path) discover
[0.172s] Level 1:colcon.colcon_core.package_discovery:discover_packages(path) using defaults
[0.193s] Level 1:colcon.colcon_core.package_discovery:discover_packages(prefix_path) check parameters
[0.193s] Level 1:colcon.colcon_core.package_discovery:discover_packages(prefix_path) discover
[0.194s] WARNING:colcon.colcon_ros.prefix_path.ament:The path '/home/i-mini900/dog/dog_ws/install/robot' in the environment variable AMENT_PREFIX_PATH doesn't exist
[0.194s] WARNING:colcon.colcon_ros.prefix_path.ament:The path '/home/i-mini900/dog/dog_ws/install/unitree_legged_msgs' in the environment variable AMENT_PREFIX_PATH doesn't exist
[0.194s] WARNING:colcon.colcon_ros.prefix_path.catkin:The path '/home/i-mini900/dog/dog_ws/install/robot' in the environment variable CMAKE_PREFIX_PATH doesn't exist
[0.194s] WARNING:colcon.colcon_ros.prefix_path.catkin:The path '/home/i-mini900/dog/dog_ws/install/unitree_legged_msgs' in the environment variable CMAKE_PREFIX_PATH doesn't exist
[0.194s] DEBUG:colcon.colcon_installed_package_information.package_discovery:Found 1 installed packages in /home/i-mini900/imu/colcon_install
[0.194s] DEBUG:colcon.colcon_installed_package_information.package_discovery:Found 1 installed packages in /home/i-mini900/class/chapter4/nav_ws/install
[0.195s] DEBUG:colcon.colcon_installed_package_information.package_discovery:Found 0 installed packages in /home/i-mini900/dog/dog_ws/install
[0.195s] DEBUG:colcon.colcon_installed_package_information.package_discovery:Found 8 installed packages in /home/i-mini900/class/chapter3/fast_lio_localization/fast_lio_ws/install
[0.196s] DEBUG:colcon.colcon_installed_package_information.package_discovery:Found 292 installed packages in /opt/ros/humble
[0.196s] Level 1:colcon.colcon_core.package_discovery:discover_packages(prefix_path) using defaults
[0.215s] Level 5:colcon.colcon_core.verb:set package 'unitree_legged_msgs' build argument 'cmake_args' from command line to 'None'
[0.215s] Level 5:colcon.colcon_core.verb:set package 'unitree_legged_msgs' build argument 'cmake_target' from command line to 'None'
[0.215s] Level 5:colcon.colcon_core.verb:set package 'unitree_legged_msgs' build argument 'cmake_target_skip_unavailable' from command line to 'False'
[0.215s] Level 5:colcon.colcon_core.verb:set package 'unitree_legged_msgs' build argument 'cmake_clean_cache' from command line to 'False'
[0.215s] Level 5:colcon.colcon_core.verb:set package 'unitree_legged_msgs' build argument 'cmake_clean_first' from command line to 'False'
[0.215s] Level 5:colcon.colcon_core.verb:set package 'unitree_legged_msgs' build argument 'cmake_force_configure' from command line to 'False'
[0.215s] Level 5:colcon.colcon_core.verb:set package 'unitree_legged_msgs' build argument 'ament_cmake_args' from command line to 'None'
[0.215s] Level 5:colcon.colcon_core.verb:set package 'unitree_legged_msgs' build argument 'catkin_cmake_args' from command line to 'None'
[0.215s] Level 5:colcon.colcon_core.verb:set package 'unitree_legged_msgs' build argument 'catkin_skip_building_tests' from command line to 'False'
[0.215s] DEBUG:colcon.colcon_core.verb:Building package 'unitree_legged_msgs' with the following arguments: {'ament_cmake_args': None, 'build_base': '/home/i-mini900/dog/dog_ws/build/unitree_legged_msgs', 'catkin_cmake_args': None, 'catkin_skip_building_tests': False, 'cmake_args': None, 'cmake_clean_cache': False, 'cmake_clean_first': False, 'cmake_force_configure': False, 'cmake_target': None, 'cmake_target_skip_unavailable': False, 'install_base': '/home/i-mini900/dog/dog_ws/install/unitree_legged_msgs', 'merge_install': False, 'path': '/home/i-mini900/dog/dog_ws/src/unitree_legged_msgs', 'symlink_install': False, 'test_result_base': None}
[0.216s] Level 5:colcon.colcon_core.verb:set package 'robot' build argument 'cmake_args' from command line to 'None'
[0.216s] Level 5:colcon.colcon_core.verb:set package 'robot' build argument 'cmake_target' from command line to 'None'
[0.216s] Level 5:colcon.colcon_core.verb:set package 'robot' build argument 'cmake_target_skip_unavailable' from command line to 'False'
[0.216s] Level 5:colcon.colcon_core.verb:set package 'robot' build argument 'cmake_clean_cache' from command line to 'False'
[0.216s] Level 5:colcon.colcon_core.verb:set package 'robot' build argument 'cmake_clean_first' from command line to 'False'
[0.216s] Level 5:colcon.colcon_core.verb:set package 'robot' build argument 'cmake_force_configure' from command line to 'False'
[0.216s] Level 5:colcon.colcon_core.verb:set package 'robot' build argument 'ament_cmake_args' from command line to 'None'
[0.216s] Level 5:colcon.colcon_core.verb:set package 'robot' build argument 'catkin_cmake_args' from command line to 'None'
[0.216s] Level 5:colcon.colcon_core.verb:set package 'robot' build argument 'catkin_skip_building_tests' from command line to 'False'
[0.216s] DEBUG:colcon.colcon_core.verb:Building package 'robot' with the following arguments: {'ament_cmake_args': None, 'build_base': '/home/i-mini900/dog/dog_ws/build/robot', 'catkin_cmake_args': None, 'catkin_skip_building_tests': False, 'cmake_args': None, 'cmake_clean_cache': False, 'cmake_clean_first': False, 'cmake_force_configure': False, 'cmake_target': None, 'cmake_target_skip_unavailable': False, 'install_base': '/home/i-mini900/dog/dog_ws/install/robot', 'merge_install': False, 'path': '/home/i-mini900/dog/dog_ws/src/robot', 'symlink_install': False, 'test_result_base': None}
[0.216s] INFO:colcon.colcon_core.executor:Executing jobs using 'parallel' executor
[0.216s] DEBUG:colcon.colcon_parallel_executor.executor.parallel:run_until_complete
[0.216s] INFO:colcon.colcon_ros.task.ament_cmake.build:Building ROS package in '/home/i-mini900/dog/dog_ws/src/unitree_legged_msgs' with build type 'ament_cmake'
[0.217s] INFO:colcon.colcon_cmake.task.cmake.build:Building CMake package in '/home/i-mini900/dog/dog_ws/src/unitree_legged_msgs'
[0.218s] INFO:colcon.colcon_core.plugin_system:Skipping extension 'colcon_core.shell.bat': Not used on non-Windows systems
[0.218s] INFO:colcon.colcon_core.shell:Skip shell extension 'powershell' for command environment: Not usable outside of PowerShell
[0.218s] DEBUG:colcon.colcon_core.shell:Skip shell extension 'dsv' for command environment
[0.228s] DEBUG:colcon.colcon_core.event_handler.log_command:Invoking command in '/home/i-mini900/dog/dog_ws/build/unitree_legged_msgs': CMAKE_PREFIX_PATH=${CMAKE_PREFIX_PATH}:/opt/ros/humble /usr/bin/cmake /home/i-mini900/dog/dog_ws/src/unitree_legged_msgs -DCMAKE_INSTALL_PREFIX=/home/i-mini900/dog/dog_ws/install/unitree_legged_msgs
[1.642s] DEBUG:colcon.colcon_core.event_handler.log_command:Invoked command in '/home/i-mini900/dog/dog_ws/build/unitree_legged_msgs' returned '0': CMAKE_PREFIX_PATH=${CMAKE_PREFIX_PATH}:/opt/ros/humble /usr/bin/cmake /home/i-mini900/dog/dog_ws/src/unitree_legged_msgs -DCMAKE_INSTALL_PREFIX=/home/i-mini900/dog/dog_ws/install/unitree_legged_msgs
[1.642s] DEBUG:colcon.colcon_core.event_handler.log_command:Invoking command in '/home/i-mini900/dog/dog_ws/build/unitree_legged_msgs': CMAKE_PREFIX_PATH=${CMAKE_PREFIX_PATH}:/opt/ros/humble /usr/bin/cmake --build /home/i-mini900/dog/dog_ws/build/unitree_legged_msgs -- -j16 -l16
[2.979s] DEBUG:colcon.colcon_core.event_handler.log_command:Invoked command in '/home/i-mini900/dog/dog_ws/build/unitree_legged_msgs' returned '0': CMAKE_PREFIX_PATH=${CMAKE_PREFIX_PATH}:/opt/ros/humble /usr/bin/cmake --build /home/i-mini900/dog/dog_ws/build/unitree_legged_msgs -- -j16 -l16
[2.988s] DEBUG:colcon.colcon_core.event_handler.log_command:Invoking command in '/home/i-mini900/dog/dog_ws/build/unitree_legged_msgs': CMAKE_PREFIX_PATH=${CMAKE_PREFIX_PATH}:/opt/ros/humble /usr/bin/cmake --install /home/i-mini900/dog/dog_ws/build/unitree_legged_msgs
[3.040s] Level 1:colcon.colcon_core.environment:create_environment_scripts_only(unitree_legged_msgs)
[3.041s] DEBUG:colcon.colcon_core.event_handler.log_command:Invoked command in '/home/i-mini900/dog/dog_ws/build/unitree_legged_msgs' returned '0': CMAKE_PREFIX_PATH=${CMAKE_PREFIX_PATH}:/opt/ros/humble /usr/bin/cmake --install /home/i-mini900/dog/dog_ws/build/unitree_legged_msgs
[3.042s] Level 1:colcon.colcon_core.environment:checking '/home/i-mini900/dog/dog_ws/install/unitree_legged_msgs' for CMake module files
[3.043s] Level 1:colcon.colcon_core.environment:checking '/home/i-mini900/dog/dog_ws/install/unitree_legged_msgs' for CMake config files
[3.043s] Level 1:colcon.colcon_core.shell:create_environment_hook('unitree_legged_msgs', 'cmake_prefix_path')
[3.043s] INFO:colcon.colcon_core.shell:Creating environment hook '/home/i-mini900/dog/dog_ws/install/unitree_legged_msgs/share/unitree_legged_msgs/hook/cmake_prefix_path.ps1'
[3.043s] INFO:colcon.colcon_core.shell:Creating environment descriptor '/home/i-mini900/dog/dog_ws/install/unitree_legged_msgs/share/unitree_legged_msgs/hook/cmake_prefix_path.dsv'
[3.043s] INFO:colcon.colcon_core.shell:Creating environment hook '/home/i-mini900/dog/dog_ws/install/unitree_legged_msgs/share/unitree_legged_msgs/hook/cmake_prefix_path.sh'
[3.044s] Level 1:colcon.colcon_core.environment:checking '/home/i-mini900/dog/dog_ws/install/unitree_legged_msgs/lib'
[3.044s] Level 1:colcon.colcon_core.shell:create_environment_hook('unitree_legged_msgs', 'ld_library_path_lib')
[3.044s] INFO:colcon.colcon_core.shell:Creating environment hook '/home/i-mini900/dog/dog_ws/install/unitree_legged_msgs/share/unitree_legged_msgs/hook/ld_library_path_lib.ps1'
[3.044s] INFO:colcon.colcon_core.shell:Creating environment descriptor '/home/i-mini900/dog/dog_ws/install/unitree_legged_msgs/share/unitree_legged_msgs/hook/ld_library_path_lib.dsv'
[3.044s] INFO:colcon.colcon_core.shell:Creating environment hook '/home/i-mini900/dog/dog_ws/install/unitree_legged_msgs/share/unitree_legged_msgs/hook/ld_library_path_lib.sh'
[3.044s] Level 1:colcon.colcon_core.environment:checking '/home/i-mini900/dog/dog_ws/install/unitree_legged_msgs/bin'
[3.044s] Level 1:colcon.colcon_core.environment:checking '/home/i-mini900/dog/dog_ws/install/unitree_legged_msgs/lib/pkgconfig/unitree_legged_msgs.pc'
[3.045s] Level 1:colcon.colcon_core.environment:checking '/home/i-mini900/dog/dog_ws/install/unitree_legged_msgs/lib/python3.10/site-packages'
[3.045s] Level 1:colcon.colcon_core.environment:checking '/home/i-mini900/dog/dog_ws/install/unitree_legged_msgs/bin'
[3.045s] INFO:colcon.colcon_core.shell:Creating package script '/home/i-mini900/dog/dog_ws/install/unitree_legged_msgs/share/unitree_legged_msgs/package.ps1'
[3.045s] INFO:colcon.colcon_core.shell:Creating package descriptor '/home/i-mini900/dog/dog_ws/install/unitree_legged_msgs/share/unitree_legged_msgs/package.dsv'
[3.046s] INFO:colcon.colcon_core.shell:Creating package script '/home/i-mini900/dog/dog_ws/install/unitree_legged_msgs/share/unitree_legged_msgs/package.sh'
[3.046s] INFO:colcon.colcon_core.shell:Creating package script '/home/i-mini900/dog/dog_ws/install/unitree_legged_msgs/share/unitree_legged_msgs/package.bash'
[3.046s] INFO:colcon.colcon_core.shell:Creating package script '/home/i-mini900/dog/dog_ws/install/unitree_legged_msgs/share/unitree_legged_msgs/package.zsh'
[3.046s] Level 1:colcon.colcon_core.environment:create_file_with_runtime_dependencies(/home/i-mini900/dog/dog_ws/install/unitree_legged_msgs/share/colcon-core/packages/unitree_legged_msgs)
[3.047s] Level 1:colcon.colcon_core.environment:create_environment_scripts_only(unitree_legged_msgs)
[3.047s] Level 1:colcon.colcon_core.environment:checking '/home/i-mini900/dog/dog_ws/install/unitree_legged_msgs' for CMake module files
[3.047s] Level 1:colcon.colcon_core.environment:checking '/home/i-mini900/dog/dog_ws/install/unitree_legged_msgs' for CMake config files
[3.047s] Level 1:colcon.colcon_core.shell:create_environment_hook('unitree_legged_msgs', 'cmake_prefix_path')
[3.047s] INFO:colcon.colcon_core.shell:Creating environment hook '/home/i-mini900/dog/dog_ws/install/unitree_legged_msgs/share/unitree_legged_msgs/hook/cmake_prefix_path.ps1'
[3.048s] INFO:colcon.colcon_core.shell:Creating environment descriptor '/home/i-mini900/dog/dog_ws/install/unitree_legged_msgs/share/unitree_legged_msgs/hook/cmake_prefix_path.dsv'
[3.048s] INFO:colcon.colcon_core.shell:Creating environment hook '/home/i-mini900/dog/dog_ws/install/unitree_legged_msgs/share/unitree_legged_msgs/hook/cmake_prefix_path.sh'
[3.048s] Level 1:colcon.colcon_core.environment:checking '/home/i-mini900/dog/dog_ws/install/unitree_legged_msgs/lib'
[3.048s] Level 1:colcon.colcon_core.shell:create_environment_hook('unitree_legged_msgs', 'ld_library_path_lib')
[3.048s] INFO:colcon.colcon_core.shell:Creating environment hook '/home/i-mini900/dog/dog_ws/install/unitree_legged_msgs/share/unitree_legged_msgs/hook/ld_library_path_lib.ps1'
[3.048s] INFO:colcon.colcon_core.shell:Creating environment descriptor '/home/i-mini900/dog/dog_ws/install/unitree_legged_msgs/share/unitree_legged_msgs/hook/ld_library_path_lib.dsv'
[3.049s] INFO:colcon.colcon_core.shell:Creating environment hook '/home/i-mini900/dog/dog_ws/install/unitree_legged_msgs/share/unitree_legged_msgs/hook/ld_library_path_lib.sh'
[3.049s] Level 1:colcon.colcon_core.environment:checking '/home/i-mini900/dog/dog_ws/install/unitree_legged_msgs/bin'
[3.049s] Level 1:colcon.colcon_core.environment:checking '/home/i-mini900/dog/dog_ws/install/unitree_legged_msgs/lib/pkgconfig/unitree_legged_msgs.pc'
[3.049s] Level 1:colcon.colcon_core.environment:checking '/home/i-mini900/dog/dog_ws/install/unitree_legged_msgs/lib/python3.10/site-packages'
[3.049s] Level 1:colcon.colcon_core.environment:checking '/home/i-mini900/dog/dog_ws/install/unitree_legged_msgs/bin'
[3.049s] INFO:colcon.colcon_core.shell:Creating package script '/home/i-mini900/dog/dog_ws/install/unitree_legged_msgs/share/unitree_legged_msgs/package.ps1'
[3.050s] INFO:colcon.colcon_core.shell:Creating package descriptor '/home/i-mini900/dog/dog_ws/install/unitree_legged_msgs/share/unitree_legged_msgs/package.dsv'
[3.050s] INFO:colcon.colcon_core.shell:Creating package script '/home/i-mini900/dog/dog_ws/install/unitree_legged_msgs/share/unitree_legged_msgs/package.sh'
[3.050s] INFO:colcon.colcon_core.shell:Creating package script '/home/i-mini900/dog/dog_ws/install/unitree_legged_msgs/share/unitree_legged_msgs/package.bash'
[3.050s] INFO:colcon.colcon_core.shell:Creating package script '/home/i-mini900/dog/dog_ws/install/unitree_legged_msgs/share/unitree_legged_msgs/package.zsh'
[3.051s] Level 1:colcon.colcon_core.environment:create_file_with_runtime_dependencies(/home/i-mini900/dog/dog_ws/install/unitree_legged_msgs/share/colcon-core/packages/unitree_legged_msgs)
[3.051s] INFO:colcon.colcon_ros.task.ament_cmake.build:Building ROS package in '/home/i-mini900/dog/dog_ws/src/robot' with build type 'ament_cmake'
[3.051s] INFO:colcon.colcon_cmake.task.cmake.build:Building CMake package in '/home/i-mini900/dog/dog_ws/src/robot'
[3.051s] INFO:colcon.colcon_core.shell:Skip shell extension 'powershell' for command environment: Not usable outside of PowerShell
[3.051s] DEBUG:colcon.colcon_core.shell:Skip shell extension 'dsv' for command environment
[3.062s] DEBUG:colcon.colcon_core.event_handler.log_command:Invoking command in '/home/i-mini900/dog/dog_ws/build/robot': CMAKE_PREFIX_PATH=/home/i-mini900/dog/dog_ws/install/unitree_legged_msgs:/home/i-mini900/imu/colcon_install/unitree_actuator_sdk:/home/i-mini900/class/chapter4/nav_ws/install/localization:/home/i-mini900/class/chapter3/fast_lio_localization/fast_lio_ws/install/sophus:/home/i-mini900/class/chapter3/fast_lio_localization/fast_lio_ws/install/pgo:/home/i-mini900/class/chapter3/fast_lio_localization/fast_lio_ws/install/localizer:/home/i-mini900/class/chapter3/fast_lio_localization/fast_lio_ws/install/fastlio2:/home/i-mini900/class/chapter3/fast_lio_localization/fast_lio_ws/install/livox_ros_driver2:/home/i-mini900/class/chapter3/fast_lio_localization/fast_lio_ws/install/hba:/home/i-mini900/class/chapter3/fast_lio_localization/fast_lio_ws/install/interface:/home/i-mini900/dog/dog_ws/install/robot:/opt/ros/humble LD_LIBRARY_PATH=/home/i-mini900/dog/dog_ws/install/unitree_legged_msgs/lib:/home/i-mini900/imu/colcon_install/unitree_actuator_sdk/lib/unitree_actuator_sdk:/home/i-mini900/class/chapter3/fast_lio_localization/fast_lio_ws/install/livox_ros_driver2/lib:/home/i-mini900/class/chapter3/fast_lio_localization/fast_lio_ws/install/interface/lib:/opt/ros/humble/opt/rviz_ogre_vendor/lib:/opt/ros/humble/lib/x86_64-linux-gnu:/opt/ros/humble/lib /usr/bin/cmake /home/i-mini900/dog/dog_ws/src/robot -DCMAKE_INSTALL_PREFIX=/home/i-mini900/dog/dog_ws/install/robot
[3.711s] DEBUG:colcon.colcon_core.event_handler.log_command:Invoked command in '/home/i-mini900/dog/dog_ws/build/robot' returned '0': CMAKE_PREFIX_PATH=/home/i-mini900/dog/dog_ws/install/unitree_legged_msgs:/home/i-mini900/imu/colcon_install/unitree_actuator_sdk:/home/i-mini900/class/chapter4/nav_ws/install/localization:/home/i-mini900/class/chapter3/fast_lio_localization/fast_lio_ws/install/sophus:/home/i-mini900/class/chapter3/fast_lio_localization/fast_lio_ws/install/pgo:/home/i-mini900/class/chapter3/fast_lio_localization/fast_lio_ws/install/localizer:/home/i-mini900/class/chapter3/fast_lio_localization/fast_lio_ws/install/fastlio2:/home/i-mini900/class/chapter3/fast_lio_localization/fast_lio_ws/install/livox_ros_driver2:/home/i-mini900/class/chapter3/fast_lio_localization/fast_lio_ws/install/hba:/home/i-mini900/class/chapter3/fast_lio_localization/fast_lio_ws/install/interface:/home/i-mini900/dog/dog_ws/install/robot:/opt/ros/humble LD_LIBRARY_PATH=/home/i-mini900/dog/dog_ws/install/unitree_legged_msgs/lib:/home/i-mini900/imu/colcon_install/unitree_actuator_sdk/lib/unitree_actuator_sdk:/home/i-mini900/class/chapter3/fast_lio_localization/fast_lio_ws/install/livox_ros_driver2/lib:/home/i-mini900/class/chapter3/fast_lio_localization/fast_lio_ws/install/interface/lib:/opt/ros/humble/opt/rviz_ogre_vendor/lib:/opt/ros/humble/lib/x86_64-linux-gnu:/opt/ros/humble/lib /usr/bin/cmake /home/i-mini900/dog/dog_ws/src/robot -DCMAKE_INSTALL_PREFIX=/home/i-mini900/dog/dog_ws/install/robot
[3.712s] DEBUG:colcon.colcon_core.event_handler.log_command:Invoking command in '/home/i-mini900/dog/dog_ws/build/robot': CMAKE_PREFIX_PATH=/home/i-mini900/dog/dog_ws/install/unitree_legged_msgs:/home/i-mini900/imu/colcon_install/unitree_actuator_sdk:/home/i-mini900/class/chapter4/nav_ws/install/localization:/home/i-mini900/class/chapter3/fast_lio_localization/fast_lio_ws/install/sophus:/home/i-mini900/class/chapter3/fast_lio_localization/fast_lio_ws/install/pgo:/home/i-mini900/class/chapter3/fast_lio_localization/fast_lio_ws/install/localizer:/home/i-mini900/class/chapter3/fast_lio_localization/fast_lio_ws/install/fastlio2:/home/i-mini900/class/chapter3/fast_lio_localization/fast_lio_ws/install/livox_ros_driver2:/home/i-mini900/class/chapter3/fast_lio_localization/fast_lio_ws/install/hba:/home/i-mini900/class/chapter3/fast_lio_localization/fast_lio_ws/install/interface:/home/i-mini900/dog/dog_ws/install/robot:/opt/ros/humble LD_LIBRARY_PATH=/home/i-mini900/dog/dog_ws/install/unitree_legged_msgs/lib:/home/i-mini900/imu/colcon_install/unitree_actuator_sdk/lib/unitree_actuator_sdk:/home/i-mini900/class/chapter3/fast_lio_localization/fast_lio_ws/install/livox_ros_driver2/lib:/home/i-mini900/class/chapter3/fast_lio_localization/fast_lio_ws/install/interface/lib:/opt/ros/humble/opt/rviz_ogre_vendor/lib:/opt/ros/humble/lib/x86_64-linux-gnu:/opt/ros/humble/lib /usr/bin/cmake --build /home/i-mini900/dog/dog_ws/build/robot -- -j16 -l16
[3.962s] DEBUG:colcon.colcon_core.event_handler.log_command:Invoked command in '/home/i-mini900/dog/dog_ws/build/robot' returned '0': CMAKE_PREFIX_PATH=/home/i-mini900/dog/dog_ws/install/unitree_legged_msgs:/home/i-mini900/imu/colcon_install/unitree_actuator_sdk:/home/i-mini900/class/chapter4/nav_ws/install/localization:/home/i-mini900/class/chapter3/fast_lio_localization/fast_lio_ws/install/sophus:/home/i-mini900/class/chapter3/fast_lio_localization/fast_lio_ws/install/pgo:/home/i-mini900/class/chapter3/fast_lio_localization/fast_lio_ws/install/localizer:/home/i-mini900/class/chapter3/fast_lio_localization/fast_lio_ws/install/fastlio2:/home/i-mini900/class/chapter3/fast_lio_localization/fast_lio_ws/install/livox_ros_driver2:/home/i-mini900/class/chapter3/fast_lio_localization/fast_lio_ws/install/hba:/home/i-mini900/class/chapter3/fast_lio_localization/fast_lio_ws/install/interface:/home/i-mini900/dog/dog_ws/install/robot:/opt/ros/humble LD_LIBRARY_PATH=/home/i-mini900/dog/dog_ws/install/unitree_legged_msgs/lib:/home/i-mini900/imu/colcon_install/unitree_actuator_sdk/lib/unitree_actuator_sdk:/home/i-mini900/class/chapter3/fast_lio_localization/fast_lio_ws/install/livox_ros_driver2/lib:/home/i-mini900/class/chapter3/fast_lio_localization/fast_lio_ws/install/interface/lib:/opt/ros/humble/opt/rviz_ogre_vendor/lib:/opt/ros/humble/lib/x86_64-linux-gnu:/opt/ros/humble/lib /usr/bin/cmake --build /home/i-mini900/dog/dog_ws/build/robot -- -j16 -l16
[3.963s] DEBUG:colcon.colcon_core.event_handler.log_command:Invoking command in '/home/i-mini900/dog/dog_ws/build/robot': CMAKE_PREFIX_PATH=/home/i-mini900/dog/dog_ws/install/unitree_legged_msgs:/home/i-mini900/imu/colcon_install/unitree_actuator_sdk:/home/i-mini900/class/chapter4/nav_ws/install/localization:/home/i-mini900/class/chapter3/fast_lio_localization/fast_lio_ws/install/sophus:/home/i-mini900/class/chapter3/fast_lio_localization/fast_lio_ws/install/pgo:/home/i-mini900/class/chapter3/fast_lio_localization/fast_lio_ws/install/localizer:/home/i-mini900/class/chapter3/fast_lio_localization/fast_lio_ws/install/fastlio2:/home/i-mini900/class/chapter3/fast_lio_localization/fast_lio_ws/install/livox_ros_driver2:/home/i-mini900/class/chapter3/fast_lio_localization/fast_lio_ws/install/hba:/home/i-mini900/class/chapter3/fast_lio_localization/fast_lio_ws/install/interface:/home/i-mini900/dog/dog_ws/install/robot:/opt/ros/humble LD_LIBRARY_PATH=/home/i-mini900/dog/dog_ws/install/unitree_legged_msgs/lib:/home/i-mini900/imu/colcon_install/unitree_actuator_sdk/lib/unitree_actuator_sdk:/home/i-mini900/class/chapter3/fast_lio_localization/fast_lio_ws/install/livox_ros_driver2/lib:/home/i-mini900/class/chapter3/fast_lio_localization/fast_lio_ws/install/interface/lib:/opt/ros/humble/opt/rviz_ogre_vendor/lib:/opt/ros/humble/lib/x86_64-linux-gnu:/opt/ros/humble/lib /usr/bin/cmake --install /home/i-mini900/dog/dog_ws/build/robot
[4.027s] Level 1:colcon.colcon_core.environment:create_environment_scripts_only(robot)
[4.027s] Level 1:colcon.colcon_core.environment:checking '/home/i-mini900/dog/dog_ws/install/robot' for CMake module files
[4.028s] DEBUG:colcon.colcon_core.event_handler.log_command:Invoked command in '/home/i-mini900/dog/dog_ws/build/robot' returned '0': CMAKE_PREFIX_PATH=/home/i-mini900/dog/dog_ws/install/unitree_legged_msgs:/home/i-mini900/imu/colcon_install/unitree_actuator_sdk:/home/i-mini900/class/chapter4/nav_ws/install/localization:/home/i-mini900/class/chapter3/fast_lio_localization/fast_lio_ws/install/sophus:/home/i-mini900/class/chapter3/fast_lio_localization/fast_lio_ws/install/pgo:/home/i-mini900/class/chapter3/fast_lio_localization/fast_lio_ws/install/localizer:/home/i-mini900/class/chapter3/fast_lio_localization/fast_lio_ws/install/fastlio2:/home/i-mini900/class/chapter3/fast_lio_localization/fast_lio_ws/install/livox_ros_driver2:/home/i-mini900/class/chapter3/fast_lio_localization/fast_lio_ws/install/hba:/home/i-mini900/class/chapter3/fast_lio_localization/fast_lio_ws/install/interface:/home/i-mini900/dog/dog_ws/install/robot:/opt/ros/humble LD_LIBRARY_PATH=/home/i-mini900/dog/dog_ws/install/unitree_legged_msgs/lib:/home/i-mini900/imu/colcon_install/unitree_actuator_sdk/lib/unitree_actuator_sdk:/home/i-mini900/class/chapter3/fast_lio_localization/fast_lio_ws/install/livox_ros_driver2/lib:/home/i-mini900/class/chapter3/fast_lio_localization/fast_lio_ws/install/interface/lib:/opt/ros/humble/opt/rviz_ogre_vendor/lib:/opt/ros/humble/lib/x86_64-linux-gnu:/opt/ros/humble/lib /usr/bin/cmake --install /home/i-mini900/dog/dog_ws/build/robot
[4.028s] Level 1:colcon.colcon_core.environment:checking '/home/i-mini900/dog/dog_ws/install/robot' for CMake config files
[4.028s] Level 1:colcon.colcon_core.shell:create_environment_hook('robot', 'cmake_prefix_path')
[4.028s] INFO:colcon.colcon_core.shell:Creating environment hook '/home/i-mini900/dog/dog_ws/install/robot/share/robot/hook/cmake_prefix_path.ps1'
[4.028s] INFO:colcon.colcon_core.shell:Creating environment descriptor '/home/i-mini900/dog/dog_ws/install/robot/share/robot/hook/cmake_prefix_path.dsv'
[4.029s] INFO:colcon.colcon_core.shell:Creating environment hook '/home/i-mini900/dog/dog_ws/install/robot/share/robot/hook/cmake_prefix_path.sh'
[4.029s] Level 1:colcon.colcon_core.environment:checking '/home/i-mini900/dog/dog_ws/install/robot/lib'
[4.029s] Level 1:colcon.colcon_core.environment:checking '/home/i-mini900/dog/dog_ws/install/robot/bin'
[4.029s] Level 1:colcon.colcon_core.environment:checking '/home/i-mini900/dog/dog_ws/install/robot/lib/pkgconfig/robot.pc'
[4.029s] Level 1:colcon.colcon_core.environment:checking '/home/i-mini900/dog/dog_ws/install/robot/lib/python3.10/site-packages'
[4.029s] Level 1:colcon.colcon_core.environment:checking '/home/i-mini900/dog/dog_ws/install/robot/bin'
[4.029s] INFO:colcon.colcon_core.shell:Creating package script '/home/i-mini900/dog/dog_ws/install/robot/share/robot/package.ps1'
[4.030s] INFO:colcon.colcon_core.shell:Creating package descriptor '/home/i-mini900/dog/dog_ws/install/robot/share/robot/package.dsv'
[4.030s] INFO:colcon.colcon_core.shell:Creating package script '/home/i-mini900/dog/dog_ws/install/robot/share/robot/package.sh'
[4.030s] INFO:colcon.colcon_core.shell:Creating package script '/home/i-mini900/dog/dog_ws/install/robot/share/robot/package.bash'
[4.030s] INFO:colcon.colcon_core.shell:Creating package script '/home/i-mini900/dog/dog_ws/install/robot/share/robot/package.zsh'
[4.030s] Level 1:colcon.colcon_core.environment:create_file_with_runtime_dependencies(/home/i-mini900/dog/dog_ws/install/robot/share/colcon-core/packages/robot)
[4.031s] Level 1:colcon.colcon_core.environment:create_environment_scripts_only(robot)
[4.031s] Level 1:colcon.colcon_core.environment:checking '/home/i-mini900/dog/dog_ws/install/robot' for CMake module files
[4.031s] Level 1:colcon.colcon_core.environment:checking '/home/i-mini900/dog/dog_ws/install/robot' for CMake config files
[4.031s] Level 1:colcon.colcon_core.shell:create_environment_hook('robot', 'cmake_prefix_path')
[4.031s] INFO:colcon.colcon_core.shell:Creating environment hook '/home/i-mini900/dog/dog_ws/install/robot/share/robot/hook/cmake_prefix_path.ps1'
[4.031s] INFO:colcon.colcon_core.shell:Creating environment descriptor '/home/i-mini900/dog/dog_ws/install/robot/share/robot/hook/cmake_prefix_path.dsv'
[4.031s] INFO:colcon.colcon_core.shell:Creating environment hook '/home/i-mini900/dog/dog_ws/install/robot/share/robot/hook/cmake_prefix_path.sh'
[4.032s] Level 1:colcon.colcon_core.environment:checking '/home/i-mini900/dog/dog_ws/install/robot/lib'
[4.032s] Level 1:colcon.colcon_core.environment:checking '/home/i-mini900/dog/dog_ws/install/robot/bin'
[4.032s] Level 1:colcon.colcon_core.environment:checking '/home/i-mini900/dog/dog_ws/install/robot/lib/pkgconfig/robot.pc'
[4.032s] Level 1:colcon.colcon_core.environment:checking '/home/i-mini900/dog/dog_ws/install/robot/lib/python3.10/site-packages'
[4.032s] Level 1:colcon.colcon_core.environment:checking '/home/i-mini900/dog/dog_ws/install/robot/bin'
[4.032s] INFO:colcon.colcon_core.shell:Creating package script '/home/i-mini900/dog/dog_ws/install/robot/share/robot/package.ps1'
[4.032s] INFO:colcon.colcon_core.shell:Creating package descriptor '/home/i-mini900/dog/dog_ws/install/robot/share/robot/package.dsv'
[4.033s] INFO:colcon.colcon_core.shell:Creating package script '/home/i-mini900/dog/dog_ws/install/robot/share/robot/package.sh'
[4.033s] INFO:colcon.colcon_core.shell:Creating package script '/home/i-mini900/dog/dog_ws/install/robot/share/robot/package.bash'
[4.033s] INFO:colcon.colcon_core.shell:Creating package script '/home/i-mini900/dog/dog_ws/install/robot/share/robot/package.zsh'
[4.033s] Level 1:colcon.colcon_core.environment:create_file_with_runtime_dependencies(/home/i-mini900/dog/dog_ws/install/robot/share/colcon-core/packages/robot)
[4.033s] DEBUG:colcon.colcon_parallel_executor.executor.parallel:closing loop
[4.034s] DEBUG:colcon.colcon_parallel_executor.executor.parallel:loop closed
[4.034s] DEBUG:colcon.colcon_parallel_executor.executor.parallel:run_until_complete finished with '0'
[4.034s] DEBUG:colcon.colcon_core.event_reactor:joining thread
[4.037s] INFO:colcon.colcon_core.plugin_system:Skipping extension 'colcon_notification.desktop_notification.terminal_notifier': Not used on non-Darwin systems
[4.037s] INFO:colcon.colcon_core.plugin_system:Skipping extension 'colcon_notification.desktop_notification.win32': Not used on non-Windows systems
[4.037s] INFO:colcon.colcon_notification.desktop_notification:Sending desktop notification using 'notify2'
[4.044s] DEBUG:colcon.colcon_core.event_reactor:joined thread
[4.044s] INFO:colcon.colcon_core.shell:Creating prefix script '/home/i-mini900/dog/dog_ws/install/local_setup.ps1'
[4.045s] INFO:colcon.colcon_core.shell:Creating prefix util module '/home/i-mini900/dog/dog_ws/install/_local_setup_util_ps1.py'
[4.046s] INFO:colcon.colcon_core.shell:Creating prefix chain script '/home/i-mini900/dog/dog_ws/install/setup.ps1'
[4.046s] INFO:colcon.colcon_core.shell:Creating prefix script '/home/i-mini900/dog/dog_ws/install/local_setup.sh'
[4.047s] INFO:colcon.colcon_core.shell:Creating prefix util module '/home/i-mini900/dog/dog_ws/install/_local_setup_util_sh.py'
[4.047s] INFO:colcon.colcon_core.shell:Creating prefix chain script '/home/i-mini900/dog/dog_ws/install/setup.sh'
[4.048s] INFO:colcon.colcon_core.shell:Creating prefix script '/home/i-mini900/dog/dog_ws/install/local_setup.bash'
[4.048s] INFO:colcon.colcon_core.shell:Creating prefix chain script '/home/i-mini900/dog/dog_ws/install/setup.bash'
[4.048s] INFO:colcon.colcon_core.shell:Creating prefix script '/home/i-mini900/dog/dog_ws/install/local_setup.zsh'
[4.049s] INFO:colcon.colcon_core.shell:Creating prefix chain script '/home/i-mini900/dog/dog_ws/install/setup.zsh'
