Built target ament_cmake_python_copy_robot
Built target ament_cmake_python_copy_robot_setup
running egg_info
writing robot.egg-info/PKG-INFO
writing dependency_links to robot.egg-info/dependency_links.txt
writing top-level names to robot.egg-info/top_level.txt
reading manifest file 'robot.egg-info/SOURCES.txt'
writing manifest file 'robot.egg-info/SOURCES.txt'
Built target ament_cmake_python_build_robot_egg
-- Install configuration: ""
-- Up-to-date: /home/i-mini900/dog/dog_ws/install/robot/share/robot/environment/pythonpath.sh
-- Up-to-date: /home/i-mini900/dog/dog_ws/install/robot/share/robot/environment/pythonpath.dsv
-- Up-to-date: /home/i-mini900/dog/dog_ws/install/robot/local/lib/python3.10/dist-packages/robot-0.0.0-py3.10.egg-info
-- Installing: /home/i-mini900/dog/dog_ws/install/robot/local/lib/python3.10/dist-packages/robot-0.0.0-py3.10.egg-info/SOURCES.txt
-- Installing: /home/i-mini900/dog/dog_ws/install/robot/local/lib/python3.10/dist-packages/robot-0.0.0-py3.10.egg-info/dependency_links.txt
-- Installing: /home/i-mini900/dog/dog_ws/install/robot/local/lib/python3.10/dist-packages/robot-0.0.0-py3.10.egg-info/top_level.txt
-- Installing: /home/i-mini900/dog/dog_ws/install/robot/local/lib/python3.10/dist-packages/robot-0.0.0-py3.10.egg-info/PKG-INFO
-- Up-to-date: /home/i-mini900/dog/dog_ws/install/robot/local/lib/python3.10/dist-packages/robot
-- Up-to-date: /home/i-mini900/dog/dog_ws/install/robot/local/lib/python3.10/dist-packages/robot/scripts
-- Up-to-date: /home/i-mini900/dog/dog_ws/install/robot/local/lib/python3.10/dist-packages/robot/__init__.py
-- Up-to-date: /home/i-mini900/dog/dog_ws/install/robot/local/lib/python3.10/dist-packages/robot/unitree_go_1.py
-- Up-to-date: /home/i-mini900/dog/dog_ws/install/robot/local/lib/python3.10/dist-packages/robot/node_pub.py
-- Up-to-date: /home/i-mini900/dog/dog_ws/install/robot/local/lib/python3.10/dist-packages/robot/serial_node.py
-- Up-to-date: /home/i-mini900/dog/dog_ws/install/robot/local/lib/python3.10/dist-packages/robot/motor_init2.py
-- Up-to-date: /home/i-mini900/dog/dog_ws/install/robot/local/lib/python3.10/dist-packages/robot/imu_process_node.py
-- Up-to-date: /home/i-mini900/dog/dog_ws/install/robot/local/lib/python3.10/dist-packages/robot/1.py
-- Up-to-date: /home/i-mini900/dog/dog_ws/install/robot/local/lib/python3.10/dist-packages/robot/2.py
-- Up-to-date: /home/i-mini900/dog/dog_ws/install/robot/local/lib/python3.10/dist-packages/robot/manual.py
-- Up-to-date: /home/i-mini900/dog/dog_ws/install/robot/local/lib/python3.10/dist-packages/robot/motor_init.py
Listing '/home/i-mini900/dog/dog_ws/install/robot/local/lib/python3.10/dist-packages/robot'...
Listing '/home/i-mini900/dog/dog_ws/install/robot/local/lib/python3.10/dist-packages/robot/scripts'...
-- Up-to-date: /home/i-mini900/dog/dog_ws/install/robot/lib/robot/
-- Up-to-date: /home/i-mini900/dog/dog_ws/install/robot/lib/robot//libUnitreeMotorSDK_Arm64.so
-- Up-to-date: /home/i-mini900/dog/dog_ws/install/robot/lib/robot//unitree_actuator_sdk.cpython-38-x86_64-linux-gnu.so
-- Up-to-date: /home/i-mini900/dog/dog_ws/install/robot/lib/robot//libUnitreeMotorSDK_Linux64.so
-- Up-to-date: /home/i-mini900/dog/dog_ws/install/robot/lib/robot//unitree_actuator_sdk.so
-- Up-to-date: /home/i-mini900/dog/dog_ws/install/robot/lib/robot/imu_process_node.py
-- Up-to-date: /home/i-mini900/dog/dog_ws/install/robot/lib/robot/unitree_go_1.py
-- Up-to-date: /home/i-mini900/dog/dog_ws/install/robot/lib/robot/manual.py
-- Up-to-date: /home/i-mini900/dog/dog_ws/install/robot/share/robot//launch
-- Installing: /home/i-mini900/dog/dog_ws/install/robot/share/robot//launch/imu_launch.py
-- Up-to-date: /home/i-mini900/dog/dog_ws/install/robot/share/robot//launch/__pycache__
-- Installing: /home/i-mini900/dog/dog_ws/install/robot/share/robot//launch/__pycache__/imu_launch.cpython-310.pyc
-- Up-to-date: /home/i-mini900/dog/dog_ws/install/robot/share/ament_index/resource_index/package_run_dependencies/robot
-- Up-to-date: /home/i-mini900/dog/dog_ws/install/robot/share/ament_index/resource_index/parent_prefix_path/robot
-- Up-to-date: /home/i-mini900/dog/dog_ws/install/robot/share/robot/environment/ament_prefix_path.sh
-- Up-to-date: /home/i-mini900/dog/dog_ws/install/robot/share/robot/environment/ament_prefix_path.dsv
-- Up-to-date: /home/i-mini900/dog/dog_ws/install/robot/share/robot/environment/path.sh
-- Up-to-date: /home/i-mini900/dog/dog_ws/install/robot/share/robot/environment/path.dsv
-- Up-to-date: /home/i-mini900/dog/dog_ws/install/robot/share/robot/local_setup.bash
-- Up-to-date: /home/i-mini900/dog/dog_ws/install/robot/share/robot/local_setup.sh
-- Up-to-date: /home/i-mini900/dog/dog_ws/install/robot/share/robot/local_setup.zsh
-- Up-to-date: /home/i-mini900/dog/dog_ws/install/robot/share/robot/local_setup.dsv
-- Up-to-date: /home/i-mini900/dog/dog_ws/install/robot/share/robot/package.dsv
-- Up-to-date: /home/i-mini900/dog/dog_ws/install/robot/share/ament_index/resource_index/packages/robot
-- Up-to-date: /home/i-mini900/dog/dog_ws/install/robot/share/robot/cmake/robotConfig.cmake
-- Up-to-date: /home/i-mini900/dog/dog_ws/install/robot/share/robot/cmake/robotConfig-version.cmake
-- Up-to-date: /home/i-mini900/dog/dog_ws/install/robot/share/robot/package.xml
