[0.009s] Invoking command in '/home/i-mini900/dog/dog_ws/build/robot': CMAKE_PREFIX_PATH=/home/i-mini900/dog/dog_ws/install/unitree_legged_msgs:/home/i-mini900/imu/colcon_install/unitree_actuator_sdk:/home/i-mini900/class/chapter4/nav_ws/install/localization:/home/i-mini900/class/chapter3/fast_lio_localization/fast_lio_ws/install/sophus:/home/i-mini900/class/chapter3/fast_lio_localization/fast_lio_ws/install/pgo:/home/i-mini900/class/chapter3/fast_lio_localization/fast_lio_ws/install/localizer:/home/i-mini900/class/chapter3/fast_lio_localization/fast_lio_ws/install/fastlio2:/home/i-mini900/class/chapter3/fast_lio_localization/fast_lio_ws/install/livox_ros_driver2:/home/i-mini900/class/chapter3/fast_lio_localization/fast_lio_ws/install/hba:/home/i-mini900/class/chapter3/fast_lio_localization/fast_lio_ws/install/interface:/home/i-mini900/dog/dog_ws/install/robot:/opt/ros/humble LD_LIBRARY_PATH=/home/i-mini900/dog/dog_ws/install/unitree_legged_msgs/lib:/home/i-mini900/imu/colcon_install/unitree_actuator_sdk/lib/unitree_actuator_sdk:/home/i-mini900/imu/colcon_install/unitree_actuator_sdk/lib/unitree_actuator_sdk:/home/i-mini900/class/chapter3/fast_lio_localization/fast_lio_ws/install/livox_ros_driver2/lib:/home/i-mini900/class/chapter3/fast_lio_localization/fast_lio_ws/install/interface/lib:/opt/ros/humble/opt/rviz_ogre_vendor/lib:/opt/ros/humble/lib/x86_64-linux-gnu:/opt/ros/humble/lib /usr/bin/cmake --build /home/i-mini900/dog/dog_ws/build/robot -- -j16 -l16
[0.062s] Built target ament_cmake_python_copy_robot
[0.062s] Built target ament_cmake_python_copy_robot_setup
[0.225s] running egg_info
[0.226s] writing robot.egg-info/PKG-INFO
[0.226s] writing dependency_links to robot.egg-info/dependency_links.txt
[0.226s] writing top-level names to robot.egg-info/top_level.txt
[0.227s] reading manifest file 'robot.egg-info/SOURCES.txt'
[0.228s] writing manifest file 'robot.egg-info/SOURCES.txt'
[0.247s] Built target ament_cmake_python_build_robot_egg
[0.259s] Invoked command in '/home/i-mini900/dog/dog_ws/build/robot' returned '0': CMAKE_PREFIX_PATH=/home/i-mini900/dog/dog_ws/install/unitree_legged_msgs:/home/i-mini900/imu/colcon_install/unitree_actuator_sdk:/home/i-mini900/class/chapter4/nav_ws/install/localization:/home/i-mini900/class/chapter3/fast_lio_localization/fast_lio_ws/install/sophus:/home/i-mini900/class/chapter3/fast_lio_localization/fast_lio_ws/install/pgo:/home/i-mini900/class/chapter3/fast_lio_localization/fast_lio_ws/install/localizer:/home/i-mini900/class/chapter3/fast_lio_localization/fast_lio_ws/install/fastlio2:/home/i-mini900/class/chapter3/fast_lio_localization/fast_lio_ws/install/livox_ros_driver2:/home/i-mini900/class/chapter3/fast_lio_localization/fast_lio_ws/install/hba:/home/i-mini900/class/chapter3/fast_lio_localization/fast_lio_ws/install/interface:/home/i-mini900/dog/dog_ws/install/robot:/opt/ros/humble LD_LIBRARY_PATH=/home/i-mini900/dog/dog_ws/install/unitree_legged_msgs/lib:/home/i-mini900/imu/colcon_install/unitree_actuator_sdk/lib/unitree_actuator_sdk:/home/i-mini900/imu/colcon_install/unitree_actuator_sdk/lib/unitree_actuator_sdk:/home/i-mini900/class/chapter3/fast_lio_localization/fast_lio_ws/install/livox_ros_driver2/lib:/home/i-mini900/class/chapter3/fast_lio_localization/fast_lio_ws/install/interface/lib:/opt/ros/humble/opt/rviz_ogre_vendor/lib:/opt/ros/humble/lib/x86_64-linux-gnu:/opt/ros/humble/lib /usr/bin/cmake --build /home/i-mini900/dog/dog_ws/build/robot -- -j16 -l16
[0.260s] Invoking command in '/home/i-mini900/dog/dog_ws/build/robot': CMAKE_PREFIX_PATH=/home/i-mini900/dog/dog_ws/install/unitree_legged_msgs:/home/i-mini900/imu/colcon_install/unitree_actuator_sdk:/home/i-mini900/class/chapter4/nav_ws/install/localization:/home/i-mini900/class/chapter3/fast_lio_localization/fast_lio_ws/install/sophus:/home/i-mini900/class/chapter3/fast_lio_localization/fast_lio_ws/install/pgo:/home/i-mini900/class/chapter3/fast_lio_localization/fast_lio_ws/install/localizer:/home/i-mini900/class/chapter3/fast_lio_localization/fast_lio_ws/install/fastlio2:/home/i-mini900/class/chapter3/fast_lio_localization/fast_lio_ws/install/livox_ros_driver2:/home/i-mini900/class/chapter3/fast_lio_localization/fast_lio_ws/install/hba:/home/i-mini900/class/chapter3/fast_lio_localization/fast_lio_ws/install/interface:/home/i-mini900/dog/dog_ws/install/robot:/opt/ros/humble LD_LIBRARY_PATH=/home/i-mini900/dog/dog_ws/install/unitree_legged_msgs/lib:/home/i-mini900/imu/colcon_install/unitree_actuator_sdk/lib/unitree_actuator_sdk:/home/i-mini900/imu/colcon_install/unitree_actuator_sdk/lib/unitree_actuator_sdk:/home/i-mini900/class/chapter3/fast_lio_localization/fast_lio_ws/install/livox_ros_driver2/lib:/home/i-mini900/class/chapter3/fast_lio_localization/fast_lio_ws/install/interface/lib:/opt/ros/humble/opt/rviz_ogre_vendor/lib:/opt/ros/humble/lib/x86_64-linux-gnu:/opt/ros/humble/lib /usr/bin/cmake --install /home/i-mini900/dog/dog_ws/build/robot
[0.266s] -- Install configuration: ""
[0.266s] -- Up-to-date: /home/i-mini900/dog/dog_ws/install/robot/share/robot/environment/pythonpath.sh
[0.266s] -- Up-to-date: /home/i-mini900/dog/dog_ws/install/robot/share/robot/environment/pythonpath.dsv
[0.266s] -- Up-to-date: /home/i-mini900/dog/dog_ws/install/robot/local/lib/python3.10/dist-packages/robot-0.0.0-py3.10.egg-info
[0.266s] -- Installing: /home/i-mini900/dog/dog_ws/install/robot/local/lib/python3.10/dist-packages/robot-0.0.0-py3.10.egg-info/SOURCES.txt
[0.266s] -- Installing: /home/i-mini900/dog/dog_ws/install/robot/local/lib/python3.10/dist-packages/robot-0.0.0-py3.10.egg-info/dependency_links.txt
[0.266s] -- Installing: /home/i-mini900/dog/dog_ws/install/robot/local/lib/python3.10/dist-packages/robot-0.0.0-py3.10.egg-info/top_level.txt
[0.267s] -- Installing: /home/i-mini900/dog/dog_ws/install/robot/local/lib/python3.10/dist-packages/robot-0.0.0-py3.10.egg-info/PKG-INFO
[0.267s] -- Up-to-date: /home/i-mini900/dog/dog_ws/install/robot/local/lib/python3.10/dist-packages/robot
[0.267s] -- Up-to-date: /home/i-mini900/dog/dog_ws/install/robot/local/lib/python3.10/dist-packages/robot/scripts
[0.267s] -- Up-to-date: /home/i-mini900/dog/dog_ws/install/robot/local/lib/python3.10/dist-packages/robot/__init__.py
[0.267s] -- Up-to-date: /home/i-mini900/dog/dog_ws/install/robot/local/lib/python3.10/dist-packages/robot/unitree_go_1.py
[0.267s] -- Up-to-date: /home/i-mini900/dog/dog_ws/install/robot/local/lib/python3.10/dist-packages/robot/node_pub.py
[0.267s] -- Up-to-date: /home/i-mini900/dog/dog_ws/install/robot/local/lib/python3.10/dist-packages/robot/serial_node.py
[0.267s] -- Up-to-date: /home/i-mini900/dog/dog_ws/install/robot/local/lib/python3.10/dist-packages/robot/motor_init2.py
[0.267s] -- Up-to-date: /home/i-mini900/dog/dog_ws/install/robot/local/lib/python3.10/dist-packages/robot/imu_process_node.py
[0.267s] -- Up-to-date: /home/i-mini900/dog/dog_ws/install/robot/local/lib/python3.10/dist-packages/robot/1.py
[0.267s] -- Up-to-date: /home/i-mini900/dog/dog_ws/install/robot/local/lib/python3.10/dist-packages/robot/2.py
[0.267s] -- Up-to-date: /home/i-mini900/dog/dog_ws/install/robot/local/lib/python3.10/dist-packages/robot/manual.py
[0.267s] -- Up-to-date: /home/i-mini900/dog/dog_ws/install/robot/local/lib/python3.10/dist-packages/robot/motor_init.py
[0.293s] Listing '/home/i-mini900/dog/dog_ws/install/robot/local/lib/python3.10/dist-packages/robot'...
[0.293s] Listing '/home/i-mini900/dog/dog_ws/install/robot/local/lib/python3.10/dist-packages/robot/scripts'...
[0.296s] -- Up-to-date: /home/i-mini900/dog/dog_ws/install/robot/lib/robot/
[0.296s] -- Up-to-date: /home/i-mini900/dog/dog_ws/install/robot/lib/robot//libUnitreeMotorSDK_Arm64.so
[0.297s] -- Up-to-date: /home/i-mini900/dog/dog_ws/install/robot/lib/robot//unitree_actuator_sdk.cpython-38-x86_64-linux-gnu.so
[0.297s] -- Up-to-date: /home/i-mini900/dog/dog_ws/install/robot/lib/robot//libUnitreeMotorSDK_Linux64.so
[0.297s] -- Up-to-date: /home/i-mini900/dog/dog_ws/install/robot/lib/robot//unitree_actuator_sdk.so
[0.297s] -- Up-to-date: /home/i-mini900/dog/dog_ws/install/robot/lib/robot/imu_process_node.py
[0.297s] -- Up-to-date: /home/i-mini900/dog/dog_ws/install/robot/lib/robot/unitree_go_1.py
[0.297s] -- Up-to-date: /home/i-mini900/dog/dog_ws/install/robot/lib/robot/manual.py
[0.297s] -- Up-to-date: /home/i-mini900/dog/dog_ws/install/robot/share/robot//launch
[0.297s] -- Installing: /home/i-mini900/dog/dog_ws/install/robot/share/robot//launch/imu_launch.py
[0.297s] -- Up-to-date: /home/i-mini900/dog/dog_ws/install/robot/share/robot//launch/__pycache__
[0.297s] -- Installing: /home/i-mini900/dog/dog_ws/install/robot/share/robot//launch/__pycache__/imu_launch.cpython-310.pyc
[0.297s] -- Up-to-date: /home/i-mini900/dog/dog_ws/install/robot/share/ament_index/resource_index/package_run_dependencies/robot
[0.297s] -- Up-to-date: /home/i-mini900/dog/dog_ws/install/robot/share/ament_index/resource_index/parent_prefix_path/robot
[0.297s] -- Up-to-date: /home/i-mini900/dog/dog_ws/install/robot/share/robot/environment/ament_prefix_path.sh
[0.297s] -- Up-to-date: /home/i-mini900/dog/dog_ws/install/robot/share/robot/environment/ament_prefix_path.dsv
[0.297s] -- Up-to-date: /home/i-mini900/dog/dog_ws/install/robot/share/robot/environment/path.sh
[0.297s] -- Up-to-date: /home/i-mini900/dog/dog_ws/install/robot/share/robot/environment/path.dsv
[0.297s] -- Up-to-date: /home/i-mini900/dog/dog_ws/install/robot/share/robot/local_setup.bash
[0.297s] -- Up-to-date: /home/i-mini900/dog/dog_ws/install/robot/share/robot/local_setup.sh
[0.297s] -- Up-to-date: /home/i-mini900/dog/dog_ws/install/robot/share/robot/local_setup.zsh
[0.298s] -- Up-to-date: /home/i-mini900/dog/dog_ws/install/robot/share/robot/local_setup.dsv
[0.298s] -- Up-to-date: /home/i-mini900/dog/dog_ws/install/robot/share/robot/package.dsv
[0.298s] -- Up-to-date: /home/i-mini900/dog/dog_ws/install/robot/share/ament_index/resource_index/packages/robot
[0.298s] -- Up-to-date: /home/i-mini900/dog/dog_ws/install/robot/share/robot/cmake/robotConfig.cmake
[0.298s] -- Up-to-date: /home/i-mini900/dog/dog_ws/install/robot/share/robot/cmake/robotConfig-version.cmake
[0.298s] -- Up-to-date: /home/i-mini900/dog/dog_ws/install/robot/share/robot/package.xml
[0.300s] Invoked command in '/home/i-mini900/dog/dog_ws/build/robot' returned '0': CMAKE_PREFIX_PATH=/home/i-mini900/dog/dog_ws/install/unitree_legged_msgs:/home/i-mini900/imu/colcon_install/unitree_actuator_sdk:/home/i-mini900/class/chapter4/nav_ws/install/localization:/home/i-mini900/class/chapter3/fast_lio_localization/fast_lio_ws/install/sophus:/home/i-mini900/class/chapter3/fast_lio_localization/fast_lio_ws/install/pgo:/home/i-mini900/class/chapter3/fast_lio_localization/fast_lio_ws/install/localizer:/home/i-mini900/class/chapter3/fast_lio_localization/fast_lio_ws/install/fastlio2:/home/i-mini900/class/chapter3/fast_lio_localization/fast_lio_ws/install/livox_ros_driver2:/home/i-mini900/class/chapter3/fast_lio_localization/fast_lio_ws/install/hba:/home/i-mini900/class/chapter3/fast_lio_localization/fast_lio_ws/install/interface:/home/i-mini900/dog/dog_ws/install/robot:/opt/ros/humble LD_LIBRARY_PATH=/home/i-mini900/dog/dog_ws/install/unitree_legged_msgs/lib:/home/i-mini900/imu/colcon_install/unitree_actuator_sdk/lib/unitree_actuator_sdk:/home/i-mini900/imu/colcon_install/unitree_actuator_sdk/lib/unitree_actuator_sdk:/home/i-mini900/class/chapter3/fast_lio_localization/fast_lio_ws/install/livox_ros_driver2/lib:/home/i-mini900/class/chapter3/fast_lio_localization/fast_lio_ws/install/interface/lib:/opt/ros/humble/opt/rviz_ogre_vendor/lib:/opt/ros/humble/lib/x86_64-linux-gnu:/opt/ros/humble/lib /usr/bin/cmake --install /home/i-mini900/dog/dog_ws/build/robot
