-- Found ament_cmake: 1.3.12 (/opt/ros/humble/share/ament_cmake/cmake)
-- Found rclpy: 3.3.19 (/opt/ros/humble/share/rclpy/cmake)
-- Found std_msgs: 4.9.0 (/opt/ros/humble/share/std_msgs/cmake)
-- Found rosidl_generator_c: 3.1.7 (/opt/ros/humble/share/rosidl_generator_c/cmake)
-- Found rosidl_adapter: 3.1.7 (/opt/ros/humble/share/rosidl_adapter/cmake)
-- Found rosidl_generator_cpp: 3.1.7 (/opt/ros/humble/share/rosidl_generator_cpp/cmake)
-- Using all available rosidl_typesupport_c: rosidl_typesupport_fastrtps_c;rosidl_typesupport_introspection_c
-- Using all available rosidl_typesupport_cpp: rosidl_typesupport_fastrtps_cpp;rosidl_typesupport_introspection_cpp
-- Found ament_lint_auto: 0.12.14 (/opt/ros/humble/share/ament_lint_auto/cmake)
-- Added test 'copyright' to check source files copyright and LICENSE
-- Added test 'flake8' to check Python code syntax and style conventions
-- Added test 'lint_cmake' to check CMake code style
-- Added test 'pep257' to check Python code against some of the docstring style conventions in PEP 257
-- Added test 'xmllint' to check XML markup files
-- Configuring done
-- Generating done
-- Build files have been written to: /home/i-mini900/dog/dog_ws/build/robot
Built target ament_cmake_python_copy_robot
Built target ament_cmake_python_copy_robot_setup
running egg_info
writing robot.egg-info/PKG-INFO
writing dependency_links to robot.egg-info/dependency_links.txt
writing top-level names to robot.egg-info/top_level.txt
reading manifest file 'robot.egg-info/SOURCES.txt'
writing manifest file 'robot.egg-info/SOURCES.txt'
Built target ament_cmake_python_build_robot_egg
-- Install configuration: ""
-- Up-to-date: /home/i-mini900/dog/dog_ws/install/robot/share/robot/environment/pythonpath.sh
-- Installing: /home/i-mini900/dog/dog_ws/install/robot/share/robot/environment/pythonpath.dsv
-- Up-to-date: /home/i-mini900/dog/dog_ws/install/robot/local/lib/python3.10/dist-packages/robot-0.0.0-py3.10.egg-info
-- Installing: /home/i-mini900/dog/dog_ws/install/robot/local/lib/python3.10/dist-packages/robot-0.0.0-py3.10.egg-info/SOURCES.txt
-- Installing: /home/i-mini900/dog/dog_ws/install/robot/local/lib/python3.10/dist-packages/robot-0.0.0-py3.10.egg-info/dependency_links.txt
-- Installing: /home/i-mini900/dog/dog_ws/install/robot/local/lib/python3.10/dist-packages/robot-0.0.0-py3.10.egg-info/top_level.txt
-- Installing: /home/i-mini900/dog/dog_ws/install/robot/local/lib/python3.10/dist-packages/robot-0.0.0-py3.10.egg-info/PKG-INFO
-- Up-to-date: /home/i-mini900/dog/dog_ws/install/robot/local/lib/python3.10/dist-packages/robot
-- Up-to-date: /home/i-mini900/dog/dog_ws/install/robot/local/lib/python3.10/dist-packages/robot/scripts
-- Up-to-date: /home/i-mini900/dog/dog_ws/install/robot/local/lib/python3.10/dist-packages/robot/__init__.py
-- Up-to-date: /home/i-mini900/dog/dog_ws/install/robot/local/lib/python3.10/dist-packages/robot/unitree_go_1.py
-- Up-to-date: /home/i-mini900/dog/dog_ws/install/robot/local/lib/python3.10/dist-packages/robot/node_pub.py
-- Up-to-date: /home/i-mini900/dog/dog_ws/install/robot/local/lib/python3.10/dist-packages/robot/serial_node.py
-- Up-to-date: /home/i-mini900/dog/dog_ws/install/robot/local/lib/python3.10/dist-packages/robot/motor_init2.py
-- Up-to-date: /home/i-mini900/dog/dog_ws/install/robot/local/lib/python3.10/dist-packages/robot/imu_process_node.py
-- Up-to-date: /home/i-mini900/dog/dog_ws/install/robot/local/lib/python3.10/dist-packages/robot/1.py
-- Up-to-date: /home/i-mini900/dog/dog_ws/install/robot/local/lib/python3.10/dist-packages/robot/2.py
-- Up-to-date: /home/i-mini900/dog/dog_ws/install/robot/local/lib/python3.10/dist-packages/robot/manual.py
-- Up-to-date: /home/i-mini900/dog/dog_ws/install/robot/local/lib/python3.10/dist-packages/robot/motor_init.py
Listing '/home/i-mini900/dog/dog_ws/install/robot/local/lib/python3.10/dist-packages/robot'...
Listing '/home/i-mini900/dog/dog_ws/install/robot/local/lib/python3.10/dist-packages/robot/scripts'...
-- Up-to-date: /home/i-mini900/dog/dog_ws/install/robot/lib/robot/
-- Up-to-date: /home/i-mini900/dog/dog_ws/install/robot/lib/robot//libUnitreeMotorSDK_Arm64.so
-- Up-to-date: /home/i-mini900/dog/dog_ws/install/robot/lib/robot//unitree_actuator_sdk.cpython-38-x86_64-linux-gnu.so
-- Up-to-date: /home/i-mini900/dog/dog_ws/install/robot/lib/robot//libUnitreeMotorSDK_Linux64.so
-- Up-to-date: /home/i-mini900/dog/dog_ws/install/robot/lib/robot//unitree_actuator_sdk.so
-- Up-to-date: /home/i-mini900/dog/dog_ws/install/robot/lib/robot/imu_process_node.py
-- Up-to-date: /home/i-mini900/dog/dog_ws/install/robot/lib/robot/unitree_go_1.py
-- Installing: /home/i-mini900/dog/dog_ws/install/robot/lib/robot/manual.py
-- Up-to-date: /home/i-mini900/dog/dog_ws/install/robot/share/robot//launch
-- Up-to-date: /home/i-mini900/dog/dog_ws/install/robot/share/robot//launch/imu_launch.py
-- Up-to-date: /home/i-mini900/dog/dog_ws/install/robot/share/robot//launch/__pycache__
-- Installing: /home/i-mini900/dog/dog_ws/install/robot/share/robot//launch/__pycache__/imu_launch.cpython-310.pyc
-- Up-to-date: /home/i-mini900/dog/dog_ws/install/robot/share/ament_index/resource_index/package_run_dependencies/robot
-- Up-to-date: /home/i-mini900/dog/dog_ws/install/robot/share/ament_index/resource_index/parent_prefix_path/robot
-- Up-to-date: /home/i-mini900/dog/dog_ws/install/robot/share/robot/environment/ament_prefix_path.sh
-- Installing: /home/i-mini900/dog/dog_ws/install/robot/share/robot/environment/ament_prefix_path.dsv
-- Up-to-date: /home/i-mini900/dog/dog_ws/install/robot/share/robot/environment/path.sh
-- Installing: /home/i-mini900/dog/dog_ws/install/robot/share/robot/environment/path.dsv
-- Up-to-date: /home/i-mini900/dog/dog_ws/install/robot/share/robot/local_setup.bash
-- Up-to-date: /home/i-mini900/dog/dog_ws/install/robot/share/robot/local_setup.sh
-- Up-to-date: /home/i-mini900/dog/dog_ws/install/robot/share/robot/local_setup.zsh
-- Installing: /home/i-mini900/dog/dog_ws/install/robot/share/robot/local_setup.dsv
-- Installing: /home/i-mini900/dog/dog_ws/install/robot/share/robot/package.dsv
-- Up-to-date: /home/i-mini900/dog/dog_ws/install/robot/share/ament_index/resource_index/packages/robot
-- Up-to-date: /home/i-mini900/dog/dog_ws/install/robot/share/robot/cmake/robotConfig.cmake
-- Up-to-date: /home/i-mini900/dog/dog_ws/install/robot/share/robot/cmake/robotConfig-version.cmake
-- Up-to-date: /home/i-mini900/dog/dog_ws/install/robot/share/robot/package.xml
