-- The C compiler identification is GNU 11.4.0
-- The CXX compiler identification is GNU 11.4.0
-- Detecting C compiler ABI info
-- Detecting C compiler ABI info - done
-- Check for working C compiler: /usr/bin/cc - skipped
-- Detecting C compile features
-- Detecting C compile features - done
-- Detecting CXX compiler ABI info
-- Detecting CXX compiler ABI info - done
-- Check for working CXX compiler: /usr/bin/c++ - skipped
-- Detecting CXX compile features
-- Detecting CXX compile features - done
-- Found ament_cmake: 1.3.12 (/opt/ros/humble/share/ament_cmake/cmake)
-- Found Python3: /usr/bin/python3 (found version "3.10.12") found components: Interpreter 
-- Found rclpy: 3.3.19 (/opt/ros/humble/share/rclpy/cmake)
-- Found std_msgs: 4.9.0 (/opt/ros/humble/share/std_msgs/cmake)
-- Found rosidl_generator_c: 3.1.7 (/opt/ros/humble/share/rosidl_generator_c/cmake)
-- Found rosidl_adapter: 3.1.7 (/opt/ros/humble/share/rosidl_adapter/cmake)
-- Found rosidl_generator_cpp: 3.1.7 (/opt/ros/humble/share/rosidl_generator_cpp/cmake)
-- Using all available rosidl_typesupport_c: rosidl_typesupport_fastrtps_c;rosidl_typesupport_introspection_c
-- Using all available rosidl_typesupport_cpp: rosidl_typesupport_fastrtps_cpp;rosidl_typesupport_introspection_cpp
-- Found ament_lint_auto: 0.12.14 (/opt/ros/humble/share/ament_lint_auto/cmake)
-- Added test 'copyright' to check source files copyright and LICENSE
-- Added test 'flake8' to check Python code syntax and style conventions
-- Added test 'lint_cmake' to check CMake code style
-- Added test 'pep257' to check Python code against some of the docstring style conventions in PEP 257
-- Added test 'xmllint' to check XML markup files
-- Configuring done
-- Generating done
-- Build files have been written to: /home/i-mini900/dog/dog_ws/build/robot
Built target ament_cmake_python_copy_robot_setup
Built target ament_cmake_python_copy_robot
running egg_info
creating robot.egg-info
writing robot.egg-info/PKG-INFO
writing dependency_links to robot.egg-info/dependency_links.txt
writing top-level names to robot.egg-info/top_level.txt
writing manifest file 'robot.egg-info/SOURCES.txt'
reading manifest file 'robot.egg-info/SOURCES.txt'
writing manifest file 'robot.egg-info/SOURCES.txt'
Built target ament_cmake_python_build_robot_egg
-- Install configuration: ""
-- Installing: /home/i-mini900/dog/dog_ws/install/robot/share/robot/environment/pythonpath.sh
-- Installing: /home/i-mini900/dog/dog_ws/install/robot/share/robot/environment/pythonpath.dsv
-- Installing: /home/i-mini900/dog/dog_ws/install/robot/local/lib/python3.10/dist-packages/robot-0.0.0-py3.10.egg-info
-- Installing: /home/i-mini900/dog/dog_ws/install/robot/local/lib/python3.10/dist-packages/robot-0.0.0-py3.10.egg-info/SOURCES.txt
-- Installing: /home/i-mini900/dog/dog_ws/install/robot/local/lib/python3.10/dist-packages/robot-0.0.0-py3.10.egg-info/dependency_links.txt
-- Installing: /home/i-mini900/dog/dog_ws/install/robot/local/lib/python3.10/dist-packages/robot-0.0.0-py3.10.egg-info/top_level.txt
-- Installing: /home/i-mini900/dog/dog_ws/install/robot/local/lib/python3.10/dist-packages/robot-0.0.0-py3.10.egg-info/PKG-INFO
-- Installing: /home/i-mini900/dog/dog_ws/install/robot/local/lib/python3.10/dist-packages/robot
-- Installing: /home/i-mini900/dog/dog_ws/install/robot/local/lib/python3.10/dist-packages/robot/scripts
-- Installing: /home/i-mini900/dog/dog_ws/install/robot/local/lib/python3.10/dist-packages/robot/__init__.py
-- Installing: /home/i-mini900/dog/dog_ws/install/robot/local/lib/python3.10/dist-packages/robot/unitree_go_1.py
-- Installing: /home/i-mini900/dog/dog_ws/install/robot/local/lib/python3.10/dist-packages/robot/node_pub.py
-- Installing: /home/i-mini900/dog/dog_ws/install/robot/local/lib/python3.10/dist-packages/robot/serial_node.py
-- Installing: /home/i-mini900/dog/dog_ws/install/robot/local/lib/python3.10/dist-packages/robot/motor_init2.py
-- Installing: /home/i-mini900/dog/dog_ws/install/robot/local/lib/python3.10/dist-packages/robot/imu_process_node.py
-- Installing: /home/i-mini900/dog/dog_ws/install/robot/local/lib/python3.10/dist-packages/robot/1.py
-- Installing: /home/i-mini900/dog/dog_ws/install/robot/local/lib/python3.10/dist-packages/robot/2.py
-- Installing: /home/i-mini900/dog/dog_ws/install/robot/local/lib/python3.10/dist-packages/robot/manual.py
-- Installing: /home/i-mini900/dog/dog_ws/install/robot/local/lib/python3.10/dist-packages/robot/motor_init.py
Listing '/home/i-mini900/dog/dog_ws/install/robot/local/lib/python3.10/dist-packages/robot'...
Compiling '/home/i-mini900/dog/dog_ws/install/robot/local/lib/python3.10/dist-packages/robot/1.py'...
Compiling '/home/i-mini900/dog/dog_ws/install/robot/local/lib/python3.10/dist-packages/robot/2.py'...
Compiling '/home/i-mini900/dog/dog_ws/install/robot/local/lib/python3.10/dist-packages/robot/__init__.py'...
Compiling '/home/i-mini900/dog/dog_ws/install/robot/local/lib/python3.10/dist-packages/robot/imu_process_node.py'...
Compiling '/home/i-mini900/dog/dog_ws/install/robot/local/lib/python3.10/dist-packages/robot/manual.py'...
Compiling '/home/i-mini900/dog/dog_ws/install/robot/local/lib/python3.10/dist-packages/robot/motor_init.py'...
Compiling '/home/i-mini900/dog/dog_ws/install/robot/local/lib/python3.10/dist-packages/robot/motor_init2.py'...
Compiling '/home/i-mini900/dog/dog_ws/install/robot/local/lib/python3.10/dist-packages/robot/node_pub.py'...
Listing '/home/i-mini900/dog/dog_ws/install/robot/local/lib/python3.10/dist-packages/robot/scripts'...
Compiling '/home/i-mini900/dog/dog_ws/install/robot/local/lib/python3.10/dist-packages/robot/serial_node.py'...
Compiling '/home/i-mini900/dog/dog_ws/install/robot/local/lib/python3.10/dist-packages/robot/unitree_go_1.py'...
-- Installing: /home/i-mini900/dog/dog_ws/install/robot/lib/robot/
-- Installing: /home/i-mini900/dog/dog_ws/install/robot/lib/robot//libUnitreeMotorSDK_Arm64.so
-- Installing: /home/i-mini900/dog/dog_ws/install/robot/lib/robot//unitree_actuator_sdk.cpython-38-x86_64-linux-gnu.so
-- Installing: /home/i-mini900/dog/dog_ws/install/robot/lib/robot//libUnitreeMotorSDK_Linux64.so
-- Installing: /home/i-mini900/dog/dog_ws/install/robot/lib/robot//unitree_actuator_sdk.so
-- Installing: /home/i-mini900/dog/dog_ws/install/robot/lib/robot/imu_process_node.py
-- Installing: /home/i-mini900/dog/dog_ws/install/robot/lib/robot/unitree_go_1.py
-- Installing: /home/i-mini900/dog/dog_ws/install/robot/share/robot//launch
-- Installing: /home/i-mini900/dog/dog_ws/install/robot/share/robot//launch/imu_launch.py
-- Installing: /home/i-mini900/dog/dog_ws/install/robot/share/robot//launch/__pycache__
-- Installing: /home/i-mini900/dog/dog_ws/install/robot/share/robot//launch/__pycache__/imu_launch.cpython-310.pyc
-- Installing: /home/i-mini900/dog/dog_ws/install/robot/share/ament_index/resource_index/package_run_dependencies/robot
-- Installing: /home/i-mini900/dog/dog_ws/install/robot/share/ament_index/resource_index/parent_prefix_path/robot
-- Installing: /home/i-mini900/dog/dog_ws/install/robot/share/robot/environment/ament_prefix_path.sh
-- Installing: /home/i-mini900/dog/dog_ws/install/robot/share/robot/environment/ament_prefix_path.dsv
-- Installing: /home/i-mini900/dog/dog_ws/install/robot/share/robot/environment/path.sh
-- Installing: /home/i-mini900/dog/dog_ws/install/robot/share/robot/environment/path.dsv
-- Installing: /home/i-mini900/dog/dog_ws/install/robot/share/robot/local_setup.bash
-- Installing: /home/i-mini900/dog/dog_ws/install/robot/share/robot/local_setup.sh
-- Installing: /home/i-mini900/dog/dog_ws/install/robot/share/robot/local_setup.zsh
-- Installing: /home/i-mini900/dog/dog_ws/install/robot/share/robot/local_setup.dsv
-- Installing: /home/i-mini900/dog/dog_ws/install/robot/share/robot/package.dsv
-- Installing: /home/i-mini900/dog/dog_ws/install/robot/share/ament_index/resource_index/packages/robot
-- Installing: /home/i-mini900/dog/dog_ws/install/robot/share/robot/cmake/robotConfig.cmake
-- Installing: /home/i-mini900/dog/dog_ws/install/robot/share/robot/cmake/robotConfig-version.cmake
-- Installing: /home/i-mini900/dog/dog_ws/install/robot/share/robot/package.xml
