[0.010s] Invoking command in '/home/i-mini900/dog/dog_ws/build/robot': CMAKE_PREFIX_PATH=/home/i-mini900/dog/dog_ws/install/unitree_legged_msgs:/home/i-mini900/imu/colcon_install/unitree_actuator_sdk:/home/i-mini900/class/chapter4/nav_ws/install/localization:/home/i-mini900/class/chapter3/fast_lio_localization/fast_lio_ws/install/sophus:/home/i-mini900/class/chapter3/fast_lio_localization/fast_lio_ws/install/pgo:/home/i-mini900/class/chapter3/fast_lio_localization/fast_lio_ws/install/localizer:/home/i-mini900/class/chapter3/fast_lio_localization/fast_lio_ws/install/fastlio2:/home/i-mini900/class/chapter3/fast_lio_localization/fast_lio_ws/install/livox_ros_driver2:/home/i-mini900/class/chapter3/fast_lio_localization/fast_lio_ws/install/hba:/home/i-mini900/class/chapter3/fast_lio_localization/fast_lio_ws/install/interface:/home/i-mini900/dog/dog_ws/install/robot:/opt/ros/humble LD_LIBRARY_PATH=/home/i-mini900/dog/dog_ws/install/unitree_legged_msgs/lib:/home/i-mini900/imu/colcon_install/unitree_actuator_sdk/lib/unitree_actuator_sdk:/home/i-mini900/class/chapter3/fast_lio_localization/fast_lio_ws/install/livox_ros_driver2/lib:/home/i-mini900/class/chapter3/fast_lio_localization/fast_lio_ws/install/interface/lib:/opt/ros/humble/opt/rviz_ogre_vendor/lib:/opt/ros/humble/lib/x86_64-linux-gnu:/opt/ros/humble/lib /usr/bin/cmake /home/i-mini900/dog/dog_ws/src/robot -DCMAKE_INSTALL_PREFIX=/home/i-mini900/dog/dog_ws/install/robot
[0.052s] -- The C compiler identification is GNU 11.4.0
[0.094s] -- The CXX compiler identification is GNU 11.4.0
[0.100s] -- Detecting C compiler ABI info
[0.159s] -- Detecting C compiler ABI info - done
[0.164s] -- Check for working C compiler: /usr/bin/cc - skipped
[0.164s] -- Detecting C compile features
[0.164s] -- Detecting C compile features - done
[0.167s] -- Detecting CXX compiler ABI info
[0.233s] -- Detecting CXX compiler ABI info - done
[0.237s] -- Check for working CXX compiler: /usr/bin/c++ - skipped
[0.237s] -- Detecting CXX compile features
[0.238s] -- Detecting CXX compile features - done
[0.241s] -- Found ament_cmake: 1.3.12 (/opt/ros/humble/share/ament_cmake/cmake)
[0.356s] -- Found Python3: /usr/bin/python3 (found version "3.10.12") found components: Interpreter 
[0.430s] -- Found rclpy: 3.3.19 (/opt/ros/humble/share/rclpy/cmake)
[0.431s] -- Found std_msgs: 4.9.0 (/opt/ros/humble/share/std_msgs/cmake)
[0.462s] -- Found rosidl_generator_c: 3.1.7 (/opt/ros/humble/share/rosidl_generator_c/cmake)
[0.466s] -- Found rosidl_adapter: 3.1.7 (/opt/ros/humble/share/rosidl_adapter/cmake)
[0.475s] -- Found rosidl_generator_cpp: 3.1.7 (/opt/ros/humble/share/rosidl_generator_cpp/cmake)
[0.483s] -- Using all available rosidl_typesupport_c: rosidl_typesupport_fastrtps_c;rosidl_typesupport_introspection_c
[0.493s] -- Using all available rosidl_typesupport_cpp: rosidl_typesupport_fastrtps_cpp;rosidl_typesupport_introspection_cpp
[0.579s] -- Found ament_lint_auto: 0.12.14 (/opt/ros/humble/share/ament_lint_auto/cmake)
[0.642s] -- Added test 'copyright' to check source files copyright and LICENSE
[0.645s] -- Added test 'flake8' to check Python code syntax and style conventions
[0.646s] -- Added test 'lint_cmake' to check CMake code style
[0.647s] -- Added test 'pep257' to check Python code against some of the docstring style conventions in PEP 257
[0.648s] -- Added test 'xmllint' to check XML markup files
[0.649s] -- Configuring done
[0.652s] -- Generating done
[0.654s] -- Build files have been written to: /home/i-mini900/dog/dog_ws/build/robot
[0.659s] Invoked command in '/home/i-mini900/dog/dog_ws/build/robot' returned '0': CMAKE_PREFIX_PATH=/home/i-mini900/dog/dog_ws/install/unitree_legged_msgs:/home/i-mini900/imu/colcon_install/unitree_actuator_sdk:/home/i-mini900/class/chapter4/nav_ws/install/localization:/home/i-mini900/class/chapter3/fast_lio_localization/fast_lio_ws/install/sophus:/home/i-mini900/class/chapter3/fast_lio_localization/fast_lio_ws/install/pgo:/home/i-mini900/class/chapter3/fast_lio_localization/fast_lio_ws/install/localizer:/home/i-mini900/class/chapter3/fast_lio_localization/fast_lio_ws/install/fastlio2:/home/i-mini900/class/chapter3/fast_lio_localization/fast_lio_ws/install/livox_ros_driver2:/home/i-mini900/class/chapter3/fast_lio_localization/fast_lio_ws/install/hba:/home/i-mini900/class/chapter3/fast_lio_localization/fast_lio_ws/install/interface:/home/i-mini900/dog/dog_ws/install/robot:/opt/ros/humble LD_LIBRARY_PATH=/home/i-mini900/dog/dog_ws/install/unitree_legged_msgs/lib:/home/i-mini900/imu/colcon_install/unitree_actuator_sdk/lib/unitree_actuator_sdk:/home/i-mini900/class/chapter3/fast_lio_localization/fast_lio_ws/install/livox_ros_driver2/lib:/home/i-mini900/class/chapter3/fast_lio_localization/fast_lio_ws/install/interface/lib:/opt/ros/humble/opt/rviz_ogre_vendor/lib:/opt/ros/humble/lib/x86_64-linux-gnu:/opt/ros/humble/lib /usr/bin/cmake /home/i-mini900/dog/dog_ws/src/robot -DCMAKE_INSTALL_PREFIX=/home/i-mini900/dog/dog_ws/install/robot
[0.660s] Invoking command in '/home/i-mini900/dog/dog_ws/build/robot': CMAKE_PREFIX_PATH=/home/i-mini900/dog/dog_ws/install/unitree_legged_msgs:/home/i-mini900/imu/colcon_install/unitree_actuator_sdk:/home/i-mini900/class/chapter4/nav_ws/install/localization:/home/i-mini900/class/chapter3/fast_lio_localization/fast_lio_ws/install/sophus:/home/i-mini900/class/chapter3/fast_lio_localization/fast_lio_ws/install/pgo:/home/i-mini900/class/chapter3/fast_lio_localization/fast_lio_ws/install/localizer:/home/i-mini900/class/chapter3/fast_lio_localization/fast_lio_ws/install/fastlio2:/home/i-mini900/class/chapter3/fast_lio_localization/fast_lio_ws/install/livox_ros_driver2:/home/i-mini900/class/chapter3/fast_lio_localization/fast_lio_ws/install/hba:/home/i-mini900/class/chapter3/fast_lio_localization/fast_lio_ws/install/interface:/home/i-mini900/dog/dog_ws/install/robot:/opt/ros/humble LD_LIBRARY_PATH=/home/i-mini900/dog/dog_ws/install/unitree_legged_msgs/lib:/home/i-mini900/imu/colcon_install/unitree_actuator_sdk/lib/unitree_actuator_sdk:/home/i-mini900/class/chapter3/fast_lio_localization/fast_lio_ws/install/livox_ros_driver2/lib:/home/i-mini900/class/chapter3/fast_lio_localization/fast_lio_ws/install/interface/lib:/opt/ros/humble/opt/rviz_ogre_vendor/lib:/opt/ros/humble/lib/x86_64-linux-gnu:/opt/ros/humble/lib /usr/bin/cmake --build /home/i-mini900/dog/dog_ws/build/robot -- -j16 -l16
[0.713s] Built target ament_cmake_python_copy_robot_setup
[0.714s] Built target ament_cmake_python_copy_robot
[0.877s] running egg_info
[0.878s] creating robot.egg-info
[0.878s] writing robot.egg-info/PKG-INFO
[0.878s] writing dependency_links to robot.egg-info/dependency_links.txt
[0.878s] writing top-level names to robot.egg-info/top_level.txt
[0.878s] writing manifest file 'robot.egg-info/SOURCES.txt'
[0.879s] reading manifest file 'robot.egg-info/SOURCES.txt'
[0.879s] writing manifest file 'robot.egg-info/SOURCES.txt'
[0.897s] Built target ament_cmake_python_build_robot_egg
[0.910s] Invoked command in '/home/i-mini900/dog/dog_ws/build/robot' returned '0': CMAKE_PREFIX_PATH=/home/i-mini900/dog/dog_ws/install/unitree_legged_msgs:/home/i-mini900/imu/colcon_install/unitree_actuator_sdk:/home/i-mini900/class/chapter4/nav_ws/install/localization:/home/i-mini900/class/chapter3/fast_lio_localization/fast_lio_ws/install/sophus:/home/i-mini900/class/chapter3/fast_lio_localization/fast_lio_ws/install/pgo:/home/i-mini900/class/chapter3/fast_lio_localization/fast_lio_ws/install/localizer:/home/i-mini900/class/chapter3/fast_lio_localization/fast_lio_ws/install/fastlio2:/home/i-mini900/class/chapter3/fast_lio_localization/fast_lio_ws/install/livox_ros_driver2:/home/i-mini900/class/chapter3/fast_lio_localization/fast_lio_ws/install/hba:/home/i-mini900/class/chapter3/fast_lio_localization/fast_lio_ws/install/interface:/home/i-mini900/dog/dog_ws/install/robot:/opt/ros/humble LD_LIBRARY_PATH=/home/i-mini900/dog/dog_ws/install/unitree_legged_msgs/lib:/home/i-mini900/imu/colcon_install/unitree_actuator_sdk/lib/unitree_actuator_sdk:/home/i-mini900/class/chapter3/fast_lio_localization/fast_lio_ws/install/livox_ros_driver2/lib:/home/i-mini900/class/chapter3/fast_lio_localization/fast_lio_ws/install/interface/lib:/opt/ros/humble/opt/rviz_ogre_vendor/lib:/opt/ros/humble/lib/x86_64-linux-gnu:/opt/ros/humble/lib /usr/bin/cmake --build /home/i-mini900/dog/dog_ws/build/robot -- -j16 -l16
[0.911s] Invoking command in '/home/i-mini900/dog/dog_ws/build/robot': CMAKE_PREFIX_PATH=/home/i-mini900/dog/dog_ws/install/unitree_legged_msgs:/home/i-mini900/imu/colcon_install/unitree_actuator_sdk:/home/i-mini900/class/chapter4/nav_ws/install/localization:/home/i-mini900/class/chapter3/fast_lio_localization/fast_lio_ws/install/sophus:/home/i-mini900/class/chapter3/fast_lio_localization/fast_lio_ws/install/pgo:/home/i-mini900/class/chapter3/fast_lio_localization/fast_lio_ws/install/localizer:/home/i-mini900/class/chapter3/fast_lio_localization/fast_lio_ws/install/fastlio2:/home/i-mini900/class/chapter3/fast_lio_localization/fast_lio_ws/install/livox_ros_driver2:/home/i-mini900/class/chapter3/fast_lio_localization/fast_lio_ws/install/hba:/home/i-mini900/class/chapter3/fast_lio_localization/fast_lio_ws/install/interface:/home/i-mini900/dog/dog_ws/install/robot:/opt/ros/humble LD_LIBRARY_PATH=/home/i-mini900/dog/dog_ws/install/unitree_legged_msgs/lib:/home/i-mini900/imu/colcon_install/unitree_actuator_sdk/lib/unitree_actuator_sdk:/home/i-mini900/class/chapter3/fast_lio_localization/fast_lio_ws/install/livox_ros_driver2/lib:/home/i-mini900/class/chapter3/fast_lio_localization/fast_lio_ws/install/interface/lib:/opt/ros/humble/opt/rviz_ogre_vendor/lib:/opt/ros/humble/lib/x86_64-linux-gnu:/opt/ros/humble/lib /usr/bin/cmake --install /home/i-mini900/dog/dog_ws/build/robot
[0.918s] -- Install configuration: ""
[0.918s] -- Installing: /home/i-mini900/dog/dog_ws/install/robot/share/robot/environment/pythonpath.sh
[0.918s] -- Installing: /home/i-mini900/dog/dog_ws/install/robot/share/robot/environment/pythonpath.dsv
[0.918s] -- Installing: /home/i-mini900/dog/dog_ws/install/robot/local/lib/python3.10/dist-packages/robot-0.0.0-py3.10.egg-info
[0.918s] -- Installing: /home/i-mini900/dog/dog_ws/install/robot/local/lib/python3.10/dist-packages/robot-0.0.0-py3.10.egg-info/SOURCES.txt
[0.918s] -- Installing: /home/i-mini900/dog/dog_ws/install/robot/local/lib/python3.10/dist-packages/robot-0.0.0-py3.10.egg-info/dependency_links.txt
[0.918s] -- Installing: /home/i-mini900/dog/dog_ws/install/robot/local/lib/python3.10/dist-packages/robot-0.0.0-py3.10.egg-info/top_level.txt
[0.918s] -- Installing: /home/i-mini900/dog/dog_ws/install/robot/local/lib/python3.10/dist-packages/robot-0.0.0-py3.10.egg-info/PKG-INFO
[0.918s] -- Installing: /home/i-mini900/dog/dog_ws/install/robot/local/lib/python3.10/dist-packages/robot
[0.918s] -- Installing: /home/i-mini900/dog/dog_ws/install/robot/local/lib/python3.10/dist-packages/robot/scripts
[0.918s] -- Installing: /home/i-mini900/dog/dog_ws/install/robot/local/lib/python3.10/dist-packages/robot/__init__.py
[0.919s] -- Installing: /home/i-mini900/dog/dog_ws/install/robot/local/lib/python3.10/dist-packages/robot/unitree_go_1.py
[0.919s] -- Installing: /home/i-mini900/dog/dog_ws/install/robot/local/lib/python3.10/dist-packages/robot/node_pub.py
[0.919s] -- Installing: /home/i-mini900/dog/dog_ws/install/robot/local/lib/python3.10/dist-packages/robot/serial_node.py
[0.919s] -- Installing: /home/i-mini900/dog/dog_ws/install/robot/local/lib/python3.10/dist-packages/robot/motor_init2.py
[0.919s] -- Installing: /home/i-mini900/dog/dog_ws/install/robot/local/lib/python3.10/dist-packages/robot/imu_process_node.py
[0.919s] -- Installing: /home/i-mini900/dog/dog_ws/install/robot/local/lib/python3.10/dist-packages/robot/1.py
[0.919s] -- Installing: /home/i-mini900/dog/dog_ws/install/robot/local/lib/python3.10/dist-packages/robot/2.py
[0.919s] -- Installing: /home/i-mini900/dog/dog_ws/install/robot/local/lib/python3.10/dist-packages/robot/manual.py
[0.919s] -- Installing: /home/i-mini900/dog/dog_ws/install/robot/local/lib/python3.10/dist-packages/robot/motor_init.py
[0.963s] Listing '/home/i-mini900/dog/dog_ws/install/robot/local/lib/python3.10/dist-packages/robot'...
[0.964s] Compiling '/home/i-mini900/dog/dog_ws/install/robot/local/lib/python3.10/dist-packages/robot/1.py'...
[0.964s] Compiling '/home/i-mini900/dog/dog_ws/install/robot/local/lib/python3.10/dist-packages/robot/2.py'...
[0.964s] Compiling '/home/i-mini900/dog/dog_ws/install/robot/local/lib/python3.10/dist-packages/robot/__init__.py'...
[0.964s] Compiling '/home/i-mini900/dog/dog_ws/install/robot/local/lib/python3.10/dist-packages/robot/imu_process_node.py'...
[0.964s] Compiling '/home/i-mini900/dog/dog_ws/install/robot/local/lib/python3.10/dist-packages/robot/manual.py'...
[0.964s] Compiling '/home/i-mini900/dog/dog_ws/install/robot/local/lib/python3.10/dist-packages/robot/motor_init.py'...
[0.964s] Compiling '/home/i-mini900/dog/dog_ws/install/robot/local/lib/python3.10/dist-packages/robot/motor_init2.py'...
[0.964s] Compiling '/home/i-mini900/dog/dog_ws/install/robot/local/lib/python3.10/dist-packages/robot/node_pub.py'...
[0.964s] Listing '/home/i-mini900/dog/dog_ws/install/robot/local/lib/python3.10/dist-packages/robot/scripts'...
[0.964s] Compiling '/home/i-mini900/dog/dog_ws/install/robot/local/lib/python3.10/dist-packages/robot/serial_node.py'...
[0.964s] Compiling '/home/i-mini900/dog/dog_ws/install/robot/local/lib/python3.10/dist-packages/robot/unitree_go_1.py'...
[0.969s] -- Installing: /home/i-mini900/dog/dog_ws/install/robot/lib/robot/
[0.969s] -- Installing: /home/i-mini900/dog/dog_ws/install/robot/lib/robot//libUnitreeMotorSDK_Arm64.so
[0.969s] -- Installing: /home/i-mini900/dog/dog_ws/install/robot/lib/robot//unitree_actuator_sdk.cpython-38-x86_64-linux-gnu.so
[0.970s] -- Installing: /home/i-mini900/dog/dog_ws/install/robot/lib/robot//libUnitreeMotorSDK_Linux64.so
[0.970s] -- Installing: /home/i-mini900/dog/dog_ws/install/robot/lib/robot//unitree_actuator_sdk.so
[0.970s] -- Installing: /home/i-mini900/dog/dog_ws/install/robot/lib/robot/imu_process_node.py
[0.970s] -- Installing: /home/i-mini900/dog/dog_ws/install/robot/lib/robot/unitree_go_1.py
[0.970s] -- Installing: /home/i-mini900/dog/dog_ws/install/robot/share/robot//launch
[0.970s] -- Installing: /home/i-mini900/dog/dog_ws/install/robot/share/robot//launch/imu_launch.py
[0.970s] -- Installing: /home/i-mini900/dog/dog_ws/install/robot/share/robot//launch/__pycache__
[0.970s] -- Installing: /home/i-mini900/dog/dog_ws/install/robot/share/robot//launch/__pycache__/imu_launch.cpython-310.pyc
[0.971s] -- Installing: /home/i-mini900/dog/dog_ws/install/robot/share/ament_index/resource_index/package_run_dependencies/robot
[0.971s] -- Installing: /home/i-mini900/dog/dog_ws/install/robot/share/ament_index/resource_index/parent_prefix_path/robot
[0.971s] -- Installing: /home/i-mini900/dog/dog_ws/install/robot/share/robot/environment/ament_prefix_path.sh
[0.971s] -- Installing: /home/i-mini900/dog/dog_ws/install/robot/share/robot/environment/ament_prefix_path.dsv
[0.971s] -- Installing: /home/i-mini900/dog/dog_ws/install/robot/share/robot/environment/path.sh
[0.972s] -- Installing: /home/i-mini900/dog/dog_ws/install/robot/share/robot/environment/path.dsv
[0.972s] -- Installing: /home/i-mini900/dog/dog_ws/install/robot/share/robot/local_setup.bash
[0.972s] -- Installing: /home/i-mini900/dog/dog_ws/install/robot/share/robot/local_setup.sh
[0.972s] -- Installing: /home/i-mini900/dog/dog_ws/install/robot/share/robot/local_setup.zsh
[0.972s] -- Installing: /home/i-mini900/dog/dog_ws/install/robot/share/robot/local_setup.dsv
[0.972s] -- Installing: /home/i-mini900/dog/dog_ws/install/robot/share/robot/package.dsv
[0.973s] -- Installing: /home/i-mini900/dog/dog_ws/install/robot/share/ament_index/resource_index/packages/robot
[0.973s] -- Installing: /home/i-mini900/dog/dog_ws/install/robot/share/robot/cmake/robotConfig.cmake
[0.973s] -- Installing: /home/i-mini900/dog/dog_ws/install/robot/share/robot/cmake/robotConfig-version.cmake
[0.973s] -- Installing: /home/i-mini900/dog/dog_ws/install/robot/share/robot/package.xml
[0.976s] Invoked command in '/home/i-mini900/dog/dog_ws/build/robot' returned '0': CMAKE_PREFIX_PATH=/home/i-mini900/dog/dog_ws/install/unitree_legged_msgs:/home/i-mini900/imu/colcon_install/unitree_actuator_sdk:/home/i-mini900/class/chapter4/nav_ws/install/localization:/home/i-mini900/class/chapter3/fast_lio_localization/fast_lio_ws/install/sophus:/home/i-mini900/class/chapter3/fast_lio_localization/fast_lio_ws/install/pgo:/home/i-mini900/class/chapter3/fast_lio_localization/fast_lio_ws/install/localizer:/home/i-mini900/class/chapter3/fast_lio_localization/fast_lio_ws/install/fastlio2:/home/i-mini900/class/chapter3/fast_lio_localization/fast_lio_ws/install/livox_ros_driver2:/home/i-mini900/class/chapter3/fast_lio_localization/fast_lio_ws/install/hba:/home/i-mini900/class/chapter3/fast_lio_localization/fast_lio_ws/install/interface:/home/i-mini900/dog/dog_ws/install/robot:/opt/ros/humble LD_LIBRARY_PATH=/home/i-mini900/dog/dog_ws/install/unitree_legged_msgs/lib:/home/i-mini900/imu/colcon_install/unitree_actuator_sdk/lib/unitree_actuator_sdk:/home/i-mini900/class/chapter3/fast_lio_localization/fast_lio_ws/install/livox_ros_driver2/lib:/home/i-mini900/class/chapter3/fast_lio_localization/fast_lio_ws/install/interface/lib:/opt/ros/humble/opt/rviz_ogre_vendor/lib:/opt/ros/humble/lib/x86_64-linux-gnu:/opt/ros/humble/lib /usr/bin/cmake --install /home/i-mini900/dog/dog_ws/build/robot
