[0.064s] DEBUG:colcon:Command line arguments: ['/usr/bin/colcon', 'build']
[0.064s] DEBUG:colcon:Parsed command line arguments: Namespace(log_base=None, log_level=None, verb_name='build', build_base='build', install_base='install', merge_install=False, symlink_install=False, test_result_base=None, continue_on_error=False, executor='parallel', parallel_workers=16, event_handlers=None, ignore_user_meta=False, metas=['./colcon.meta'], base_paths=['.'], packages_ignore=None, packages_ignore_regex=None, paths=None, packages_up_to=None, packages_up_to_regex=None, packages_above=None, packages_above_and_dependencies=None, packages_above_depth=None, packages_select_by_dep=None, packages_skip_by_dep=None, packages_skip_up_to=None, packages_select_build_failed=False, packages_skip_build_finished=False, packages_select_test_failures=False, packages_skip_test_passed=False, packages_select=None, packages_skip=None, packages_select_regex=None, packages_skip_regex=None, packages_start=None, packages_end=None, allow_overriding=[], cmake_args=None, cmake_target=None, cmake_target_skip_unavailable=False, cmake_clean_cache=False, cmake_clean_first=False, cmake_force_configure=False, ament_cmake_args=None, catkin_cmake_args=None, catkin_skip_building_tests=False, verb_parser=<colcon_defaults.argument_parser.defaults.DefaultArgumentsDecorator object at 0x73e126c7df90>, verb_extension=<colcon_core.verb.build.BuildVerb object at 0x73e126c7da20>, main=<bound method BuildVerb.main of <colcon_core.verb.build.BuildVerb object at 0x73e126c7da20>>)
[0.162s] Level 1:colcon.colcon_core.package_discovery:discover_packages(colcon_meta) check parameters
[0.162s] Level 1:colcon.colcon_core.package_discovery:discover_packages(recursive) check parameters
[0.162s] Level 1:colcon.colcon_core.package_discovery:discover_packages(ignore) check parameters
[0.162s] Level 1:colcon.colcon_core.package_discovery:discover_packages(path) check parameters
[0.162s] Level 1:colcon.colcon_core.package_discovery:discover_packages(colcon_meta) discover
[0.162s] Level 1:colcon.colcon_core.package_discovery:discover_packages(recursive) discover
[0.162s] INFO:colcon.colcon_core.package_discovery:Crawling recursively for packages in '/home/i-mini900/dog/dog_ws'
[0.162s] Level 1:colcon.colcon_core.package_identification:_identify(.) by extensions ['ignore', 'ignore_ament_install']
[0.162s] Level 1:colcon.colcon_core.package_identification:_identify(.) by extension 'ignore'
[0.162s] Level 1:colcon.colcon_core.package_identification:_identify(.) by extension 'ignore_ament_install'
[0.162s] Level 1:colcon.colcon_core.package_identification:_identify(.) by extensions ['colcon_pkg']
[0.162s] Level 1:colcon.colcon_core.package_identification:_identify(.) by extension 'colcon_pkg'
[0.162s] Level 1:colcon.colcon_core.package_identification:_identify(.) by extensions ['colcon_meta']
[0.162s] Level 1:colcon.colcon_core.package_identification:_identify(.) by extension 'colcon_meta'
[0.162s] Level 1:colcon.colcon_core.package_identification:_identify(.) by extensions ['ros']
[0.162s] Level 1:colcon.colcon_core.package_identification:_identify(.) by extension 'ros'
[0.168s] Level 1:colcon.colcon_core.package_identification:_identify(.) by extensions ['cmake', 'python']
[0.168s] Level 1:colcon.colcon_core.package_identification:_identify(.) by extension 'cmake'
[0.168s] Level 1:colcon.colcon_core.package_identification:_identify(.) by extension 'python'
[0.168s] Level 1:colcon.colcon_core.package_identification:_identify(.) by extensions ['python_setup_py']
[0.168s] Level 1:colcon.colcon_core.package_identification:_identify(.) by extension 'python_setup_py'
[0.168s] Level 1:colcon.colcon_core.package_identification:_identify(build) by extensions ['ignore', 'ignore_ament_install']
[0.168s] Level 1:colcon.colcon_core.package_identification:_identify(build) by extension 'ignore'
[0.168s] Level 1:colcon.colcon_core.package_identification:_identify(build) ignored
[0.168s] Level 1:colcon.colcon_core.package_identification:_identify(install) by extensions ['ignore', 'ignore_ament_install']
[0.168s] Level 1:colcon.colcon_core.package_identification:_identify(install) by extension 'ignore'
[0.168s] Level 1:colcon.colcon_core.package_identification:_identify(install) ignored
[0.168s] Level 1:colcon.colcon_core.package_identification:_identify(log) by extensions ['ignore', 'ignore_ament_install']
[0.168s] Level 1:colcon.colcon_core.package_identification:_identify(log) by extension 'ignore'
[0.169s] Level 1:colcon.colcon_core.package_identification:_identify(log) ignored
[0.169s] Level 1:colcon.colcon_core.package_identification:_identify(src) by extensions ['ignore', 'ignore_ament_install']
[0.169s] Level 1:colcon.colcon_core.package_identification:_identify(src) by extension 'ignore'
[0.169s] Level 1:colcon.colcon_core.package_identification:_identify(src) by extension 'ignore_ament_install'
[0.169s] Level 1:colcon.colcon_core.package_identification:_identify(src) by extensions ['colcon_pkg']
[0.169s] Level 1:colcon.colcon_core.package_identification:_identify(src) by extension 'colcon_pkg'
[0.169s] Level 1:colcon.colcon_core.package_identification:_identify(src) by extensions ['colcon_meta']
[0.169s] Level 1:colcon.colcon_core.package_identification:_identify(src) by extension 'colcon_meta'
[0.169s] Level 1:colcon.colcon_core.package_identification:_identify(src) by extensions ['ros']
[0.169s] Level 1:colcon.colcon_core.package_identification:_identify(src) by extension 'ros'
[0.169s] Level 1:colcon.colcon_core.package_identification:_identify(src) by extensions ['cmake', 'python']
[0.169s] Level 1:colcon.colcon_core.package_identification:_identify(src) by extension 'cmake'
[0.169s] Level 1:colcon.colcon_core.package_identification:_identify(src) by extension 'python'
[0.169s] Level 1:colcon.colcon_core.package_identification:_identify(src) by extensions ['python_setup_py']
[0.169s] Level 1:colcon.colcon_core.package_identification:_identify(src) by extension 'python_setup_py'
[0.169s] Level 1:colcon.colcon_core.package_identification:_identify(src/robot) by extensions ['ignore', 'ignore_ament_install']
[0.169s] Level 1:colcon.colcon_core.package_identification:_identify(src/robot) by extension 'ignore'
[0.169s] Level 1:colcon.colcon_core.package_identification:_identify(src/robot) by extension 'ignore_ament_install'
[0.169s] Level 1:colcon.colcon_core.package_identification:_identify(src/robot) by extensions ['colcon_pkg']
[0.169s] Level 1:colcon.colcon_core.package_identification:_identify(src/robot) by extension 'colcon_pkg'
[0.169s] Level 1:colcon.colcon_core.package_identification:_identify(src/robot) by extensions ['colcon_meta']
[0.169s] Level 1:colcon.colcon_core.package_identification:_identify(src/robot) by extension 'colcon_meta'
[0.169s] Level 1:colcon.colcon_core.package_identification:_identify(src/robot) by extensions ['ros']
[0.169s] Level 1:colcon.colcon_core.package_identification:_identify(src/robot) by extension 'ros'
[0.171s] DEBUG:colcon.colcon_core.package_identification:Package 'src/robot' with type 'ros.ament_cmake' and name 'robot'
[0.171s] Level 1:colcon.colcon_core.package_identification:_identify(src/unitree_legged_msgs) by extensions ['ignore', 'ignore_ament_install']
[0.171s] Level 1:colcon.colcon_core.package_identification:_identify(src/unitree_legged_msgs) by extension 'ignore'
[0.171s] Level 1:colcon.colcon_core.package_identification:_identify(src/unitree_legged_msgs) by extension 'ignore_ament_install'
[0.171s] Level 1:colcon.colcon_core.package_identification:_identify(src/unitree_legged_msgs) by extensions ['colcon_pkg']
[0.171s] Level 1:colcon.colcon_core.package_identification:_identify(src/unitree_legged_msgs) by extension 'colcon_pkg'
[0.171s] Level 1:colcon.colcon_core.package_identification:_identify(src/unitree_legged_msgs) by extensions ['colcon_meta']
[0.171s] Level 1:colcon.colcon_core.package_identification:_identify(src/unitree_legged_msgs) by extension 'colcon_meta'
[0.171s] Level 1:colcon.colcon_core.package_identification:_identify(src/unitree_legged_msgs) by extensions ['ros']
[0.171s] Level 1:colcon.colcon_core.package_identification:_identify(src/unitree_legged_msgs) by extension 'ros'
[0.171s] DEBUG:colcon.colcon_core.package_identification:Package 'src/unitree_legged_msgs' with type 'ros.ament_cmake' and name 'unitree_legged_msgs'
[0.171s] Level 1:colcon.colcon_core.package_discovery:discover_packages(recursive) using defaults
[0.171s] Level 1:colcon.colcon_core.package_discovery:discover_packages(ignore) discover
[0.171s] Level 1:colcon.colcon_core.package_discovery:discover_packages(ignore) using defaults
[0.171s] Level 1:colcon.colcon_core.package_discovery:discover_packages(path) discover
[0.171s] Level 1:colcon.colcon_core.package_discovery:discover_packages(path) using defaults
[0.194s] Level 1:colcon.colcon_core.package_discovery:discover_packages(prefix_path) check parameters
[0.194s] Level 1:colcon.colcon_core.package_discovery:discover_packages(prefix_path) discover
[0.195s] DEBUG:colcon.colcon_installed_package_information.package_discovery:Found 2 installed packages in /home/i-mini900/dog/dog_ws/install
[0.195s] DEBUG:colcon.colcon_installed_package_information.package_discovery:Found 1 installed packages in /home/i-mini900/imu/colcon_install
[0.195s] DEBUG:colcon.colcon_installed_package_information.package_discovery:Found 1 installed packages in /home/i-mini900/class/chapter4/nav_ws/install
[0.196s] DEBUG:colcon.colcon_installed_package_information.package_discovery:Found 8 installed packages in /home/i-mini900/class/chapter3/fast_lio_localization/fast_lio_ws/install
[0.196s] DEBUG:colcon.colcon_installed_package_information.package_discovery:Found 292 installed packages in /opt/ros/humble
[0.197s] Level 1:colcon.colcon_core.package_discovery:discover_packages(prefix_path) using defaults
[0.219s] Level 5:colcon.colcon_core.verb:set package 'unitree_legged_msgs' build argument 'cmake_args' from command line to 'None'
[0.220s] Level 5:colcon.colcon_core.verb:set package 'unitree_legged_msgs' build argument 'cmake_target' from command line to 'None'
[0.220s] Level 5:colcon.colcon_core.verb:set package 'unitree_legged_msgs' build argument 'cmake_target_skip_unavailable' from command line to 'False'
[0.220s] Level 5:colcon.colcon_core.verb:set package 'unitree_legged_msgs' build argument 'cmake_clean_cache' from command line to 'False'
[0.220s] Level 5:colcon.colcon_core.verb:set package 'unitree_legged_msgs' build argument 'cmake_clean_first' from command line to 'False'
[0.220s] Level 5:colcon.colcon_core.verb:set package 'unitree_legged_msgs' build argument 'cmake_force_configure' from command line to 'False'
[0.220s] Level 5:colcon.colcon_core.verb:set package 'unitree_legged_msgs' build argument 'ament_cmake_args' from command line to 'None'
[0.220s] Level 5:colcon.colcon_core.verb:set package 'unitree_legged_msgs' build argument 'catkin_cmake_args' from command line to 'None'
[0.220s] Level 5:colcon.colcon_core.verb:set package 'unitree_legged_msgs' build argument 'catkin_skip_building_tests' from command line to 'False'
[0.220s] DEBUG:colcon.colcon_core.verb:Building package 'unitree_legged_msgs' with the following arguments: {'ament_cmake_args': None, 'build_base': '/home/i-mini900/dog/dog_ws/build/unitree_legged_msgs', 'catkin_cmake_args': None, 'catkin_skip_building_tests': False, 'cmake_args': None, 'cmake_clean_cache': False, 'cmake_clean_first': False, 'cmake_force_configure': False, 'cmake_target': None, 'cmake_target_skip_unavailable': False, 'install_base': '/home/i-mini900/dog/dog_ws/install/unitree_legged_msgs', 'merge_install': False, 'path': '/home/i-mini900/dog/dog_ws/src/unitree_legged_msgs', 'symlink_install': False, 'test_result_base': None}
[0.220s] Level 5:colcon.colcon_core.verb:set package 'robot' build argument 'cmake_args' from command line to 'None'
[0.220s] Level 5:colcon.colcon_core.verb:set package 'robot' build argument 'cmake_target' from command line to 'None'
[0.220s] Level 5:colcon.colcon_core.verb:set package 'robot' build argument 'cmake_target_skip_unavailable' from command line to 'False'
[0.220s] Level 5:colcon.colcon_core.verb:set package 'robot' build argument 'cmake_clean_cache' from command line to 'False'
[0.220s] Level 5:colcon.colcon_core.verb:set package 'robot' build argument 'cmake_clean_first' from command line to 'False'
[0.220s] Level 5:colcon.colcon_core.verb:set package 'robot' build argument 'cmake_force_configure' from command line to 'False'
[0.220s] Level 5:colcon.colcon_core.verb:set package 'robot' build argument 'ament_cmake_args' from command line to 'None'
[0.220s] Level 5:colcon.colcon_core.verb:set package 'robot' build argument 'catkin_cmake_args' from command line to 'None'
[0.220s] Level 5:colcon.colcon_core.verb:set package 'robot' build argument 'catkin_skip_building_tests' from command line to 'False'
[0.220s] DEBUG:colcon.colcon_core.verb:Building package 'robot' with the following arguments: {'ament_cmake_args': None, 'build_base': '/home/i-mini900/dog/dog_ws/build/robot', 'catkin_cmake_args': None, 'catkin_skip_building_tests': False, 'cmake_args': None, 'cmake_clean_cache': False, 'cmake_clean_first': False, 'cmake_force_configure': False, 'cmake_target': None, 'cmake_target_skip_unavailable': False, 'install_base': '/home/i-mini900/dog/dog_ws/install/robot', 'merge_install': False, 'path': '/home/i-mini900/dog/dog_ws/src/robot', 'symlink_install': False, 'test_result_base': None}
[0.220s] INFO:colcon.colcon_core.executor:Executing jobs using 'parallel' executor
[0.221s] DEBUG:colcon.colcon_parallel_executor.executor.parallel:run_until_complete
[0.221s] INFO:colcon.colcon_ros.task.ament_cmake.build:Building ROS package in '/home/i-mini900/dog/dog_ws/src/unitree_legged_msgs' with build type 'ament_cmake'
[0.221s] INFO:colcon.colcon_cmake.task.cmake.build:Building CMake package in '/home/i-mini900/dog/dog_ws/src/unitree_legged_msgs'
[0.222s] INFO:colcon.colcon_core.plugin_system:Skipping extension 'colcon_core.shell.bat': Not used on non-Windows systems
[0.222s] INFO:colcon.colcon_core.shell:Skip shell extension 'powershell' for command environment: Not usable outside of PowerShell
[0.222s] DEBUG:colcon.colcon_core.shell:Skip shell extension 'dsv' for command environment
[0.230s] DEBUG:colcon.colcon_core.event_handler.log_command:Invoking command in '/home/i-mini900/dog/dog_ws/build/unitree_legged_msgs': CMAKE_PREFIX_PATH=${CMAKE_PREFIX_PATH}:/opt/ros/humble /usr/bin/cmake --build /home/i-mini900/dog/dog_ws/build/unitree_legged_msgs -- -j16 -l16
[0.488s] DEBUG:colcon.colcon_core.event_handler.log_command:Invoked command in '/home/i-mini900/dog/dog_ws/build/unitree_legged_msgs' returned '0': CMAKE_PREFIX_PATH=${CMAKE_PREFIX_PATH}:/opt/ros/humble /usr/bin/cmake --build /home/i-mini900/dog/dog_ws/build/unitree_legged_msgs -- -j16 -l16
[0.497s] DEBUG:colcon.colcon_core.event_handler.log_command:Invoking command in '/home/i-mini900/dog/dog_ws/build/unitree_legged_msgs': CMAKE_PREFIX_PATH=${CMAKE_PREFIX_PATH}:/opt/ros/humble /usr/bin/cmake --install /home/i-mini900/dog/dog_ws/build/unitree_legged_msgs
[0.538s] Level 1:colcon.colcon_core.environment:create_environment_scripts_only(unitree_legged_msgs)
[0.539s] DEBUG:colcon.colcon_core.event_handler.log_command:Invoked command in '/home/i-mini900/dog/dog_ws/build/unitree_legged_msgs' returned '0': CMAKE_PREFIX_PATH=${CMAKE_PREFIX_PATH}:/opt/ros/humble /usr/bin/cmake --install /home/i-mini900/dog/dog_ws/build/unitree_legged_msgs
[0.541s] Level 1:colcon.colcon_core.environment:checking '/home/i-mini900/dog/dog_ws/install/unitree_legged_msgs' for CMake module files
[0.541s] Level 1:colcon.colcon_core.environment:checking '/home/i-mini900/dog/dog_ws/install/unitree_legged_msgs' for CMake config files
[0.541s] Level 1:colcon.colcon_core.shell:create_environment_hook('unitree_legged_msgs', 'cmake_prefix_path')
[0.541s] INFO:colcon.colcon_core.shell:Creating environment hook '/home/i-mini900/dog/dog_ws/install/unitree_legged_msgs/share/unitree_legged_msgs/hook/cmake_prefix_path.ps1'
[0.542s] INFO:colcon.colcon_core.shell:Creating environment descriptor '/home/i-mini900/dog/dog_ws/install/unitree_legged_msgs/share/unitree_legged_msgs/hook/cmake_prefix_path.dsv'
[0.543s] INFO:colcon.colcon_core.shell:Creating environment hook '/home/i-mini900/dog/dog_ws/install/unitree_legged_msgs/share/unitree_legged_msgs/hook/cmake_prefix_path.sh'
[0.544s] Level 1:colcon.colcon_core.environment:checking '/home/i-mini900/dog/dog_ws/install/unitree_legged_msgs/lib'
[0.544s] Level 1:colcon.colcon_core.shell:create_environment_hook('unitree_legged_msgs', 'ld_library_path_lib')
[0.544s] INFO:colcon.colcon_core.shell:Creating environment hook '/home/i-mini900/dog/dog_ws/install/unitree_legged_msgs/share/unitree_legged_msgs/hook/ld_library_path_lib.ps1'
[0.545s] INFO:colcon.colcon_core.shell:Creating environment descriptor '/home/i-mini900/dog/dog_ws/install/unitree_legged_msgs/share/unitree_legged_msgs/hook/ld_library_path_lib.dsv'
[0.545s] INFO:colcon.colcon_core.shell:Creating environment hook '/home/i-mini900/dog/dog_ws/install/unitree_legged_msgs/share/unitree_legged_msgs/hook/ld_library_path_lib.sh'
[0.546s] Level 1:colcon.colcon_core.environment:checking '/home/i-mini900/dog/dog_ws/install/unitree_legged_msgs/bin'
[0.546s] Level 1:colcon.colcon_core.environment:checking '/home/i-mini900/dog/dog_ws/install/unitree_legged_msgs/lib/pkgconfig/unitree_legged_msgs.pc'
[0.546s] Level 1:colcon.colcon_core.environment:checking '/home/i-mini900/dog/dog_ws/install/unitree_legged_msgs/lib/python3.10/site-packages'
[0.547s] Level 1:colcon.colcon_core.environment:checking '/home/i-mini900/dog/dog_ws/install/unitree_legged_msgs/bin'
[0.547s] INFO:colcon.colcon_core.shell:Creating package script '/home/i-mini900/dog/dog_ws/install/unitree_legged_msgs/share/unitree_legged_msgs/package.ps1'
[0.549s] INFO:colcon.colcon_core.shell:Creating package descriptor '/home/i-mini900/dog/dog_ws/install/unitree_legged_msgs/share/unitree_legged_msgs/package.dsv'
[0.549s] INFO:colcon.colcon_core.shell:Creating package script '/home/i-mini900/dog/dog_ws/install/unitree_legged_msgs/share/unitree_legged_msgs/package.sh'
[0.550s] INFO:colcon.colcon_core.shell:Creating package script '/home/i-mini900/dog/dog_ws/install/unitree_legged_msgs/share/unitree_legged_msgs/package.bash'
[0.550s] INFO:colcon.colcon_core.shell:Creating package script '/home/i-mini900/dog/dog_ws/install/unitree_legged_msgs/share/unitree_legged_msgs/package.zsh'
[0.550s] Level 1:colcon.colcon_core.environment:create_file_with_runtime_dependencies(/home/i-mini900/dog/dog_ws/install/unitree_legged_msgs/share/colcon-core/packages/unitree_legged_msgs)
[0.551s] Level 1:colcon.colcon_core.environment:create_environment_scripts_only(unitree_legged_msgs)
[0.551s] Level 1:colcon.colcon_core.environment:checking '/home/i-mini900/dog/dog_ws/install/unitree_legged_msgs' for CMake module files
[0.551s] Level 1:colcon.colcon_core.environment:checking '/home/i-mini900/dog/dog_ws/install/unitree_legged_msgs' for CMake config files
[0.551s] Level 1:colcon.colcon_core.shell:create_environment_hook('unitree_legged_msgs', 'cmake_prefix_path')
[0.551s] INFO:colcon.colcon_core.shell:Creating environment hook '/home/i-mini900/dog/dog_ws/install/unitree_legged_msgs/share/unitree_legged_msgs/hook/cmake_prefix_path.ps1'
[0.552s] INFO:colcon.colcon_core.shell:Creating environment descriptor '/home/i-mini900/dog/dog_ws/install/unitree_legged_msgs/share/unitree_legged_msgs/hook/cmake_prefix_path.dsv'
[0.552s] INFO:colcon.colcon_core.shell:Creating environment hook '/home/i-mini900/dog/dog_ws/install/unitree_legged_msgs/share/unitree_legged_msgs/hook/cmake_prefix_path.sh'
[0.552s] Level 1:colcon.colcon_core.environment:checking '/home/i-mini900/dog/dog_ws/install/unitree_legged_msgs/lib'
[0.552s] Level 1:colcon.colcon_core.shell:create_environment_hook('unitree_legged_msgs', 'ld_library_path_lib')
[0.552s] INFO:colcon.colcon_core.shell:Creating environment hook '/home/i-mini900/dog/dog_ws/install/unitree_legged_msgs/share/unitree_legged_msgs/hook/ld_library_path_lib.ps1'
[0.552s] INFO:colcon.colcon_core.shell:Creating environment descriptor '/home/i-mini900/dog/dog_ws/install/unitree_legged_msgs/share/unitree_legged_msgs/hook/ld_library_path_lib.dsv'
[0.553s] INFO:colcon.colcon_core.shell:Creating environment hook '/home/i-mini900/dog/dog_ws/install/unitree_legged_msgs/share/unitree_legged_msgs/hook/ld_library_path_lib.sh'
[0.553s] Level 1:colcon.colcon_core.environment:checking '/home/i-mini900/dog/dog_ws/install/unitree_legged_msgs/bin'
[0.553s] Level 1:colcon.colcon_core.environment:checking '/home/i-mini900/dog/dog_ws/install/unitree_legged_msgs/lib/pkgconfig/unitree_legged_msgs.pc'
[0.553s] Level 1:colcon.colcon_core.environment:checking '/home/i-mini900/dog/dog_ws/install/unitree_legged_msgs/lib/python3.10/site-packages'
[0.553s] Level 1:colcon.colcon_core.environment:checking '/home/i-mini900/dog/dog_ws/install/unitree_legged_msgs/bin'
[0.553s] INFO:colcon.colcon_core.shell:Creating package script '/home/i-mini900/dog/dog_ws/install/unitree_legged_msgs/share/unitree_legged_msgs/package.ps1'
[0.553s] INFO:colcon.colcon_core.shell:Creating package descriptor '/home/i-mini900/dog/dog_ws/install/unitree_legged_msgs/share/unitree_legged_msgs/package.dsv'
[0.554s] INFO:colcon.colcon_core.shell:Creating package script '/home/i-mini900/dog/dog_ws/install/unitree_legged_msgs/share/unitree_legged_msgs/package.sh'
[0.554s] INFO:colcon.colcon_core.shell:Creating package script '/home/i-mini900/dog/dog_ws/install/unitree_legged_msgs/share/unitree_legged_msgs/package.bash'
[0.554s] INFO:colcon.colcon_core.shell:Creating package script '/home/i-mini900/dog/dog_ws/install/unitree_legged_msgs/share/unitree_legged_msgs/package.zsh'
[0.554s] Level 1:colcon.colcon_core.environment:create_file_with_runtime_dependencies(/home/i-mini900/dog/dog_ws/install/unitree_legged_msgs/share/colcon-core/packages/unitree_legged_msgs)
[0.555s] INFO:colcon.colcon_ros.task.ament_cmake.build:Building ROS package in '/home/i-mini900/dog/dog_ws/src/robot' with build type 'ament_cmake'
[0.555s] INFO:colcon.colcon_cmake.task.cmake.build:Building CMake package in '/home/i-mini900/dog/dog_ws/src/robot'
[0.555s] INFO:colcon.colcon_core.shell:Skip shell extension 'powershell' for command environment: Not usable outside of PowerShell
[0.555s] DEBUG:colcon.colcon_core.shell:Skip shell extension 'dsv' for command environment
[0.565s] DEBUG:colcon.colcon_core.event_handler.log_command:Invoking command in '/home/i-mini900/dog/dog_ws/build/robot': CMAKE_PREFIX_PATH=/home/i-mini900/dog/dog_ws/install/unitree_legged_msgs:/home/i-mini900/imu/colcon_install/unitree_actuator_sdk:/home/i-mini900/class/chapter4/nav_ws/install/localization:/home/i-mini900/class/chapter3/fast_lio_localization/fast_lio_ws/install/sophus:/home/i-mini900/class/chapter3/fast_lio_localization/fast_lio_ws/install/pgo:/home/i-mini900/class/chapter3/fast_lio_localization/fast_lio_ws/install/localizer:/home/i-mini900/class/chapter3/fast_lio_localization/fast_lio_ws/install/fastlio2:/home/i-mini900/class/chapter3/fast_lio_localization/fast_lio_ws/install/livox_ros_driver2:/home/i-mini900/class/chapter3/fast_lio_localization/fast_lio_ws/install/hba:/home/i-mini900/class/chapter3/fast_lio_localization/fast_lio_ws/install/interface:/home/i-mini900/dog/dog_ws/install/robot:/opt/ros/humble LD_LIBRARY_PATH=/home/i-mini900/dog/dog_ws/install/unitree_legged_msgs/lib:/home/i-mini900/imu/colcon_install/unitree_actuator_sdk/lib/unitree_actuator_sdk:/home/i-mini900/imu/colcon_install/unitree_actuator_sdk/lib/unitree_actuator_sdk:/home/i-mini900/class/chapter3/fast_lio_localization/fast_lio_ws/install/livox_ros_driver2/lib:/home/i-mini900/class/chapter3/fast_lio_localization/fast_lio_ws/install/interface/lib:/opt/ros/humble/opt/rviz_ogre_vendor/lib:/opt/ros/humble/lib/x86_64-linux-gnu:/opt/ros/humble/lib /usr/bin/cmake --build /home/i-mini900/dog/dog_ws/build/robot -- -j16 -l16
[1.080s] DEBUG:colcon.colcon_core.event_handler.log_command:Invoked command in '/home/i-mini900/dog/dog_ws/build/robot' returned '0': CMAKE_PREFIX_PATH=/home/i-mini900/dog/dog_ws/install/unitree_legged_msgs:/home/i-mini900/imu/colcon_install/unitree_actuator_sdk:/home/i-mini900/class/chapter4/nav_ws/install/localization:/home/i-mini900/class/chapter3/fast_lio_localization/fast_lio_ws/install/sophus:/home/i-mini900/class/chapter3/fast_lio_localization/fast_lio_ws/install/pgo:/home/i-mini900/class/chapter3/fast_lio_localization/fast_lio_ws/install/localizer:/home/i-mini900/class/chapter3/fast_lio_localization/fast_lio_ws/install/fastlio2:/home/i-mini900/class/chapter3/fast_lio_localization/fast_lio_ws/install/livox_ros_driver2:/home/i-mini900/class/chapter3/fast_lio_localization/fast_lio_ws/install/hba:/home/i-mini900/class/chapter3/fast_lio_localization/fast_lio_ws/install/interface:/home/i-mini900/dog/dog_ws/install/robot:/opt/ros/humble LD_LIBRARY_PATH=/home/i-mini900/dog/dog_ws/install/unitree_legged_msgs/lib:/home/i-mini900/imu/colcon_install/unitree_actuator_sdk/lib/unitree_actuator_sdk:/home/i-mini900/imu/colcon_install/unitree_actuator_sdk/lib/unitree_actuator_sdk:/home/i-mini900/class/chapter3/fast_lio_localization/fast_lio_ws/install/livox_ros_driver2/lib:/home/i-mini900/class/chapter3/fast_lio_localization/fast_lio_ws/install/interface/lib:/opt/ros/humble/opt/rviz_ogre_vendor/lib:/opt/ros/humble/lib/x86_64-linux-gnu:/opt/ros/humble/lib /usr/bin/cmake --build /home/i-mini900/dog/dog_ws/build/robot -- -j16 -l16
[1.082s] DEBUG:colcon.colcon_core.event_handler.log_command:Invoking command in '/home/i-mini900/dog/dog_ws/build/robot': CMAKE_PREFIX_PATH=/home/i-mini900/dog/dog_ws/install/unitree_legged_msgs:/home/i-mini900/imu/colcon_install/unitree_actuator_sdk:/home/i-mini900/class/chapter4/nav_ws/install/localization:/home/i-mini900/class/chapter3/fast_lio_localization/fast_lio_ws/install/sophus:/home/i-mini900/class/chapter3/fast_lio_localization/fast_lio_ws/install/pgo:/home/i-mini900/class/chapter3/fast_lio_localization/fast_lio_ws/install/localizer:/home/i-mini900/class/chapter3/fast_lio_localization/fast_lio_ws/install/fastlio2:/home/i-mini900/class/chapter3/fast_lio_localization/fast_lio_ws/install/livox_ros_driver2:/home/i-mini900/class/chapter3/fast_lio_localization/fast_lio_ws/install/hba:/home/i-mini900/class/chapter3/fast_lio_localization/fast_lio_ws/install/interface:/home/i-mini900/dog/dog_ws/install/robot:/opt/ros/humble LD_LIBRARY_PATH=/home/i-mini900/dog/dog_ws/install/unitree_legged_msgs/lib:/home/i-mini900/imu/colcon_install/unitree_actuator_sdk/lib/unitree_actuator_sdk:/home/i-mini900/imu/colcon_install/unitree_actuator_sdk/lib/unitree_actuator_sdk:/home/i-mini900/class/chapter3/fast_lio_localization/fast_lio_ws/install/livox_ros_driver2/lib:/home/i-mini900/class/chapter3/fast_lio_localization/fast_lio_ws/install/interface/lib:/opt/ros/humble/opt/rviz_ogre_vendor/lib:/opt/ros/humble/lib/x86_64-linux-gnu:/opt/ros/humble/lib /usr/bin/cmake --install /home/i-mini900/dog/dog_ws/build/robot
[1.119s] Level 1:colcon.colcon_core.environment:create_environment_scripts_only(robot)
[1.119s] Level 1:colcon.colcon_core.environment:checking '/home/i-mini900/dog/dog_ws/install/robot' for CMake module files
[1.119s] DEBUG:colcon.colcon_core.event_handler.log_command:Invoked command in '/home/i-mini900/dog/dog_ws/build/robot' returned '0': CMAKE_PREFIX_PATH=/home/i-mini900/dog/dog_ws/install/unitree_legged_msgs:/home/i-mini900/imu/colcon_install/unitree_actuator_sdk:/home/i-mini900/class/chapter4/nav_ws/install/localization:/home/i-mini900/class/chapter3/fast_lio_localization/fast_lio_ws/install/sophus:/home/i-mini900/class/chapter3/fast_lio_localization/fast_lio_ws/install/pgo:/home/i-mini900/class/chapter3/fast_lio_localization/fast_lio_ws/install/localizer:/home/i-mini900/class/chapter3/fast_lio_localization/fast_lio_ws/install/fastlio2:/home/i-mini900/class/chapter3/fast_lio_localization/fast_lio_ws/install/livox_ros_driver2:/home/i-mini900/class/chapter3/fast_lio_localization/fast_lio_ws/install/hba:/home/i-mini900/class/chapter3/fast_lio_localization/fast_lio_ws/install/interface:/home/i-mini900/dog/dog_ws/install/robot:/opt/ros/humble LD_LIBRARY_PATH=/home/i-mini900/dog/dog_ws/install/unitree_legged_msgs/lib:/home/i-mini900/imu/colcon_install/unitree_actuator_sdk/lib/unitree_actuator_sdk:/home/i-mini900/imu/colcon_install/unitree_actuator_sdk/lib/unitree_actuator_sdk:/home/i-mini900/class/chapter3/fast_lio_localization/fast_lio_ws/install/livox_ros_driver2/lib:/home/i-mini900/class/chapter3/fast_lio_localization/fast_lio_ws/install/interface/lib:/opt/ros/humble/opt/rviz_ogre_vendor/lib:/opt/ros/humble/lib/x86_64-linux-gnu:/opt/ros/humble/lib /usr/bin/cmake --install /home/i-mini900/dog/dog_ws/build/robot
[1.119s] Level 1:colcon.colcon_core.environment:checking '/home/i-mini900/dog/dog_ws/install/robot' for CMake config files
[1.119s] Level 1:colcon.colcon_core.shell:create_environment_hook('robot', 'cmake_prefix_path')
[1.120s] INFO:colcon.colcon_core.shell:Creating environment hook '/home/i-mini900/dog/dog_ws/install/robot/share/robot/hook/cmake_prefix_path.ps1'
[1.120s] INFO:colcon.colcon_core.shell:Creating environment descriptor '/home/i-mini900/dog/dog_ws/install/robot/share/robot/hook/cmake_prefix_path.dsv'
[1.120s] INFO:colcon.colcon_core.shell:Creating environment hook '/home/i-mini900/dog/dog_ws/install/robot/share/robot/hook/cmake_prefix_path.sh'
[1.120s] Level 1:colcon.colcon_core.environment:checking '/home/i-mini900/dog/dog_ws/install/robot/lib'
[1.120s] Level 1:colcon.colcon_core.environment:checking '/home/i-mini900/dog/dog_ws/install/robot/bin'
[1.120s] Level 1:colcon.colcon_core.environment:checking '/home/i-mini900/dog/dog_ws/install/robot/lib/pkgconfig/robot.pc'
[1.121s] Level 1:colcon.colcon_core.environment:checking '/home/i-mini900/dog/dog_ws/install/robot/lib/python3.10/site-packages'
[1.121s] Level 1:colcon.colcon_core.environment:checking '/home/i-mini900/dog/dog_ws/install/robot/bin'
[1.121s] INFO:colcon.colcon_core.shell:Creating package script '/home/i-mini900/dog/dog_ws/install/robot/share/robot/package.ps1'
[1.121s] INFO:colcon.colcon_core.shell:Creating package descriptor '/home/i-mini900/dog/dog_ws/install/robot/share/robot/package.dsv'
[1.121s] INFO:colcon.colcon_core.shell:Creating package script '/home/i-mini900/dog/dog_ws/install/robot/share/robot/package.sh'
[1.122s] INFO:colcon.colcon_core.shell:Creating package script '/home/i-mini900/dog/dog_ws/install/robot/share/robot/package.bash'
[1.122s] INFO:colcon.colcon_core.shell:Creating package script '/home/i-mini900/dog/dog_ws/install/robot/share/robot/package.zsh'
[1.122s] Level 1:colcon.colcon_core.environment:create_file_with_runtime_dependencies(/home/i-mini900/dog/dog_ws/install/robot/share/colcon-core/packages/robot)
[1.122s] Level 1:colcon.colcon_core.environment:create_environment_scripts_only(robot)
[1.122s] Level 1:colcon.colcon_core.environment:checking '/home/i-mini900/dog/dog_ws/install/robot' for CMake module files
[1.123s] Level 1:colcon.colcon_core.environment:checking '/home/i-mini900/dog/dog_ws/install/robot' for CMake config files
[1.123s] Level 1:colcon.colcon_core.shell:create_environment_hook('robot', 'cmake_prefix_path')
[1.123s] INFO:colcon.colcon_core.shell:Creating environment hook '/home/i-mini900/dog/dog_ws/install/robot/share/robot/hook/cmake_prefix_path.ps1'
[1.123s] INFO:colcon.colcon_core.shell:Creating environment descriptor '/home/i-mini900/dog/dog_ws/install/robot/share/robot/hook/cmake_prefix_path.dsv'
[1.123s] INFO:colcon.colcon_core.shell:Creating environment hook '/home/i-mini900/dog/dog_ws/install/robot/share/robot/hook/cmake_prefix_path.sh'
[1.123s] Level 1:colcon.colcon_core.environment:checking '/home/i-mini900/dog/dog_ws/install/robot/lib'
[1.123s] Level 1:colcon.colcon_core.environment:checking '/home/i-mini900/dog/dog_ws/install/robot/bin'
[1.123s] Level 1:colcon.colcon_core.environment:checking '/home/i-mini900/dog/dog_ws/install/robot/lib/pkgconfig/robot.pc'
[1.124s] Level 1:colcon.colcon_core.environment:checking '/home/i-mini900/dog/dog_ws/install/robot/lib/python3.10/site-packages'
[1.124s] Level 1:colcon.colcon_core.environment:checking '/home/i-mini900/dog/dog_ws/install/robot/bin'
[1.124s] INFO:colcon.colcon_core.shell:Creating package script '/home/i-mini900/dog/dog_ws/install/robot/share/robot/package.ps1'
[1.124s] INFO:colcon.colcon_core.shell:Creating package descriptor '/home/i-mini900/dog/dog_ws/install/robot/share/robot/package.dsv'
[1.124s] INFO:colcon.colcon_core.shell:Creating package script '/home/i-mini900/dog/dog_ws/install/robot/share/robot/package.sh'
[1.124s] INFO:colcon.colcon_core.shell:Creating package script '/home/i-mini900/dog/dog_ws/install/robot/share/robot/package.bash'
[1.125s] INFO:colcon.colcon_core.shell:Creating package script '/home/i-mini900/dog/dog_ws/install/robot/share/robot/package.zsh'
[1.125s] Level 1:colcon.colcon_core.environment:create_file_with_runtime_dependencies(/home/i-mini900/dog/dog_ws/install/robot/share/colcon-core/packages/robot)
[1.125s] DEBUG:colcon.colcon_parallel_executor.executor.parallel:closing loop
[1.125s] DEBUG:colcon.colcon_parallel_executor.executor.parallel:loop closed
[1.125s] DEBUG:colcon.colcon_parallel_executor.executor.parallel:run_until_complete finished with '0'
[1.125s] DEBUG:colcon.colcon_core.event_reactor:joining thread
[1.130s] INFO:colcon.colcon_core.plugin_system:Skipping extension 'colcon_notification.desktop_notification.terminal_notifier': Not used on non-Darwin systems
[1.130s] INFO:colcon.colcon_core.plugin_system:Skipping extension 'colcon_notification.desktop_notification.win32': Not used on non-Windows systems
[1.130s] INFO:colcon.colcon_notification.desktop_notification:Sending desktop notification using 'notify2'
[1.138s] DEBUG:colcon.colcon_core.event_reactor:joined thread
[1.139s] INFO:colcon.colcon_core.shell:Creating prefix script '/home/i-mini900/dog/dog_ws/install/local_setup.ps1'
[1.140s] INFO:colcon.colcon_core.shell:Creating prefix util module '/home/i-mini900/dog/dog_ws/install/_local_setup_util_ps1.py'
[1.141s] INFO:colcon.colcon_core.shell:Creating prefix chain script '/home/i-mini900/dog/dog_ws/install/setup.ps1'
[1.142s] INFO:colcon.colcon_core.shell:Creating prefix script '/home/i-mini900/dog/dog_ws/install/local_setup.sh'
[1.143s] INFO:colcon.colcon_core.shell:Creating prefix util module '/home/i-mini900/dog/dog_ws/install/_local_setup_util_sh.py'
[1.144s] INFO:colcon.colcon_core.shell:Creating prefix chain script '/home/i-mini900/dog/dog_ws/install/setup.sh'
[1.145s] INFO:colcon.colcon_core.shell:Creating prefix script '/home/i-mini900/dog/dog_ws/install/local_setup.bash'
[1.146s] INFO:colcon.colcon_core.shell:Creating prefix chain script '/home/i-mini900/dog/dog_ws/install/setup.bash'
[1.147s] INFO:colcon.colcon_core.shell:Creating prefix script '/home/i-mini900/dog/dog_ws/install/local_setup.zsh'
[1.149s] INFO:colcon.colcon_core.shell:Creating prefix chain script '/home/i-mini900/dog/dog_ws/install/setup.zsh'
