[0.009s] Invoking command in '/home/i-mini900/dog/dog_ws/build/unitree_legged_msgs': CMAKE_PREFIX_PATH=${CMAKE_PREFIX_PATH}:/opt/ros/humble /usr/bin/cmake --build /home/i-mini900/dog/dog_ws/build/unitree_legged_msgs -- -j16 -l16
[0.053s] [  3%] Built target unitree_legged_msgs__cpp
[0.053s] [ 12%] Built target unitree_legged_msgs__rosidl_generator_c
[0.064s] [ 12%] Built target ament_cmake_python_copy_unitree_legged_msgs
[0.072s] [ 61%] Built target unitree_legged_msgs__rosidl_typesupport_c
[0.072s] [ 61%] Built target unitree_legged_msgs__rosidl_typesupport_introspection_cpp
[0.072s] [ 61%] Built target unitree_legged_msgs__rosidl_typesupport_cpp
[0.072s] [ 61%] Built target unitree_legged_msgs__rosidl_typesupport_fastrtps_c
[0.072s] [ 61%] Built target unitree_legged_msgs__rosidl_typesupport_fastrtps_cpp
[0.073s] [ 70%] Built target unitree_legged_msgs__rosidl_typesupport_introspection_c
[0.090s] [ 70%] Built target unitree_legged_msgs
[0.108s] [ 74%] Built target unitree_legged_msgs__py
[0.133s] [ 80%] Built target unitree_legged_msgs__rosidl_generator_py
[0.151s] [100%] Built target unitree_legged_msgs__rosidl_typesupport_c__pyext
[0.151s] [100%] Built target unitree_legged_msgs__rosidl_typesupport_fastrtps_c__pyext
[0.151s] [100%] Built target unitree_legged_msgs__rosidl_typesupport_introspection_c__pyext
[0.234s] running egg_info
[0.235s] writing unitree_legged_msgs.egg-info/PKG-INFO
[0.235s] writing dependency_links to unitree_legged_msgs.egg-info/dependency_links.txt
[0.235s] writing top-level names to unitree_legged_msgs.egg-info/top_level.txt
[0.236s] reading manifest file 'unitree_legged_msgs.egg-info/SOURCES.txt'
[0.236s] writing manifest file 'unitree_legged_msgs.egg-info/SOURCES.txt'
[0.256s] [100%] Built target ament_cmake_python_build_unitree_legged_msgs_egg
[0.270s] Invoked command in '/home/i-mini900/dog/dog_ws/build/unitree_legged_msgs' returned '0': CMAKE_PREFIX_PATH=${CMAKE_PREFIX_PATH}:/opt/ros/humble /usr/bin/cmake --build /home/i-mini900/dog/dog_ws/build/unitree_legged_msgs -- -j16 -l16
[0.278s] Invoking command in '/home/i-mini900/dog/dog_ws/build/unitree_legged_msgs': CMAKE_PREFIX_PATH=${CMAKE_PREFIX_PATH}:/opt/ros/humble /usr/bin/cmake --install /home/i-mini900/dog/dog_ws/build/unitree_legged_msgs
[0.285s] -- Install configuration: ""
[0.285s] -- Up-to-date: /home/i-mini900/dog/dog_ws/install/unitree_legged_msgs/share/ament_index/resource_index/rosidl_interfaces/unitree_legged_msgs
[0.285s] -- Up-to-date: /home/i-mini900/dog/dog_ws/install/unitree_legged_msgs/include/unitree_legged_msgs/unitree_legged_msgs
[0.285s] -- Up-to-date: /home/i-mini900/dog/dog_ws/install/unitree_legged_msgs/include/unitree_legged_msgs/unitree_legged_msgs/msg
[0.285s] -- Up-to-date: /home/i-mini900/dog/dog_ws/install/unitree_legged_msgs/include/unitree_legged_msgs/unitree_legged_msgs/msg/rosidl_generator_c__visibility_control.h
[0.285s] -- Up-to-date: /home/i-mini900/dog/dog_ws/install/unitree_legged_msgs/include/unitree_legged_msgs/unitree_legged_msgs/msg/motor_state.h
[0.286s] -- Up-to-date: /home/i-mini900/dog/dog_ws/install/unitree_legged_msgs/include/unitree_legged_msgs/unitree_legged_msgs/msg/detail
[0.286s] -- Up-to-date: /home/i-mini900/dog/dog_ws/install/unitree_legged_msgs/include/unitree_legged_msgs/unitree_legged_msgs/msg/detail/motor_state__type_support.h
[0.286s] -- Up-to-date: /home/i-mini900/dog/dog_ws/install/unitree_legged_msgs/include/unitree_legged_msgs/unitree_legged_msgs/msg/detail/motor_state__functions.c
[0.286s] -- Up-to-date: /home/i-mini900/dog/dog_ws/install/unitree_legged_msgs/include/unitree_legged_msgs/unitree_legged_msgs/msg/detail/motor_state__struct.h
[0.286s] -- Up-to-date: /home/i-mini900/dog/dog_ws/install/unitree_legged_msgs/include/unitree_legged_msgs/unitree_legged_msgs/msg/detail/motor_state__functions.h
[0.286s] -- Up-to-date: /home/i-mini900/dog/dog_ws/install/unitree_legged_msgs/share/unitree_legged_msgs/environment/library_path.sh
[0.286s] -- Up-to-date: /home/i-mini900/dog/dog_ws/install/unitree_legged_msgs/share/unitree_legged_msgs/environment/library_path.dsv
[0.286s] -- Up-to-date: /home/i-mini900/dog/dog_ws/install/unitree_legged_msgs/lib/libunitree_legged_msgs__rosidl_generator_c.so
[0.286s] -- Up-to-date: /home/i-mini900/dog/dog_ws/install/unitree_legged_msgs/include/unitree_legged_msgs/unitree_legged_msgs
[0.286s] -- Up-to-date: /home/i-mini900/dog/dog_ws/install/unitree_legged_msgs/include/unitree_legged_msgs/unitree_legged_msgs/msg
[0.286s] -- Up-to-date: /home/i-mini900/dog/dog_ws/install/unitree_legged_msgs/include/unitree_legged_msgs/unitree_legged_msgs/msg/rosidl_typesupport_fastrtps_c__visibility_control.h
[0.286s] -- Up-to-date: /home/i-mini900/dog/dog_ws/install/unitree_legged_msgs/include/unitree_legged_msgs/unitree_legged_msgs/msg/detail
[0.286s] -- Up-to-date: /home/i-mini900/dog/dog_ws/install/unitree_legged_msgs/include/unitree_legged_msgs/unitree_legged_msgs/msg/detail/motor_state__rosidl_typesupport_fastrtps_c.h
[0.286s] -- Up-to-date: /home/i-mini900/dog/dog_ws/install/unitree_legged_msgs/lib/libunitree_legged_msgs__rosidl_typesupport_fastrtps_c.so
[0.286s] -- Up-to-date: /home/i-mini900/dog/dog_ws/install/unitree_legged_msgs/include/unitree_legged_msgs/unitree_legged_msgs
[0.286s] -- Up-to-date: /home/i-mini900/dog/dog_ws/install/unitree_legged_msgs/include/unitree_legged_msgs/unitree_legged_msgs/msg
[0.286s] -- Up-to-date: /home/i-mini900/dog/dog_ws/install/unitree_legged_msgs/include/unitree_legged_msgs/unitree_legged_msgs/msg/rosidl_generator_cpp__visibility_control.hpp
[0.286s] -- Up-to-date: /home/i-mini900/dog/dog_ws/install/unitree_legged_msgs/include/unitree_legged_msgs/unitree_legged_msgs/msg/motor_state.hpp
[0.286s] -- Up-to-date: /home/i-mini900/dog/dog_ws/install/unitree_legged_msgs/include/unitree_legged_msgs/unitree_legged_msgs/msg/detail
[0.286s] -- Up-to-date: /home/i-mini900/dog/dog_ws/install/unitree_legged_msgs/include/unitree_legged_msgs/unitree_legged_msgs/msg/detail/motor_state__type_support.hpp
[0.286s] -- Up-to-date: /home/i-mini900/dog/dog_ws/install/unitree_legged_msgs/include/unitree_legged_msgs/unitree_legged_msgs/msg/detail/motor_state__builder.hpp
[0.286s] -- Up-to-date: /home/i-mini900/dog/dog_ws/install/unitree_legged_msgs/include/unitree_legged_msgs/unitree_legged_msgs/msg/detail/motor_state__struct.hpp
[0.286s] -- Up-to-date: /home/i-mini900/dog/dog_ws/install/unitree_legged_msgs/include/unitree_legged_msgs/unitree_legged_msgs/msg/detail/motor_state__traits.hpp
[0.287s] -- Up-to-date: /home/i-mini900/dog/dog_ws/install/unitree_legged_msgs/include/unitree_legged_msgs/unitree_legged_msgs
[0.287s] -- Up-to-date: /home/i-mini900/dog/dog_ws/install/unitree_legged_msgs/include/unitree_legged_msgs/unitree_legged_msgs/msg
[0.287s] -- Up-to-date: /home/i-mini900/dog/dog_ws/install/unitree_legged_msgs/include/unitree_legged_msgs/unitree_legged_msgs/msg/rosidl_typesupport_fastrtps_cpp__visibility_control.h
[0.287s] -- Up-to-date: /home/i-mini900/dog/dog_ws/install/unitree_legged_msgs/include/unitree_legged_msgs/unitree_legged_msgs/msg/detail
[0.287s] -- Up-to-date: /home/i-mini900/dog/dog_ws/install/unitree_legged_msgs/include/unitree_legged_msgs/unitree_legged_msgs/msg/detail/dds_fastrtps
[0.287s] -- Up-to-date: /home/i-mini900/dog/dog_ws/install/unitree_legged_msgs/include/unitree_legged_msgs/unitree_legged_msgs/msg/detail/motor_state__rosidl_typesupport_fastrtps_cpp.hpp
[0.287s] -- Up-to-date: /home/i-mini900/dog/dog_ws/install/unitree_legged_msgs/lib/libunitree_legged_msgs__rosidl_typesupport_fastrtps_cpp.so
[0.287s] -- Up-to-date: /home/i-mini900/dog/dog_ws/install/unitree_legged_msgs/include/unitree_legged_msgs/unitree_legged_msgs
[0.287s] -- Up-to-date: /home/i-mini900/dog/dog_ws/install/unitree_legged_msgs/include/unitree_legged_msgs/unitree_legged_msgs/msg
[0.287s] -- Up-to-date: /home/i-mini900/dog/dog_ws/install/unitree_legged_msgs/include/unitree_legged_msgs/unitree_legged_msgs/msg/rosidl_typesupport_introspection_c__visibility_control.h
[0.287s] -- Up-to-date: /home/i-mini900/dog/dog_ws/install/unitree_legged_msgs/include/unitree_legged_msgs/unitree_legged_msgs/msg/detail
[0.287s] -- Up-to-date: /home/i-mini900/dog/dog_ws/install/unitree_legged_msgs/include/unitree_legged_msgs/unitree_legged_msgs/msg/detail/motor_state__rosidl_typesupport_introspection_c.h
[0.287s] -- Up-to-date: /home/i-mini900/dog/dog_ws/install/unitree_legged_msgs/include/unitree_legged_msgs/unitree_legged_msgs/msg/detail/motor_state__type_support.c
[0.287s] -- Up-to-date: /home/i-mini900/dog/dog_ws/install/unitree_legged_msgs/lib/libunitree_legged_msgs__rosidl_typesupport_introspection_c.so
[0.287s] -- Up-to-date: /home/i-mini900/dog/dog_ws/install/unitree_legged_msgs/lib/libunitree_legged_msgs__rosidl_typesupport_c.so
[0.287s] -- Up-to-date: /home/i-mini900/dog/dog_ws/install/unitree_legged_msgs/include/unitree_legged_msgs/unitree_legged_msgs
[0.287s] -- Up-to-date: /home/i-mini900/dog/dog_ws/install/unitree_legged_msgs/include/unitree_legged_msgs/unitree_legged_msgs/msg
[0.287s] -- Up-to-date: /home/i-mini900/dog/dog_ws/install/unitree_legged_msgs/include/unitree_legged_msgs/unitree_legged_msgs/msg/detail
[0.287s] -- Up-to-date: /home/i-mini900/dog/dog_ws/install/unitree_legged_msgs/include/unitree_legged_msgs/unitree_legged_msgs/msg/detail/motor_state__rosidl_typesupport_introspection_cpp.hpp
[0.287s] -- Up-to-date: /home/i-mini900/dog/dog_ws/install/unitree_legged_msgs/include/unitree_legged_msgs/unitree_legged_msgs/msg/detail/motor_state__type_support.cpp
[0.287s] -- Up-to-date: /home/i-mini900/dog/dog_ws/install/unitree_legged_msgs/lib/libunitree_legged_msgs__rosidl_typesupport_introspection_cpp.so
[0.287s] -- Up-to-date: /home/i-mini900/dog/dog_ws/install/unitree_legged_msgs/lib/libunitree_legged_msgs__rosidl_typesupport_cpp.so
[0.287s] -- Up-to-date: /home/i-mini900/dog/dog_ws/install/unitree_legged_msgs/share/unitree_legged_msgs/environment/pythonpath.sh
[0.288s] -- Up-to-date: /home/i-mini900/dog/dog_ws/install/unitree_legged_msgs/share/unitree_legged_msgs/environment/pythonpath.dsv
[0.288s] -- Up-to-date: /home/i-mini900/dog/dog_ws/install/unitree_legged_msgs/local/lib/python3.10/dist-packages/unitree_legged_msgs-0.0.0-py3.10.egg-info
[0.288s] -- Installing: /home/i-mini900/dog/dog_ws/install/unitree_legged_msgs/local/lib/python3.10/dist-packages/unitree_legged_msgs-0.0.0-py3.10.egg-info/SOURCES.txt
[0.288s] -- Installing: /home/i-mini900/dog/dog_ws/install/unitree_legged_msgs/local/lib/python3.10/dist-packages/unitree_legged_msgs-0.0.0-py3.10.egg-info/dependency_links.txt
[0.288s] -- Installing: /home/i-mini900/dog/dog_ws/install/unitree_legged_msgs/local/lib/python3.10/dist-packages/unitree_legged_msgs-0.0.0-py3.10.egg-info/top_level.txt
[0.288s] -- Installing: /home/i-mini900/dog/dog_ws/install/unitree_legged_msgs/local/lib/python3.10/dist-packages/unitree_legged_msgs-0.0.0-py3.10.egg-info/PKG-INFO
[0.288s] -- Up-to-date: /home/i-mini900/dog/dog_ws/install/unitree_legged_msgs/local/lib/python3.10/dist-packages/unitree_legged_msgs
[0.288s] -- Up-to-date: /home/i-mini900/dog/dog_ws/install/unitree_legged_msgs/local/lib/python3.10/dist-packages/unitree_legged_msgs/_unitree_legged_msgs_s.ep.rosidl_typesupport_fastrtps_c.c
[0.289s] -- Up-to-date: /home/i-mini900/dog/dog_ws/install/unitree_legged_msgs/local/lib/python3.10/dist-packages/unitree_legged_msgs/__init__.py
[0.289s] -- Up-to-date: /home/i-mini900/dog/dog_ws/install/unitree_legged_msgs/local/lib/python3.10/dist-packages/unitree_legged_msgs/unitree_legged_msgs_s__rosidl_typesupport_fastrtps_c.cpython-310-x86_64-linux-gnu.so
[0.289s] -- Up-to-date: /home/i-mini900/dog/dog_ws/install/unitree_legged_msgs/local/lib/python3.10/dist-packages/unitree_legged_msgs/unitree_legged_msgs_s__rosidl_typesupport_c.cpython-310-x86_64-linux-gnu.so
[0.289s] -- Up-to-date: /home/i-mini900/dog/dog_ws/install/unitree_legged_msgs/local/lib/python3.10/dist-packages/unitree_legged_msgs/libunitree_legged_msgs__rosidl_generator_py.so
[0.289s] -- Up-to-date: /home/i-mini900/dog/dog_ws/install/unitree_legged_msgs/local/lib/python3.10/dist-packages/unitree_legged_msgs/msg
[0.289s] -- Up-to-date: /home/i-mini900/dog/dog_ws/install/unitree_legged_msgs/local/lib/python3.10/dist-packages/unitree_legged_msgs/msg/__init__.py
[0.289s] -- Up-to-date: /home/i-mini900/dog/dog_ws/install/unitree_legged_msgs/local/lib/python3.10/dist-packages/unitree_legged_msgs/msg/_motor_state_s.c
[0.289s] -- Up-to-date: /home/i-mini900/dog/dog_ws/install/unitree_legged_msgs/local/lib/python3.10/dist-packages/unitree_legged_msgs/msg/_motor_state.py
[0.289s] -- Up-to-date: /home/i-mini900/dog/dog_ws/install/unitree_legged_msgs/local/lib/python3.10/dist-packages/unitree_legged_msgs/_unitree_legged_msgs_s.ep.rosidl_typesupport_c.c
[0.289s] -- Up-to-date: /home/i-mini900/dog/dog_ws/install/unitree_legged_msgs/local/lib/python3.10/dist-packages/unitree_legged_msgs/unitree_legged_msgs_s__rosidl_typesupport_introspection_c.cpython-310-x86_64-linux-gnu.so
[0.289s] -- Up-to-date: /home/i-mini900/dog/dog_ws/install/unitree_legged_msgs/local/lib/python3.10/dist-packages/unitree_legged_msgs/_unitree_legged_msgs_s.ep.rosidl_typesupport_introspection_c.c
[0.315s] Listing '/home/i-mini900/dog/dog_ws/install/unitree_legged_msgs/local/lib/python3.10/dist-packages/unitree_legged_msgs'...
[0.315s] Listing '/home/i-mini900/dog/dog_ws/install/unitree_legged_msgs/local/lib/python3.10/dist-packages/unitree_legged_msgs/msg'...
[0.317s] -- Up-to-date: /home/i-mini900/dog/dog_ws/install/unitree_legged_msgs/local/lib/python3.10/dist-packages/unitree_legged_msgs/unitree_legged_msgs_s__rosidl_typesupport_fastrtps_c.cpython-310-x86_64-linux-gnu.so
[0.318s] -- Up-to-date: /home/i-mini900/dog/dog_ws/install/unitree_legged_msgs/local/lib/python3.10/dist-packages/unitree_legged_msgs/unitree_legged_msgs_s__rosidl_typesupport_introspection_c.cpython-310-x86_64-linux-gnu.so
[0.318s] -- Up-to-date: /home/i-mini900/dog/dog_ws/install/unitree_legged_msgs/local/lib/python3.10/dist-packages/unitree_legged_msgs/unitree_legged_msgs_s__rosidl_typesupport_c.cpython-310-x86_64-linux-gnu.so
[0.318s] -- Up-to-date: /home/i-mini900/dog/dog_ws/install/unitree_legged_msgs/lib/libunitree_legged_msgs__rosidl_generator_py.so
[0.318s] -- Up-to-date: /home/i-mini900/dog/dog_ws/install/unitree_legged_msgs/share/unitree_legged_msgs/msg/MotorState.idl
[0.318s] -- Up-to-date: /home/i-mini900/dog/dog_ws/install/unitree_legged_msgs/share/unitree_legged_msgs/msg/MotorState.msg
[0.318s] -- Up-to-date: /home/i-mini900/dog/dog_ws/install/unitree_legged_msgs/share/ament_index/resource_index/package_run_dependencies/unitree_legged_msgs
[0.318s] -- Up-to-date: /home/i-mini900/dog/dog_ws/install/unitree_legged_msgs/share/ament_index/resource_index/parent_prefix_path/unitree_legged_msgs
[0.318s] -- Up-to-date: /home/i-mini900/dog/dog_ws/install/unitree_legged_msgs/share/unitree_legged_msgs/environment/ament_prefix_path.sh
[0.318s] -- Up-to-date: /home/i-mini900/dog/dog_ws/install/unitree_legged_msgs/share/unitree_legged_msgs/environment/ament_prefix_path.dsv
[0.319s] -- Up-to-date: /home/i-mini900/dog/dog_ws/install/unitree_legged_msgs/share/unitree_legged_msgs/environment/path.sh
[0.319s] -- Up-to-date: /home/i-mini900/dog/dog_ws/install/unitree_legged_msgs/share/unitree_legged_msgs/environment/path.dsv
[0.319s] -- Up-to-date: /home/i-mini900/dog/dog_ws/install/unitree_legged_msgs/share/unitree_legged_msgs/local_setup.bash
[0.319s] -- Up-to-date: /home/i-mini900/dog/dog_ws/install/unitree_legged_msgs/share/unitree_legged_msgs/local_setup.sh
[0.319s] -- Up-to-date: /home/i-mini900/dog/dog_ws/install/unitree_legged_msgs/share/unitree_legged_msgs/local_setup.zsh
[0.319s] -- Up-to-date: /home/i-mini900/dog/dog_ws/install/unitree_legged_msgs/share/unitree_legged_msgs/local_setup.dsv
[0.319s] -- Installing: /home/i-mini900/dog/dog_ws/install/unitree_legged_msgs/share/unitree_legged_msgs/package.dsv
[0.319s] -- Up-to-date: /home/i-mini900/dog/dog_ws/install/unitree_legged_msgs/share/ament_index/resource_index/packages/unitree_legged_msgs
[0.319s] -- Up-to-date: /home/i-mini900/dog/dog_ws/install/unitree_legged_msgs/share/unitree_legged_msgs/cmake/export_unitree_legged_msgs__rosidl_generator_cExport.cmake
[0.319s] -- Up-to-date: /home/i-mini900/dog/dog_ws/install/unitree_legged_msgs/share/unitree_legged_msgs/cmake/export_unitree_legged_msgs__rosidl_generator_cExport-noconfig.cmake
[0.319s] -- Up-to-date: /home/i-mini900/dog/dog_ws/install/unitree_legged_msgs/share/unitree_legged_msgs/cmake/export_unitree_legged_msgs__rosidl_typesupport_fastrtps_cExport.cmake
[0.319s] -- Up-to-date: /home/i-mini900/dog/dog_ws/install/unitree_legged_msgs/share/unitree_legged_msgs/cmake/export_unitree_legged_msgs__rosidl_typesupport_fastrtps_cExport-noconfig.cmake
[0.319s] -- Up-to-date: /home/i-mini900/dog/dog_ws/install/unitree_legged_msgs/share/unitree_legged_msgs/cmake/export_unitree_legged_msgs__rosidl_generator_cppExport.cmake
[0.319s] -- Up-to-date: /home/i-mini900/dog/dog_ws/install/unitree_legged_msgs/share/unitree_legged_msgs/cmake/export_unitree_legged_msgs__rosidl_typesupport_fastrtps_cppExport.cmake
[0.319s] -- Up-to-date: /home/i-mini900/dog/dog_ws/install/unitree_legged_msgs/share/unitree_legged_msgs/cmake/export_unitree_legged_msgs__rosidl_typesupport_fastrtps_cppExport-noconfig.cmake
[0.319s] -- Up-to-date: /home/i-mini900/dog/dog_ws/install/unitree_legged_msgs/share/unitree_legged_msgs/cmake/unitree_legged_msgs__rosidl_typesupport_introspection_cExport.cmake
[0.319s] -- Up-to-date: /home/i-mini900/dog/dog_ws/install/unitree_legged_msgs/share/unitree_legged_msgs/cmake/unitree_legged_msgs__rosidl_typesupport_introspection_cExport-noconfig.cmake
[0.319s] -- Up-to-date: /home/i-mini900/dog/dog_ws/install/unitree_legged_msgs/share/unitree_legged_msgs/cmake/unitree_legged_msgs__rosidl_typesupport_cExport.cmake
[0.319s] -- Up-to-date: /home/i-mini900/dog/dog_ws/install/unitree_legged_msgs/share/unitree_legged_msgs/cmake/unitree_legged_msgs__rosidl_typesupport_cExport-noconfig.cmake
[0.319s] -- Up-to-date: /home/i-mini900/dog/dog_ws/install/unitree_legged_msgs/share/unitree_legged_msgs/cmake/unitree_legged_msgs__rosidl_typesupport_introspection_cppExport.cmake
[0.320s] -- Up-to-date: /home/i-mini900/dog/dog_ws/install/unitree_legged_msgs/share/unitree_legged_msgs/cmake/unitree_legged_msgs__rosidl_typesupport_introspection_cppExport-noconfig.cmake
[0.320s] -- Up-to-date: /home/i-mini900/dog/dog_ws/install/unitree_legged_msgs/share/unitree_legged_msgs/cmake/unitree_legged_msgs__rosidl_typesupport_cppExport.cmake
[0.320s] -- Up-to-date: /home/i-mini900/dog/dog_ws/install/unitree_legged_msgs/share/unitree_legged_msgs/cmake/unitree_legged_msgs__rosidl_typesupport_cppExport-noconfig.cmake
[0.320s] -- Up-to-date: /home/i-mini900/dog/dog_ws/install/unitree_legged_msgs/share/unitree_legged_msgs/cmake/export_unitree_legged_msgs__rosidl_generator_pyExport.cmake
[0.320s] -- Up-to-date: /home/i-mini900/dog/dog_ws/install/unitree_legged_msgs/share/unitree_legged_msgs/cmake/export_unitree_legged_msgs__rosidl_generator_pyExport-noconfig.cmake
[0.320s] -- Up-to-date: /home/i-mini900/dog/dog_ws/install/unitree_legged_msgs/share/unitree_legged_msgs/cmake/rosidl_cmake-extras.cmake
[0.320s] -- Up-to-date: /home/i-mini900/dog/dog_ws/install/unitree_legged_msgs/share/unitree_legged_msgs/cmake/ament_cmake_export_dependencies-extras.cmake
[0.320s] -- Up-to-date: /home/i-mini900/dog/dog_ws/install/unitree_legged_msgs/share/unitree_legged_msgs/cmake/ament_cmake_export_include_directories-extras.cmake
[0.320s] -- Up-to-date: /home/i-mini900/dog/dog_ws/install/unitree_legged_msgs/share/unitree_legged_msgs/cmake/ament_cmake_export_libraries-extras.cmake
[0.320s] -- Up-to-date: /home/i-mini900/dog/dog_ws/install/unitree_legged_msgs/share/unitree_legged_msgs/cmake/ament_cmake_export_targets-extras.cmake
[0.320s] -- Up-to-date: /home/i-mini900/dog/dog_ws/install/unitree_legged_msgs/share/unitree_legged_msgs/cmake/rosidl_cmake_export_typesupport_targets-extras.cmake
[0.320s] -- Up-to-date: /home/i-mini900/dog/dog_ws/install/unitree_legged_msgs/share/unitree_legged_msgs/cmake/rosidl_cmake_export_typesupport_libraries-extras.cmake
[0.320s] -- Up-to-date: /home/i-mini900/dog/dog_ws/install/unitree_legged_msgs/share/unitree_legged_msgs/cmake/unitree_legged_msgsConfig.cmake
[0.320s] -- Up-to-date: /home/i-mini900/dog/dog_ws/install/unitree_legged_msgs/share/unitree_legged_msgs/cmake/unitree_legged_msgsConfig-version.cmake
[0.320s] -- Up-to-date: /home/i-mini900/dog/dog_ws/install/unitree_legged_msgs/share/unitree_legged_msgs/package.xml
[0.322s] Invoked command in '/home/i-mini900/dog/dog_ws/build/unitree_legged_msgs' returned '0': CMAKE_PREFIX_PATH=${CMAKE_PREFIX_PATH}:/opt/ros/humble /usr/bin/cmake --install /home/i-mini900/dog/dog_ws/build/unitree_legged_msgs
