[0.011s] Invoking command in '/home/i-mini900/dog/dog_ws/build/unitree_legged_msgs': CMAKE_PREFIX_PATH=${CMAKE_PREFIX_PATH}:/opt/ros/humble /usr/bin/cmake /home/i-mini900/dog/dog_ws/src/unitree_legged_msgs -DCMAKE_INSTALL_PREFIX=/home/i-mini900/dog/dog_ws/install/unitree_legged_msgs
[0.085s] -- The C compiler identification is GNU 11.4.0
[0.142s] -- The CXX compiler identification is GNU 11.4.0
[0.148s] -- Detecting C compiler ABI info
[0.210s] -- Detecting C compiler ABI info - done
[0.214s] -- Check for working C compiler: /usr/bin/cc - skipped
[0.214s] -- Detecting C compile features
[0.215s] -- Detecting C compile features - done
[0.216s] -- Detecting CXX compiler ABI info
[0.285s] -- Detecting CXX compiler ABI info - done
[0.289s] -- Check for working CXX compiler: /usr/bin/c++ - skipped
[0.289s] -- Detecting CXX compile features
[0.290s] -- Detecting CXX compile features - done
[0.293s] -- Found ament_cmake: 1.3.12 (/opt/ros/humble/share/ament_cmake/cmake)
[0.416s] -- Found Python3: /usr/bin/python3 (found version "3.10.12") found components: Interpreter 
[0.494s] -- Found std_msgs: 4.9.0 (/opt/ros/humble/share/std_msgs/cmake)
[0.521s] -- Found rosidl_generator_c: 3.1.7 (/opt/ros/humble/share/rosidl_generator_c/cmake)
[0.525s] -- Found rosidl_adapter: 3.1.7 (/opt/ros/humble/share/rosidl_adapter/cmake)
[0.532s] -- Found rosidl_generator_cpp: 3.1.7 (/opt/ros/humble/share/rosidl_generator_cpp/cmake)
[0.542s] -- Using all available rosidl_typesupport_c: rosidl_typesupport_fastrtps_c;rosidl_typesupport_introspection_c
[0.553s] -- Using all available rosidl_typesupport_cpp: rosidl_typesupport_fastrtps_cpp;rosidl_typesupport_introspection_cpp
[0.569s] -- Found rosidl_default_generators: 1.2.0 (/opt/ros/humble/share/rosidl_default_generators/cmake)
[0.767s] -- Found ament_cmake_cppcheck: 0.12.14 (/opt/ros/humble/share/ament_cmake_cppcheck/cmake)
[0.770s] -- Found ament_cmake_cpplint: 0.12.14 (/opt/ros/humble/share/ament_cmake_cpplint/cmake)
[0.773s] -- Found ament_cmake_uncrustify: 0.12.14 (/opt/ros/humble/share/ament_cmake_uncrustify/cmake)
[0.775s] -- Found ament_cmake_ros: 0.10.0 (/opt/ros/humble/share/ament_cmake_ros/cmake)
[1.054s] -- Using all available rosidl_typesupport_c: rosidl_typesupport_fastrtps_c;rosidl_typesupport_introspection_c
[1.163s] -- Using all available rosidl_typesupport_cpp: rosidl_typesupport_fastrtps_cpp;rosidl_typesupport_introspection_cpp
[1.183s] -- Found PythonInterp: /usr/bin/python3 (found suitable version "3.10.12", minimum required is "3.6") 
[1.185s] -- Found python_cmake_module: 0.10.0 (/opt/ros/humble/share/python_cmake_module/cmake)
[1.213s] -- Found PythonLibs: /usr/lib/x86_64-linux-gnu/libpython3.10.so (found suitable version "3.10.12", minimum required is "3.5") 
[1.213s] -- Using PYTHON_EXECUTABLE: /usr/bin/python3
[1.213s] -- Using PYTHON_INCLUDE_DIRS: /usr/include/python3.10
[1.213s] -- Using PYTHON_LIBRARIES: /usr/lib/x86_64-linux-gnu/libpython3.10.so
[1.231s] -- Found PythonExtra: .so  
[1.359s] -- Using numpy include directory: /home/i-mini900/.local/lib/python3.10/site-packages/numpy/core/include
[1.370s] -- Found ament_cmake_flake8: 0.12.14 (/opt/ros/humble/share/ament_cmake_flake8/cmake)
[1.372s] -- Found ament_cmake_pep257: 0.12.14 (/opt/ros/humble/share/ament_cmake_pep257/cmake)
[1.376s] -- Found ament_lint_auto: 0.12.14 (/opt/ros/humble/share/ament_lint_auto/cmake)
[1.387s] -- Added test 'lint_cmake' to check CMake code style
[1.387s] -- Added test 'xmllint' to check XML markup files
[1.389s] -- Configuring done
[1.411s] -- Generating done
[1.418s] -- Build files have been written to: /home/i-mini900/dog/dog_ws/build/unitree_legged_msgs
[1.425s] Invoked command in '/home/i-mini900/dog/dog_ws/build/unitree_legged_msgs' returned '0': CMAKE_PREFIX_PATH=${CMAKE_PREFIX_PATH}:/opt/ros/humble /usr/bin/cmake /home/i-mini900/dog/dog_ws/src/unitree_legged_msgs -DCMAKE_INSTALL_PREFIX=/home/i-mini900/dog/dog_ws/install/unitree_legged_msgs
[1.426s] Invoking command in '/home/i-mini900/dog/dog_ws/build/unitree_legged_msgs': CMAKE_PREFIX_PATH=${CMAKE_PREFIX_PATH}:/opt/ros/humble /usr/bin/cmake --build /home/i-mini900/dog/dog_ws/build/unitree_legged_msgs -- -j16 -l16
[1.461s] [  3%] [34m[1mGenerating C code for ROS interfaces[0m
[1.470s] [  6%] [34m[1mGenerating C++ code for ROS interfaces[0m
[1.480s] [  6%] Built target ament_cmake_python_copy_unitree_legged_msgs
[1.642s] running egg_info
[1.642s] creating unitree_legged_msgs.egg-info
[1.643s] writing unitree_legged_msgs.egg-info/PKG-INFO
[1.643s] writing dependency_links to unitree_legged_msgs.egg-info/dependency_links.txt
[1.643s] writing top-level names to unitree_legged_msgs.egg-info/top_level.txt
[1.643s] writing manifest file 'unitree_legged_msgs.egg-info/SOURCES.txt'
[1.645s] reading manifest file 'unitree_legged_msgs.egg-info/SOURCES.txt'
[1.645s] writing manifest file 'unitree_legged_msgs.egg-info/SOURCES.txt'
[1.659s] [  6%] Built target unitree_legged_msgs__cpp
[1.660s] [  9%] [32mBuilding C object CMakeFiles/unitree_legged_msgs__rosidl_generator_c.dir/rosidl_generator_c/unitree_legged_msgs/msg/detail/motor_state__functions.c.o[0m
[1.667s] [ 16%] [34m[1mGenerating C++ type support for eProsima Fast-RTPS[0m
[1.667s] [ 16%] [34m[1mGenerating C++ type support dispatch for ROS interfaces[0m
[1.667s] [ 16%] Built target ament_cmake_python_build_unitree_legged_msgs_egg
[1.667s] [ 19%] [34m[1mGenerating C++ introspection for ROS interfaces[0m
[1.706s] [ 22%] [32m[1mLinking C shared library libunitree_legged_msgs__rosidl_generator_c.so[0m
[1.740s] [ 22%] Built target unitree_legged_msgs__rosidl_generator_c
[1.749s] [ 29%] [34m[1mGenerating C type support dispatch for ROS interfaces[0m
[1.749s] [ 32%] [34m[1mGenerating C type support for eProsima Fast-RTPS[0m
[1.749s] [ 32%] [34m[1mGenerating C introspection for ROS interfaces[0m
[1.839s] [ 35%] [32mBuilding CXX object CMakeFiles/unitree_legged_msgs__rosidl_typesupport_cpp.dir/rosidl_typesupport_cpp/unitree_legged_msgs/msg/motor_state__type_support.cpp.o[0m
[1.855s] [ 38%] [32mBuilding CXX object CMakeFiles/unitree_legged_msgs__rosidl_typesupport_fastrtps_cpp.dir/rosidl_typesupport_fastrtps_cpp/unitree_legged_msgs/msg/detail/dds_fastrtps/motor_state__type_support.cpp.o[0m
[1.855s] [ 41%] [32mBuilding CXX object CMakeFiles/unitree_legged_msgs__rosidl_typesupport_introspection_cpp.dir/rosidl_typesupport_introspection_cpp/unitree_legged_msgs/msg/detail/motor_state__type_support.cpp.o[0m
[1.925s] [ 45%] [32mBuilding CXX object CMakeFiles/unitree_legged_msgs__rosidl_typesupport_c.dir/rosidl_typesupport_c/unitree_legged_msgs/msg/motor_state__type_support.cpp.o[0m
[1.952s] [ 48%] [32m[1mLinking CXX shared library libunitree_legged_msgs__rosidl_typesupport_c.so[0m
[1.952s] [ 54%] [32mBuilding C object CMakeFiles/unitree_legged_msgs__rosidl_typesupport_introspection_c.dir/rosidl_typesupport_introspection_c/unitree_legged_msgs/msg/detail/motor_state__type_support.c.o[0m
[1.952s] [ 54%] [32mBuilding CXX object CMakeFiles/unitree_legged_msgs__rosidl_typesupport_fastrtps_c.dir/rosidl_typesupport_fastrtps_c/unitree_legged_msgs/msg/detail/motor_state__type_support_c.cpp.o[0m
[1.982s] [ 58%] [32m[1mLinking C shared library libunitree_legged_msgs__rosidl_typesupport_introspection_c.so[0m
[1.988s] [ 58%] Built target unitree_legged_msgs__rosidl_typesupport_c
[2.010s] [ 58%] Built target unitree_legged_msgs__rosidl_typesupport_introspection_c
[2.028s] [ 61%] [32m[1mLinking CXX shared library libunitree_legged_msgs__rosidl_typesupport_cpp.so[0m
[2.064s] [ 61%] Built target unitree_legged_msgs__rosidl_typesupport_cpp
[2.111s] [ 64%] [32m[1mLinking CXX shared library libunitree_legged_msgs__rosidl_typesupport_introspection_cpp.so[0m
[2.117s] [ 67%] [32m[1mLinking CXX shared library libunitree_legged_msgs__rosidl_typesupport_fastrtps_cpp.so[0m
[2.146s] [ 67%] Built target unitree_legged_msgs__rosidl_typesupport_introspection_cpp
[2.179s] [ 70%] [32m[1mLinking CXX shared library libunitree_legged_msgs__rosidl_typesupport_fastrtps_c.so[0m
[2.180s] [ 70%] Built target unitree_legged_msgs__rosidl_typesupport_fastrtps_cpp
[2.233s] [ 70%] Built target unitree_legged_msgs__rosidl_typesupport_fastrtps_c
[2.253s] [ 70%] Built target unitree_legged_msgs
[2.275s] [ 74%] [34m[1mGenerating Python code for ROS interfaces[0m
[2.497s] [ 74%] Built target unitree_legged_msgs__py
[2.517s] [ 77%] [32mBuilding C object CMakeFiles/unitree_legged_msgs__rosidl_generator_py.dir/rosidl_generator_py/unitree_legged_msgs/msg/_motor_state_s.c.o[0m
[2.604s] [ 80%] [32m[1mLinking C shared library rosidl_generator_py/unitree_legged_msgs/libunitree_legged_msgs__rosidl_generator_py.so[0m
[2.637s] [ 80%] Built target unitree_legged_msgs__rosidl_generator_py
[2.655s] [ 87%] [32mBuilding C object CMakeFiles/unitree_legged_msgs__rosidl_typesupport_introspection_c__pyext.dir/rosidl_generator_py/unitree_legged_msgs/_unitree_legged_msgs_s.ep.rosidl_typesupport_introspection_c.c.o[0m
[2.656s] [ 87%] [32mBuilding C object CMakeFiles/unitree_legged_msgs__rosidl_typesupport_c__pyext.dir/rosidl_generator_py/unitree_legged_msgs/_unitree_legged_msgs_s.ep.rosidl_typesupport_c.c.o[0m
[2.656s] [ 90%] [32mBuilding C object CMakeFiles/unitree_legged_msgs__rosidl_typesupport_fastrtps_c__pyext.dir/rosidl_generator_py/unitree_legged_msgs/_unitree_legged_msgs_s.ep.rosidl_typesupport_fastrtps_c.c.o[0m
[2.721s] [100%] [32m[1mLinking C shared library rosidl_generator_py/unitree_legged_msgs/unitree_legged_msgs_s__rosidl_typesupport_introspection_c.cpython-310-x86_64-linux-gnu.so[0m
[2.721s] [100%] [32m[1mLinking C shared library rosidl_generator_py/unitree_legged_msgs/unitree_legged_msgs_s__rosidl_typesupport_fastrtps_c.cpython-310-x86_64-linux-gnu.so[0m
[2.721s] [100%] [32m[1mLinking C shared library rosidl_generator_py/unitree_legged_msgs/unitree_legged_msgs_s__rosidl_typesupport_c.cpython-310-x86_64-linux-gnu.so[0m
[2.752s] [100%] Built target unitree_legged_msgs__rosidl_typesupport_c__pyext
[2.752s] [100%] Built target unitree_legged_msgs__rosidl_typesupport_fastrtps_c__pyext
[2.752s] [100%] Built target unitree_legged_msgs__rosidl_typesupport_introspection_c__pyext
[2.762s] Invoked command in '/home/i-mini900/dog/dog_ws/build/unitree_legged_msgs' returned '0': CMAKE_PREFIX_PATH=${CMAKE_PREFIX_PATH}:/opt/ros/humble /usr/bin/cmake --build /home/i-mini900/dog/dog_ws/build/unitree_legged_msgs -- -j16 -l16
[2.771s] Invoking command in '/home/i-mini900/dog/dog_ws/build/unitree_legged_msgs': CMAKE_PREFIX_PATH=${CMAKE_PREFIX_PATH}:/opt/ros/humble /usr/bin/cmake --install /home/i-mini900/dog/dog_ws/build/unitree_legged_msgs
[2.779s] -- Install configuration: ""
[2.779s] -- Installing: /home/i-mini900/dog/dog_ws/install/unitree_legged_msgs/share/ament_index/resource_index/rosidl_interfaces/unitree_legged_msgs
[2.779s] -- Installing: /home/i-mini900/dog/dog_ws/install/unitree_legged_msgs/include/unitree_legged_msgs/unitree_legged_msgs
[2.779s] -- Installing: /home/i-mini900/dog/dog_ws/install/unitree_legged_msgs/include/unitree_legged_msgs/unitree_legged_msgs/msg
[2.780s] -- Installing: /home/i-mini900/dog/dog_ws/install/unitree_legged_msgs/include/unitree_legged_msgs/unitree_legged_msgs/msg/rosidl_generator_c__visibility_control.h
[2.780s] -- Installing: /home/i-mini900/dog/dog_ws/install/unitree_legged_msgs/include/unitree_legged_msgs/unitree_legged_msgs/msg/motor_state.h
[2.780s] -- Installing: /home/i-mini900/dog/dog_ws/install/unitree_legged_msgs/include/unitree_legged_msgs/unitree_legged_msgs/msg/detail
[2.780s] -- Installing: /home/i-mini900/dog/dog_ws/install/unitree_legged_msgs/include/unitree_legged_msgs/unitree_legged_msgs/msg/detail/motor_state__type_support.h
[2.780s] -- Installing: /home/i-mini900/dog/dog_ws/install/unitree_legged_msgs/include/unitree_legged_msgs/unitree_legged_msgs/msg/detail/motor_state__functions.c
[2.780s] -- Installing: /home/i-mini900/dog/dog_ws/install/unitree_legged_msgs/include/unitree_legged_msgs/unitree_legged_msgs/msg/detail/motor_state__struct.h
[2.780s] -- Installing: /home/i-mini900/dog/dog_ws/install/unitree_legged_msgs/include/unitree_legged_msgs/unitree_legged_msgs/msg/detail/motor_state__functions.h
[2.780s] -- Installing: /home/i-mini900/dog/dog_ws/install/unitree_legged_msgs/share/unitree_legged_msgs/environment/library_path.sh
[2.780s] -- Installing: /home/i-mini900/dog/dog_ws/install/unitree_legged_msgs/share/unitree_legged_msgs/environment/library_path.dsv
[2.780s] -- Installing: /home/i-mini900/dog/dog_ws/install/unitree_legged_msgs/lib/libunitree_legged_msgs__rosidl_generator_c.so
[2.780s] -- Set runtime path of "/home/i-mini900/dog/dog_ws/install/unitree_legged_msgs/lib/libunitree_legged_msgs__rosidl_generator_c.so" to ""
[2.780s] -- Up-to-date: /home/i-mini900/dog/dog_ws/install/unitree_legged_msgs/include/unitree_legged_msgs/unitree_legged_msgs
[2.780s] -- Up-to-date: /home/i-mini900/dog/dog_ws/install/unitree_legged_msgs/include/unitree_legged_msgs/unitree_legged_msgs/msg
[2.781s] -- Installing: /home/i-mini900/dog/dog_ws/install/unitree_legged_msgs/include/unitree_legged_msgs/unitree_legged_msgs/msg/rosidl_typesupport_fastrtps_c__visibility_control.h
[2.781s] -- Up-to-date: /home/i-mini900/dog/dog_ws/install/unitree_legged_msgs/include/unitree_legged_msgs/unitree_legged_msgs/msg/detail
[2.781s] -- Installing: /home/i-mini900/dog/dog_ws/install/unitree_legged_msgs/include/unitree_legged_msgs/unitree_legged_msgs/msg/detail/motor_state__rosidl_typesupport_fastrtps_c.h
[2.781s] -- Installing: /home/i-mini900/dog/dog_ws/install/unitree_legged_msgs/lib/libunitree_legged_msgs__rosidl_typesupport_fastrtps_c.so
[2.781s] -- Set runtime path of "/home/i-mini900/dog/dog_ws/install/unitree_legged_msgs/lib/libunitree_legged_msgs__rosidl_typesupport_fastrtps_c.so" to ""
[2.781s] -- Up-to-date: /home/i-mini900/dog/dog_ws/install/unitree_legged_msgs/include/unitree_legged_msgs/unitree_legged_msgs
[2.781s] -- Up-to-date: /home/i-mini900/dog/dog_ws/install/unitree_legged_msgs/include/unitree_legged_msgs/unitree_legged_msgs/msg
[2.781s] -- Installing: /home/i-mini900/dog/dog_ws/install/unitree_legged_msgs/include/unitree_legged_msgs/unitree_legged_msgs/msg/rosidl_generator_cpp__visibility_control.hpp
[2.781s] -- Installing: /home/i-mini900/dog/dog_ws/install/unitree_legged_msgs/include/unitree_legged_msgs/unitree_legged_msgs/msg/motor_state.hpp
[2.781s] -- Up-to-date: /home/i-mini900/dog/dog_ws/install/unitree_legged_msgs/include/unitree_legged_msgs/unitree_legged_msgs/msg/detail
[2.781s] -- Installing: /home/i-mini900/dog/dog_ws/install/unitree_legged_msgs/include/unitree_legged_msgs/unitree_legged_msgs/msg/detail/motor_state__type_support.hpp
[2.781s] -- Installing: /home/i-mini900/dog/dog_ws/install/unitree_legged_msgs/include/unitree_legged_msgs/unitree_legged_msgs/msg/detail/motor_state__builder.hpp
[2.781s] -- Installing: /home/i-mini900/dog/dog_ws/install/unitree_legged_msgs/include/unitree_legged_msgs/unitree_legged_msgs/msg/detail/motor_state__struct.hpp
[2.781s] -- Installing: /home/i-mini900/dog/dog_ws/install/unitree_legged_msgs/include/unitree_legged_msgs/unitree_legged_msgs/msg/detail/motor_state__traits.hpp
[2.782s] -- Up-to-date: /home/i-mini900/dog/dog_ws/install/unitree_legged_msgs/include/unitree_legged_msgs/unitree_legged_msgs
[2.782s] -- Up-to-date: /home/i-mini900/dog/dog_ws/install/unitree_legged_msgs/include/unitree_legged_msgs/unitree_legged_msgs/msg
[2.782s] -- Installing: /home/i-mini900/dog/dog_ws/install/unitree_legged_msgs/include/unitree_legged_msgs/unitree_legged_msgs/msg/rosidl_typesupport_fastrtps_cpp__visibility_control.h
[2.782s] -- Up-to-date: /home/i-mini900/dog/dog_ws/install/unitree_legged_msgs/include/unitree_legged_msgs/unitree_legged_msgs/msg/detail
[2.782s] -- Installing: /home/i-mini900/dog/dog_ws/install/unitree_legged_msgs/include/unitree_legged_msgs/unitree_legged_msgs/msg/detail/dds_fastrtps
[2.782s] -- Installing: /home/i-mini900/dog/dog_ws/install/unitree_legged_msgs/include/unitree_legged_msgs/unitree_legged_msgs/msg/detail/motor_state__rosidl_typesupport_fastrtps_cpp.hpp
[2.782s] -- Installing: /home/i-mini900/dog/dog_ws/install/unitree_legged_msgs/lib/libunitree_legged_msgs__rosidl_typesupport_fastrtps_cpp.so
[2.782s] -- Set runtime path of "/home/i-mini900/dog/dog_ws/install/unitree_legged_msgs/lib/libunitree_legged_msgs__rosidl_typesupport_fastrtps_cpp.so" to ""
[2.782s] -- Up-to-date: /home/i-mini900/dog/dog_ws/install/unitree_legged_msgs/include/unitree_legged_msgs/unitree_legged_msgs
[2.782s] -- Up-to-date: /home/i-mini900/dog/dog_ws/install/unitree_legged_msgs/include/unitree_legged_msgs/unitree_legged_msgs/msg
[2.782s] -- Installing: /home/i-mini900/dog/dog_ws/install/unitree_legged_msgs/include/unitree_legged_msgs/unitree_legged_msgs/msg/rosidl_typesupport_introspection_c__visibility_control.h
[2.782s] -- Up-to-date: /home/i-mini900/dog/dog_ws/install/unitree_legged_msgs/include/unitree_legged_msgs/unitree_legged_msgs/msg/detail
[2.782s] -- Installing: /home/i-mini900/dog/dog_ws/install/unitree_legged_msgs/include/unitree_legged_msgs/unitree_legged_msgs/msg/detail/motor_state__rosidl_typesupport_introspection_c.h
[2.782s] -- Installing: /home/i-mini900/dog/dog_ws/install/unitree_legged_msgs/include/unitree_legged_msgs/unitree_legged_msgs/msg/detail/motor_state__type_support.c
[2.782s] -- Installing: /home/i-mini900/dog/dog_ws/install/unitree_legged_msgs/lib/libunitree_legged_msgs__rosidl_typesupport_introspection_c.so
[2.783s] -- Set runtime path of "/home/i-mini900/dog/dog_ws/install/unitree_legged_msgs/lib/libunitree_legged_msgs__rosidl_typesupport_introspection_c.so" to ""
[2.783s] -- Installing: /home/i-mini900/dog/dog_ws/install/unitree_legged_msgs/lib/libunitree_legged_msgs__rosidl_typesupport_c.so
[2.783s] -- Set runtime path of "/home/i-mini900/dog/dog_ws/install/unitree_legged_msgs/lib/libunitree_legged_msgs__rosidl_typesupport_c.so" to ""
[2.783s] -- Up-to-date: /home/i-mini900/dog/dog_ws/install/unitree_legged_msgs/include/unitree_legged_msgs/unitree_legged_msgs
[2.783s] -- Up-to-date: /home/i-mini900/dog/dog_ws/install/unitree_legged_msgs/include/unitree_legged_msgs/unitree_legged_msgs/msg
[2.783s] -- Up-to-date: /home/i-mini900/dog/dog_ws/install/unitree_legged_msgs/include/unitree_legged_msgs/unitree_legged_msgs/msg/detail
[2.783s] -- Installing: /home/i-mini900/dog/dog_ws/install/unitree_legged_msgs/include/unitree_legged_msgs/unitree_legged_msgs/msg/detail/motor_state__rosidl_typesupport_introspection_cpp.hpp
[2.783s] -- Installing: /home/i-mini900/dog/dog_ws/install/unitree_legged_msgs/include/unitree_legged_msgs/unitree_legged_msgs/msg/detail/motor_state__type_support.cpp
[2.783s] -- Installing: /home/i-mini900/dog/dog_ws/install/unitree_legged_msgs/lib/libunitree_legged_msgs__rosidl_typesupport_introspection_cpp.so
[2.783s] -- Set runtime path of "/home/i-mini900/dog/dog_ws/install/unitree_legged_msgs/lib/libunitree_legged_msgs__rosidl_typesupport_introspection_cpp.so" to ""
[2.783s] -- Installing: /home/i-mini900/dog/dog_ws/install/unitree_legged_msgs/lib/libunitree_legged_msgs__rosidl_typesupport_cpp.so
[2.784s] -- Set runtime path of "/home/i-mini900/dog/dog_ws/install/unitree_legged_msgs/lib/libunitree_legged_msgs__rosidl_typesupport_cpp.so" to ""
[2.784s] -- Installing: /home/i-mini900/dog/dog_ws/install/unitree_legged_msgs/share/unitree_legged_msgs/environment/pythonpath.sh
[2.784s] -- Installing: /home/i-mini900/dog/dog_ws/install/unitree_legged_msgs/share/unitree_legged_msgs/environment/pythonpath.dsv
[2.784s] -- Installing: /home/i-mini900/dog/dog_ws/install/unitree_legged_msgs/local/lib/python3.10/dist-packages/unitree_legged_msgs-0.0.0-py3.10.egg-info
[2.784s] -- Installing: /home/i-mini900/dog/dog_ws/install/unitree_legged_msgs/local/lib/python3.10/dist-packages/unitree_legged_msgs-0.0.0-py3.10.egg-info/SOURCES.txt
[2.784s] -- Installing: /home/i-mini900/dog/dog_ws/install/unitree_legged_msgs/local/lib/python3.10/dist-packages/unitree_legged_msgs-0.0.0-py3.10.egg-info/dependency_links.txt
[2.784s] -- Installing: /home/i-mini900/dog/dog_ws/install/unitree_legged_msgs/local/lib/python3.10/dist-packages/unitree_legged_msgs-0.0.0-py3.10.egg-info/top_level.txt
[2.784s] -- Installing: /home/i-mini900/dog/dog_ws/install/unitree_legged_msgs/local/lib/python3.10/dist-packages/unitree_legged_msgs-0.0.0-py3.10.egg-info/PKG-INFO
[2.784s] -- Installing: /home/i-mini900/dog/dog_ws/install/unitree_legged_msgs/local/lib/python3.10/dist-packages/unitree_legged_msgs
[2.784s] -- Installing: /home/i-mini900/dog/dog_ws/install/unitree_legged_msgs/local/lib/python3.10/dist-packages/unitree_legged_msgs/_unitree_legged_msgs_s.ep.rosidl_typesupport_fastrtps_c.c
[2.785s] -- Installing: /home/i-mini900/dog/dog_ws/install/unitree_legged_msgs/local/lib/python3.10/dist-packages/unitree_legged_msgs/__init__.py
[2.785s] -- Installing: /home/i-mini900/dog/dog_ws/install/unitree_legged_msgs/local/lib/python3.10/dist-packages/unitree_legged_msgs/unitree_legged_msgs_s__rosidl_typesupport_fastrtps_c.cpython-310-x86_64-linux-gnu.so
[2.785s] -- Installing: /home/i-mini900/dog/dog_ws/install/unitree_legged_msgs/local/lib/python3.10/dist-packages/unitree_legged_msgs/unitree_legged_msgs_s__rosidl_typesupport_c.cpython-310-x86_64-linux-gnu.so
[2.785s] -- Installing: /home/i-mini900/dog/dog_ws/install/unitree_legged_msgs/local/lib/python3.10/dist-packages/unitree_legged_msgs/libunitree_legged_msgs__rosidl_generator_py.so
[2.785s] -- Installing: /home/i-mini900/dog/dog_ws/install/unitree_legged_msgs/local/lib/python3.10/dist-packages/unitree_legged_msgs/msg
[2.785s] -- Installing: /home/i-mini900/dog/dog_ws/install/unitree_legged_msgs/local/lib/python3.10/dist-packages/unitree_legged_msgs/msg/__init__.py
[2.785s] -- Installing: /home/i-mini900/dog/dog_ws/install/unitree_legged_msgs/local/lib/python3.10/dist-packages/unitree_legged_msgs/msg/_motor_state_s.c
[2.785s] -- Installing: /home/i-mini900/dog/dog_ws/install/unitree_legged_msgs/local/lib/python3.10/dist-packages/unitree_legged_msgs/msg/_motor_state.py
[2.785s] -- Installing: /home/i-mini900/dog/dog_ws/install/unitree_legged_msgs/local/lib/python3.10/dist-packages/unitree_legged_msgs/_unitree_legged_msgs_s.ep.rosidl_typesupport_c.c
[2.785s] -- Installing: /home/i-mini900/dog/dog_ws/install/unitree_legged_msgs/local/lib/python3.10/dist-packages/unitree_legged_msgs/unitree_legged_msgs_s__rosidl_typesupport_introspection_c.cpython-310-x86_64-linux-gnu.so
[2.786s] -- Installing: /home/i-mini900/dog/dog_ws/install/unitree_legged_msgs/local/lib/python3.10/dist-packages/unitree_legged_msgs/_unitree_legged_msgs_s.ep.rosidl_typesupport_introspection_c.c
[2.813s] Listing '/home/i-mini900/dog/dog_ws/install/unitree_legged_msgs/local/lib/python3.10/dist-packages/unitree_legged_msgs'...
[2.813s] Compiling '/home/i-mini900/dog/dog_ws/install/unitree_legged_msgs/local/lib/python3.10/dist-packages/unitree_legged_msgs/__init__.py'...
[2.813s] Listing '/home/i-mini900/dog/dog_ws/install/unitree_legged_msgs/local/lib/python3.10/dist-packages/unitree_legged_msgs/msg'...
[2.813s] Compiling '/home/i-mini900/dog/dog_ws/install/unitree_legged_msgs/local/lib/python3.10/dist-packages/unitree_legged_msgs/msg/__init__.py'...
[2.813s] Compiling '/home/i-mini900/dog/dog_ws/install/unitree_legged_msgs/local/lib/python3.10/dist-packages/unitree_legged_msgs/msg/_motor_state.py'...
[2.816s] -- Installing: /home/i-mini900/dog/dog_ws/install/unitree_legged_msgs/local/lib/python3.10/dist-packages/unitree_legged_msgs/unitree_legged_msgs_s__rosidl_typesupport_fastrtps_c.cpython-310-x86_64-linux-gnu.so
[2.816s] -- Set runtime path of "/home/i-mini900/dog/dog_ws/install/unitree_legged_msgs/local/lib/python3.10/dist-packages/unitree_legged_msgs/unitree_legged_msgs_s__rosidl_typesupport_fastrtps_c.cpython-310-x86_64-linux-gnu.so" to ""
[2.816s] -- Installing: /home/i-mini900/dog/dog_ws/install/unitree_legged_msgs/local/lib/python3.10/dist-packages/unitree_legged_msgs/unitree_legged_msgs_s__rosidl_typesupport_introspection_c.cpython-310-x86_64-linux-gnu.so
[2.817s] -- Set runtime path of "/home/i-mini900/dog/dog_ws/install/unitree_legged_msgs/local/lib/python3.10/dist-packages/unitree_legged_msgs/unitree_legged_msgs_s__rosidl_typesupport_introspection_c.cpython-310-x86_64-linux-gnu.so" to ""
[2.817s] -- Installing: /home/i-mini900/dog/dog_ws/install/unitree_legged_msgs/local/lib/python3.10/dist-packages/unitree_legged_msgs/unitree_legged_msgs_s__rosidl_typesupport_c.cpython-310-x86_64-linux-gnu.so
[2.817s] -- Set runtime path of "/home/i-mini900/dog/dog_ws/install/unitree_legged_msgs/local/lib/python3.10/dist-packages/unitree_legged_msgs/unitree_legged_msgs_s__rosidl_typesupport_c.cpython-310-x86_64-linux-gnu.so" to ""
[2.817s] -- Installing: /home/i-mini900/dog/dog_ws/install/unitree_legged_msgs/lib/libunitree_legged_msgs__rosidl_generator_py.so
[2.817s] -- Set runtime path of "/home/i-mini900/dog/dog_ws/install/unitree_legged_msgs/lib/libunitree_legged_msgs__rosidl_generator_py.so" to ""
[2.817s] -- Installing: /home/i-mini900/dog/dog_ws/install/unitree_legged_msgs/share/unitree_legged_msgs/msg/MotorState.idl
[2.817s] -- Installing: /home/i-mini900/dog/dog_ws/install/unitree_legged_msgs/share/unitree_legged_msgs/msg/MotorState.msg
[2.818s] -- Installing: /home/i-mini900/dog/dog_ws/install/unitree_legged_msgs/share/ament_index/resource_index/package_run_dependencies/unitree_legged_msgs
[2.818s] -- Installing: /home/i-mini900/dog/dog_ws/install/unitree_legged_msgs/share/ament_index/resource_index/parent_prefix_path/unitree_legged_msgs
[2.818s] -- Installing: /home/i-mini900/dog/dog_ws/install/unitree_legged_msgs/share/unitree_legged_msgs/environment/ament_prefix_path.sh
[2.818s] -- Installing: /home/i-mini900/dog/dog_ws/install/unitree_legged_msgs/share/unitree_legged_msgs/environment/ament_prefix_path.dsv
[2.818s] -- Installing: /home/i-mini900/dog/dog_ws/install/unitree_legged_msgs/share/unitree_legged_msgs/environment/path.sh
[2.819s] -- Installing: /home/i-mini900/dog/dog_ws/install/unitree_legged_msgs/share/unitree_legged_msgs/environment/path.dsv
[2.819s] -- Installing: /home/i-mini900/dog/dog_ws/install/unitree_legged_msgs/share/unitree_legged_msgs/local_setup.bash
[2.819s] -- Installing: /home/i-mini900/dog/dog_ws/install/unitree_legged_msgs/share/unitree_legged_msgs/local_setup.sh
[2.819s] -- Installing: /home/i-mini900/dog/dog_ws/install/unitree_legged_msgs/share/unitree_legged_msgs/local_setup.zsh
[2.819s] -- Installing: /home/i-mini900/dog/dog_ws/install/unitree_legged_msgs/share/unitree_legged_msgs/local_setup.dsv
[2.819s] -- Installing: /home/i-mini900/dog/dog_ws/install/unitree_legged_msgs/share/unitree_legged_msgs/package.dsv
[2.819s] -- Installing: /home/i-mini900/dog/dog_ws/install/unitree_legged_msgs/share/ament_index/resource_index/packages/unitree_legged_msgs
[2.819s] -- Installing: /home/i-mini900/dog/dog_ws/install/unitree_legged_msgs/share/unitree_legged_msgs/cmake/export_unitree_legged_msgs__rosidl_generator_cExport.cmake
[2.820s] -- Installing: /home/i-mini900/dog/dog_ws/install/unitree_legged_msgs/share/unitree_legged_msgs/cmake/export_unitree_legged_msgs__rosidl_generator_cExport-noconfig.cmake
[2.820s] -- Installing: /home/i-mini900/dog/dog_ws/install/unitree_legged_msgs/share/unitree_legged_msgs/cmake/export_unitree_legged_msgs__rosidl_typesupport_fastrtps_cExport.cmake
[2.820s] -- Installing: /home/i-mini900/dog/dog_ws/install/unitree_legged_msgs/share/unitree_legged_msgs/cmake/export_unitree_legged_msgs__rosidl_typesupport_fastrtps_cExport-noconfig.cmake
[2.820s] -- Installing: /home/i-mini900/dog/dog_ws/install/unitree_legged_msgs/share/unitree_legged_msgs/cmake/export_unitree_legged_msgs__rosidl_generator_cppExport.cmake
[2.820s] -- Installing: /home/i-mini900/dog/dog_ws/install/unitree_legged_msgs/share/unitree_legged_msgs/cmake/export_unitree_legged_msgs__rosidl_typesupport_fastrtps_cppExport.cmake
[2.820s] -- Installing: /home/i-mini900/dog/dog_ws/install/unitree_legged_msgs/share/unitree_legged_msgs/cmake/export_unitree_legged_msgs__rosidl_typesupport_fastrtps_cppExport-noconfig.cmake
[2.820s] -- Installing: /home/i-mini900/dog/dog_ws/install/unitree_legged_msgs/share/unitree_legged_msgs/cmake/unitree_legged_msgs__rosidl_typesupport_introspection_cExport.cmake
[2.820s] -- Installing: /home/i-mini900/dog/dog_ws/install/unitree_legged_msgs/share/unitree_legged_msgs/cmake/unitree_legged_msgs__rosidl_typesupport_introspection_cExport-noconfig.cmake
[2.820s] -- Installing: /home/i-mini900/dog/dog_ws/install/unitree_legged_msgs/share/unitree_legged_msgs/cmake/unitree_legged_msgs__rosidl_typesupport_cExport.cmake
[2.820s] -- Installing: /home/i-mini900/dog/dog_ws/install/unitree_legged_msgs/share/unitree_legged_msgs/cmake/unitree_legged_msgs__rosidl_typesupport_cExport-noconfig.cmake
[2.821s] -- Installing: /home/i-mini900/dog/dog_ws/install/unitree_legged_msgs/share/unitree_legged_msgs/cmake/unitree_legged_msgs__rosidl_typesupport_introspection_cppExport.cmake
[2.821s] -- Installing: /home/i-mini900/dog/dog_ws/install/unitree_legged_msgs/share/unitree_legged_msgs/cmake/unitree_legged_msgs__rosidl_typesupport_introspection_cppExport-noconfig.cmake
[2.821s] -- Installing: /home/i-mini900/dog/dog_ws/install/unitree_legged_msgs/share/unitree_legged_msgs/cmake/unitree_legged_msgs__rosidl_typesupport_cppExport.cmake
[2.821s] -- Installing: /home/i-mini900/dog/dog_ws/install/unitree_legged_msgs/share/unitree_legged_msgs/cmake/unitree_legged_msgs__rosidl_typesupport_cppExport-noconfig.cmake
[2.821s] -- Installing: /home/i-mini900/dog/dog_ws/install/unitree_legged_msgs/share/unitree_legged_msgs/cmake/export_unitree_legged_msgs__rosidl_generator_pyExport.cmake
[2.821s] -- Installing: /home/i-mini900/dog/dog_ws/install/unitree_legged_msgs/share/unitree_legged_msgs/cmake/export_unitree_legged_msgs__rosidl_generator_pyExport-noconfig.cmake
[2.821s] -- Installing: /home/i-mini900/dog/dog_ws/install/unitree_legged_msgs/share/unitree_legged_msgs/cmake/rosidl_cmake-extras.cmake
[2.821s] -- Installing: /home/i-mini900/dog/dog_ws/install/unitree_legged_msgs/share/unitree_legged_msgs/cmake/ament_cmake_export_dependencies-extras.cmake
[2.821s] -- Installing: /home/i-mini900/dog/dog_ws/install/unitree_legged_msgs/share/unitree_legged_msgs/cmake/ament_cmake_export_include_directories-extras.cmake
[2.821s] -- Installing: /home/i-mini900/dog/dog_ws/install/unitree_legged_msgs/share/unitree_legged_msgs/cmake/ament_cmake_export_libraries-extras.cmake
[2.821s] -- Installing: /home/i-mini900/dog/dog_ws/install/unitree_legged_msgs/share/unitree_legged_msgs/cmake/ament_cmake_export_targets-extras.cmake
[2.822s] -- Installing: /home/i-mini900/dog/dog_ws/install/unitree_legged_msgs/share/unitree_legged_msgs/cmake/rosidl_cmake_export_typesupport_targets-extras.cmake
[2.822s] -- Installing: /home/i-mini900/dog/dog_ws/install/unitree_legged_msgs/share/unitree_legged_msgs/cmake/rosidl_cmake_export_typesupport_libraries-extras.cmake
[2.822s] -- Installing: /home/i-mini900/dog/dog_ws/install/unitree_legged_msgs/share/unitree_legged_msgs/cmake/unitree_legged_msgsConfig.cmake
[2.822s] -- Installing: /home/i-mini900/dog/dog_ws/install/unitree_legged_msgs/share/unitree_legged_msgs/cmake/unitree_legged_msgsConfig-version.cmake
[2.822s] -- Installing: /home/i-mini900/dog/dog_ws/install/unitree_legged_msgs/share/unitree_legged_msgs/package.xml
[2.824s] Invoked command in '/home/i-mini900/dog/dog_ws/build/unitree_legged_msgs' returned '0': CMAKE_PREFIX_PATH=${CMAKE_PREFIX_PATH}:/opt/ros/humble /usr/bin/cmake --install /home/i-mini900/dog/dog_ws/build/unitree_legged_msgs
