[  3%] Built target unitree_legged_msgs__cpp
[ 12%] Built target unitree_legged_msgs__rosidl_generator_c
[ 12%] Built target ament_cmake_python_copy_unitree_legged_msgs
[ 51%] Built target unitree_legged_msgs__rosidl_typesupport_fastrtps_c
[ 51%] Built target unitree_legged_msgs__rosidl_typesupport_fastrtps_cpp
[ 51%] Built target unitree_legged_msgs__rosidl_typesupport_cpp
[ 58%] Built target unitree_legged_msgs__rosidl_typesupport_introspection_c
[ 61%] Built target unitree_legged_msgs__rosidl_typesupport_c
[ 70%] Built target unitree_legged_msgs__rosidl_typesupport_introspection_cpp
[ 70%] Built target unitree_legged_msgs
[ 74%] Built target unitree_legged_msgs__py
[ 80%] Built target unitree_legged_msgs__rosidl_generator_py
[100%] Built target unitree_legged_msgs__rosidl_typesupport_fastrtps_c__pyext
[100%] Built target unitree_legged_msgs__rosidl_typesupport_c__pyext
[100%] Built target unitree_legged_msgs__rosidl_typesupport_introspection_c__pyext
running egg_info
writing unitree_legged_msgs.egg-info/PKG-INFO
writing dependency_links to unitree_legged_msgs.egg-info/dependency_links.txt
writing top-level names to unitree_legged_msgs.egg-info/top_level.txt
reading manifest file 'unitree_legged_msgs.egg-info/SOURCES.txt'
writing manifest file 'unitree_legged_msgs.egg-info/SOURCES.txt'
[100%] Built target ament_cmake_python_build_unitree_legged_msgs_egg
-- Install configuration: ""
-- Up-to-date: /home/i-mini900/dog/dog_ws/install/unitree_legged_msgs/share/ament_index/resource_index/rosidl_interfaces/unitree_legged_msgs
-- Up-to-date: /home/i-mini900/dog/dog_ws/install/unitree_legged_msgs/include/unitree_legged_msgs/unitree_legged_msgs
-- Up-to-date: /home/i-mini900/dog/dog_ws/install/unitree_legged_msgs/include/unitree_legged_msgs/unitree_legged_msgs/msg
-- Up-to-date: /home/i-mini900/dog/dog_ws/install/unitree_legged_msgs/include/unitree_legged_msgs/unitree_legged_msgs/msg/rosidl_generator_c__visibility_control.h
-- Up-to-date: /home/i-mini900/dog/dog_ws/install/unitree_legged_msgs/include/unitree_legged_msgs/unitree_legged_msgs/msg/motor_state.h
-- Up-to-date: /home/i-mini900/dog/dog_ws/install/unitree_legged_msgs/include/unitree_legged_msgs/unitree_legged_msgs/msg/detail
-- Up-to-date: /home/i-mini900/dog/dog_ws/install/unitree_legged_msgs/include/unitree_legged_msgs/unitree_legged_msgs/msg/detail/motor_state__type_support.h
-- Up-to-date: /home/i-mini900/dog/dog_ws/install/unitree_legged_msgs/include/unitree_legged_msgs/unitree_legged_msgs/msg/detail/motor_state__functions.c
-- Up-to-date: /home/i-mini900/dog/dog_ws/install/unitree_legged_msgs/include/unitree_legged_msgs/unitree_legged_msgs/msg/detail/motor_state__struct.h
-- Up-to-date: /home/i-mini900/dog/dog_ws/install/unitree_legged_msgs/include/unitree_legged_msgs/unitree_legged_msgs/msg/detail/motor_state__functions.h
-- Up-to-date: /home/i-mini900/dog/dog_ws/install/unitree_legged_msgs/share/unitree_legged_msgs/environment/library_path.sh
-- Up-to-date: /home/i-mini900/dog/dog_ws/install/unitree_legged_msgs/share/unitree_legged_msgs/environment/library_path.dsv
-- Up-to-date: /home/i-mini900/dog/dog_ws/install/unitree_legged_msgs/lib/libunitree_legged_msgs__rosidl_generator_c.so
-- Up-to-date: /home/i-mini900/dog/dog_ws/install/unitree_legged_msgs/include/unitree_legged_msgs/unitree_legged_msgs
-- Up-to-date: /home/i-mini900/dog/dog_ws/install/unitree_legged_msgs/include/unitree_legged_msgs/unitree_legged_msgs/msg
-- Up-to-date: /home/i-mini900/dog/dog_ws/install/unitree_legged_msgs/include/unitree_legged_msgs/unitree_legged_msgs/msg/rosidl_typesupport_fastrtps_c__visibility_control.h
-- Up-to-date: /home/i-mini900/dog/dog_ws/install/unitree_legged_msgs/include/unitree_legged_msgs/unitree_legged_msgs/msg/detail
-- Up-to-date: /home/i-mini900/dog/dog_ws/install/unitree_legged_msgs/include/unitree_legged_msgs/unitree_legged_msgs/msg/detail/motor_state__rosidl_typesupport_fastrtps_c.h
-- Up-to-date: /home/i-mini900/dog/dog_ws/install/unitree_legged_msgs/lib/libunitree_legged_msgs__rosidl_typesupport_fastrtps_c.so
-- Up-to-date: /home/i-mini900/dog/dog_ws/install/unitree_legged_msgs/include/unitree_legged_msgs/unitree_legged_msgs
-- Up-to-date: /home/i-mini900/dog/dog_ws/install/unitree_legged_msgs/include/unitree_legged_msgs/unitree_legged_msgs/msg
-- Up-to-date: /home/i-mini900/dog/dog_ws/install/unitree_legged_msgs/include/unitree_legged_msgs/unitree_legged_msgs/msg/rosidl_generator_cpp__visibility_control.hpp
-- Up-to-date: /home/i-mini900/dog/dog_ws/install/unitree_legged_msgs/include/unitree_legged_msgs/unitree_legged_msgs/msg/motor_state.hpp
-- Up-to-date: /home/i-mini900/dog/dog_ws/install/unitree_legged_msgs/include/unitree_legged_msgs/unitree_legged_msgs/msg/detail
-- Up-to-date: /home/i-mini900/dog/dog_ws/install/unitree_legged_msgs/include/unitree_legged_msgs/unitree_legged_msgs/msg/detail/motor_state__type_support.hpp
-- Up-to-date: /home/i-mini900/dog/dog_ws/install/unitree_legged_msgs/include/unitree_legged_msgs/unitree_legged_msgs/msg/detail/motor_state__builder.hpp
-- Up-to-date: /home/i-mini900/dog/dog_ws/install/unitree_legged_msgs/include/unitree_legged_msgs/unitree_legged_msgs/msg/detail/motor_state__struct.hpp
-- Up-to-date: /home/i-mini900/dog/dog_ws/install/unitree_legged_msgs/include/unitree_legged_msgs/unitree_legged_msgs/msg/detail/motor_state__traits.hpp
-- Up-to-date: /home/i-mini900/dog/dog_ws/install/unitree_legged_msgs/include/unitree_legged_msgs/unitree_legged_msgs
-- Up-to-date: /home/i-mini900/dog/dog_ws/install/unitree_legged_msgs/include/unitree_legged_msgs/unitree_legged_msgs/msg
-- Up-to-date: /home/i-mini900/dog/dog_ws/install/unitree_legged_msgs/include/unitree_legged_msgs/unitree_legged_msgs/msg/rosidl_typesupport_fastrtps_cpp__visibility_control.h
-- Up-to-date: /home/i-mini900/dog/dog_ws/install/unitree_legged_msgs/include/unitree_legged_msgs/unitree_legged_msgs/msg/detail
-- Up-to-date: /home/i-mini900/dog/dog_ws/install/unitree_legged_msgs/include/unitree_legged_msgs/unitree_legged_msgs/msg/detail/dds_fastrtps
-- Up-to-date: /home/i-mini900/dog/dog_ws/install/unitree_legged_msgs/include/unitree_legged_msgs/unitree_legged_msgs/msg/detail/motor_state__rosidl_typesupport_fastrtps_cpp.hpp
-- Up-to-date: /home/i-mini900/dog/dog_ws/install/unitree_legged_msgs/lib/libunitree_legged_msgs__rosidl_typesupport_fastrtps_cpp.so
-- Up-to-date: /home/i-mini900/dog/dog_ws/install/unitree_legged_msgs/include/unitree_legged_msgs/unitree_legged_msgs
-- Up-to-date: /home/i-mini900/dog/dog_ws/install/unitree_legged_msgs/include/unitree_legged_msgs/unitree_legged_msgs/msg
-- Up-to-date: /home/i-mini900/dog/dog_ws/install/unitree_legged_msgs/include/unitree_legged_msgs/unitree_legged_msgs/msg/rosidl_typesupport_introspection_c__visibility_control.h
-- Up-to-date: /home/i-mini900/dog/dog_ws/install/unitree_legged_msgs/include/unitree_legged_msgs/unitree_legged_msgs/msg/detail
-- Up-to-date: /home/i-mini900/dog/dog_ws/install/unitree_legged_msgs/include/unitree_legged_msgs/unitree_legged_msgs/msg/detail/motor_state__rosidl_typesupport_introspection_c.h
-- Up-to-date: /home/i-mini900/dog/dog_ws/install/unitree_legged_msgs/include/unitree_legged_msgs/unitree_legged_msgs/msg/detail/motor_state__type_support.c
-- Up-to-date: /home/i-mini900/dog/dog_ws/install/unitree_legged_msgs/lib/libunitree_legged_msgs__rosidl_typesupport_introspection_c.so
-- Up-to-date: /home/i-mini900/dog/dog_ws/install/unitree_legged_msgs/lib/libunitree_legged_msgs__rosidl_typesupport_c.so
-- Up-to-date: /home/i-mini900/dog/dog_ws/install/unitree_legged_msgs/include/unitree_legged_msgs/unitree_legged_msgs
-- Up-to-date: /home/i-mini900/dog/dog_ws/install/unitree_legged_msgs/include/unitree_legged_msgs/unitree_legged_msgs/msg
-- Up-to-date: /home/i-mini900/dog/dog_ws/install/unitree_legged_msgs/include/unitree_legged_msgs/unitree_legged_msgs/msg/detail
-- Up-to-date: /home/i-mini900/dog/dog_ws/install/unitree_legged_msgs/include/unitree_legged_msgs/unitree_legged_msgs/msg/detail/motor_state__rosidl_typesupport_introspection_cpp.hpp
-- Up-to-date: /home/i-mini900/dog/dog_ws/install/unitree_legged_msgs/include/unitree_legged_msgs/unitree_legged_msgs/msg/detail/motor_state__type_support.cpp
-- Up-to-date: /home/i-mini900/dog/dog_ws/install/unitree_legged_msgs/lib/libunitree_legged_msgs__rosidl_typesupport_introspection_cpp.so
-- Up-to-date: /home/i-mini900/dog/dog_ws/install/unitree_legged_msgs/lib/libunitree_legged_msgs__rosidl_typesupport_cpp.so
-- Up-to-date: /home/i-mini900/dog/dog_ws/install/unitree_legged_msgs/share/unitree_legged_msgs/environment/pythonpath.sh
-- Up-to-date: /home/i-mini900/dog/dog_ws/install/unitree_legged_msgs/share/unitree_legged_msgs/environment/pythonpath.dsv
-- Up-to-date: /home/i-mini900/dog/dog_ws/install/unitree_legged_msgs/local/lib/python3.10/dist-packages/unitree_legged_msgs-0.0.0-py3.10.egg-info
-- Installing: /home/i-mini900/dog/dog_ws/install/unitree_legged_msgs/local/lib/python3.10/dist-packages/unitree_legged_msgs-0.0.0-py3.10.egg-info/SOURCES.txt
-- Installing: /home/i-mini900/dog/dog_ws/install/unitree_legged_msgs/local/lib/python3.10/dist-packages/unitree_legged_msgs-0.0.0-py3.10.egg-info/dependency_links.txt
-- Installing: /home/i-mini900/dog/dog_ws/install/unitree_legged_msgs/local/lib/python3.10/dist-packages/unitree_legged_msgs-0.0.0-py3.10.egg-info/top_level.txt
-- Installing: /home/i-mini900/dog/dog_ws/install/unitree_legged_msgs/local/lib/python3.10/dist-packages/unitree_legged_msgs-0.0.0-py3.10.egg-info/PKG-INFO
-- Up-to-date: /home/i-mini900/dog/dog_ws/install/unitree_legged_msgs/local/lib/python3.10/dist-packages/unitree_legged_msgs
-- Up-to-date: /home/i-mini900/dog/dog_ws/install/unitree_legged_msgs/local/lib/python3.10/dist-packages/unitree_legged_msgs/_unitree_legged_msgs_s.ep.rosidl_typesupport_fastrtps_c.c
-- Up-to-date: /home/i-mini900/dog/dog_ws/install/unitree_legged_msgs/local/lib/python3.10/dist-packages/unitree_legged_msgs/__init__.py
-- Up-to-date: /home/i-mini900/dog/dog_ws/install/unitree_legged_msgs/local/lib/python3.10/dist-packages/unitree_legged_msgs/unitree_legged_msgs_s__rosidl_typesupport_fastrtps_c.cpython-310-x86_64-linux-gnu.so
-- Up-to-date: /home/i-mini900/dog/dog_ws/install/unitree_legged_msgs/local/lib/python3.10/dist-packages/unitree_legged_msgs/unitree_legged_msgs_s__rosidl_typesupport_c.cpython-310-x86_64-linux-gnu.so
-- Up-to-date: /home/i-mini900/dog/dog_ws/install/unitree_legged_msgs/local/lib/python3.10/dist-packages/unitree_legged_msgs/libunitree_legged_msgs__rosidl_generator_py.so
-- Up-to-date: /home/i-mini900/dog/dog_ws/install/unitree_legged_msgs/local/lib/python3.10/dist-packages/unitree_legged_msgs/msg
-- Up-to-date: /home/i-mini900/dog/dog_ws/install/unitree_legged_msgs/local/lib/python3.10/dist-packages/unitree_legged_msgs/msg/__init__.py
-- Up-to-date: /home/i-mini900/dog/dog_ws/install/unitree_legged_msgs/local/lib/python3.10/dist-packages/unitree_legged_msgs/msg/_motor_state_s.c
-- Up-to-date: /home/i-mini900/dog/dog_ws/install/unitree_legged_msgs/local/lib/python3.10/dist-packages/unitree_legged_msgs/msg/_motor_state.py
-- Up-to-date: /home/i-mini900/dog/dog_ws/install/unitree_legged_msgs/local/lib/python3.10/dist-packages/unitree_legged_msgs/_unitree_legged_msgs_s.ep.rosidl_typesupport_c.c
-- Up-to-date: /home/i-mini900/dog/dog_ws/install/unitree_legged_msgs/local/lib/python3.10/dist-packages/unitree_legged_msgs/unitree_legged_msgs_s__rosidl_typesupport_introspection_c.cpython-310-x86_64-linux-gnu.so
-- Up-to-date: /home/i-mini900/dog/dog_ws/install/unitree_legged_msgs/local/lib/python3.10/dist-packages/unitree_legged_msgs/_unitree_legged_msgs_s.ep.rosidl_typesupport_introspection_c.c
Listing '/home/i-mini900/dog/dog_ws/install/unitree_legged_msgs/local/lib/python3.10/dist-packages/unitree_legged_msgs'...
Listing '/home/i-mini900/dog/dog_ws/install/unitree_legged_msgs/local/lib/python3.10/dist-packages/unitree_legged_msgs/msg'...
-- Up-to-date: /home/i-mini900/dog/dog_ws/install/unitree_legged_msgs/local/lib/python3.10/dist-packages/unitree_legged_msgs/unitree_legged_msgs_s__rosidl_typesupport_fastrtps_c.cpython-310-x86_64-linux-gnu.so
-- Up-to-date: /home/i-mini900/dog/dog_ws/install/unitree_legged_msgs/local/lib/python3.10/dist-packages/unitree_legged_msgs/unitree_legged_msgs_s__rosidl_typesupport_introspection_c.cpython-310-x86_64-linux-gnu.so
-- Up-to-date: /home/i-mini900/dog/dog_ws/install/unitree_legged_msgs/local/lib/python3.10/dist-packages/unitree_legged_msgs/unitree_legged_msgs_s__rosidl_typesupport_c.cpython-310-x86_64-linux-gnu.so
-- Up-to-date: /home/i-mini900/dog/dog_ws/install/unitree_legged_msgs/lib/libunitree_legged_msgs__rosidl_generator_py.so
-- Up-to-date: /home/i-mini900/dog/dog_ws/install/unitree_legged_msgs/share/unitree_legged_msgs/msg/MotorState.idl
-- Up-to-date: /home/i-mini900/dog/dog_ws/install/unitree_legged_msgs/share/unitree_legged_msgs/msg/MotorState.msg
-- Up-to-date: /home/i-mini900/dog/dog_ws/install/unitree_legged_msgs/share/ament_index/resource_index/package_run_dependencies/unitree_legged_msgs
-- Up-to-date: /home/i-mini900/dog/dog_ws/install/unitree_legged_msgs/share/ament_index/resource_index/parent_prefix_path/unitree_legged_msgs
-- Up-to-date: /home/i-mini900/dog/dog_ws/install/unitree_legged_msgs/share/unitree_legged_msgs/environment/ament_prefix_path.sh
-- Up-to-date: /home/i-mini900/dog/dog_ws/install/unitree_legged_msgs/share/unitree_legged_msgs/environment/ament_prefix_path.dsv
-- Up-to-date: /home/i-mini900/dog/dog_ws/install/unitree_legged_msgs/share/unitree_legged_msgs/environment/path.sh
-- Up-to-date: /home/i-mini900/dog/dog_ws/install/unitree_legged_msgs/share/unitree_legged_msgs/environment/path.dsv
-- Up-to-date: /home/i-mini900/dog/dog_ws/install/unitree_legged_msgs/share/unitree_legged_msgs/local_setup.bash
-- Up-to-date: /home/i-mini900/dog/dog_ws/install/unitree_legged_msgs/share/unitree_legged_msgs/local_setup.sh
-- Up-to-date: /home/i-mini900/dog/dog_ws/install/unitree_legged_msgs/share/unitree_legged_msgs/local_setup.zsh
-- Up-to-date: /home/i-mini900/dog/dog_ws/install/unitree_legged_msgs/share/unitree_legged_msgs/local_setup.dsv
-- Installing: /home/i-mini900/dog/dog_ws/install/unitree_legged_msgs/share/unitree_legged_msgs/package.dsv
-- Up-to-date: /home/i-mini900/dog/dog_ws/install/unitree_legged_msgs/share/ament_index/resource_index/packages/unitree_legged_msgs
-- Up-to-date: /home/i-mini900/dog/dog_ws/install/unitree_legged_msgs/share/unitree_legged_msgs/cmake/export_unitree_legged_msgs__rosidl_generator_cExport.cmake
-- Up-to-date: /home/i-mini900/dog/dog_ws/install/unitree_legged_msgs/share/unitree_legged_msgs/cmake/export_unitree_legged_msgs__rosidl_generator_cExport-noconfig.cmake
-- Up-to-date: /home/i-mini900/dog/dog_ws/install/unitree_legged_msgs/share/unitree_legged_msgs/cmake/export_unitree_legged_msgs__rosidl_typesupport_fastrtps_cExport.cmake
-- Up-to-date: /home/i-mini900/dog/dog_ws/install/unitree_legged_msgs/share/unitree_legged_msgs/cmake/export_unitree_legged_msgs__rosidl_typesupport_fastrtps_cExport-noconfig.cmake
-- Up-to-date: /home/i-mini900/dog/dog_ws/install/unitree_legged_msgs/share/unitree_legged_msgs/cmake/export_unitree_legged_msgs__rosidl_generator_cppExport.cmake
-- Up-to-date: /home/i-mini900/dog/dog_ws/install/unitree_legged_msgs/share/unitree_legged_msgs/cmake/export_unitree_legged_msgs__rosidl_typesupport_fastrtps_cppExport.cmake
-- Up-to-date: /home/i-mini900/dog/dog_ws/install/unitree_legged_msgs/share/unitree_legged_msgs/cmake/export_unitree_legged_msgs__rosidl_typesupport_fastrtps_cppExport-noconfig.cmake
-- Up-to-date: /home/i-mini900/dog/dog_ws/install/unitree_legged_msgs/share/unitree_legged_msgs/cmake/unitree_legged_msgs__rosidl_typesupport_introspection_cExport.cmake
-- Up-to-date: /home/i-mini900/dog/dog_ws/install/unitree_legged_msgs/share/unitree_legged_msgs/cmake/unitree_legged_msgs__rosidl_typesupport_introspection_cExport-noconfig.cmake
-- Up-to-date: /home/i-mini900/dog/dog_ws/install/unitree_legged_msgs/share/unitree_legged_msgs/cmake/unitree_legged_msgs__rosidl_typesupport_cExport.cmake
-- Up-to-date: /home/i-mini900/dog/dog_ws/install/unitree_legged_msgs/share/unitree_legged_msgs/cmake/unitree_legged_msgs__rosidl_typesupport_cExport-noconfig.cmake
-- Up-to-date: /home/i-mini900/dog/dog_ws/install/unitree_legged_msgs/share/unitree_legged_msgs/cmake/unitree_legged_msgs__rosidl_typesupport_introspection_cppExport.cmake
-- Up-to-date: /home/i-mini900/dog/dog_ws/install/unitree_legged_msgs/share/unitree_legged_msgs/cmake/unitree_legged_msgs__rosidl_typesupport_introspection_cppExport-noconfig.cmake
-- Up-to-date: /home/i-mini900/dog/dog_ws/install/unitree_legged_msgs/share/unitree_legged_msgs/cmake/unitree_legged_msgs__rosidl_typesupport_cppExport.cmake
-- Up-to-date: /home/i-mini900/dog/dog_ws/install/unitree_legged_msgs/share/unitree_legged_msgs/cmake/unitree_legged_msgs__rosidl_typesupport_cppExport-noconfig.cmake
-- Up-to-date: /home/i-mini900/dog/dog_ws/install/unitree_legged_msgs/share/unitree_legged_msgs/cmake/export_unitree_legged_msgs__rosidl_generator_pyExport.cmake
-- Up-to-date: /home/i-mini900/dog/dog_ws/install/unitree_legged_msgs/share/unitree_legged_msgs/cmake/export_unitree_legged_msgs__rosidl_generator_pyExport-noconfig.cmake
-- Up-to-date: /home/i-mini900/dog/dog_ws/install/unitree_legged_msgs/share/unitree_legged_msgs/cmake/rosidl_cmake-extras.cmake
-- Up-to-date: /home/i-mini900/dog/dog_ws/install/unitree_legged_msgs/share/unitree_legged_msgs/cmake/ament_cmake_export_dependencies-extras.cmake
-- Up-to-date: /home/i-mini900/dog/dog_ws/install/unitree_legged_msgs/share/unitree_legged_msgs/cmake/ament_cmake_export_include_directories-extras.cmake
-- Up-to-date: /home/i-mini900/dog/dog_ws/install/unitree_legged_msgs/share/unitree_legged_msgs/cmake/ament_cmake_export_libraries-extras.cmake
-- Up-to-date: /home/i-mini900/dog/dog_ws/install/unitree_legged_msgs/share/unitree_legged_msgs/cmake/ament_cmake_export_targets-extras.cmake
-- Up-to-date: /home/i-mini900/dog/dog_ws/install/unitree_legged_msgs/share/unitree_legged_msgs/cmake/rosidl_cmake_export_typesupport_targets-extras.cmake
-- Up-to-date: /home/i-mini900/dog/dog_ws/install/unitree_legged_msgs/share/unitree_legged_msgs/cmake/rosidl_cmake_export_typesupport_libraries-extras.cmake
-- Up-to-date: /home/i-mini900/dog/dog_ws/install/unitree_legged_msgs/share/unitree_legged_msgs/cmake/unitree_legged_msgsConfig.cmake
-- Up-to-date: /home/i-mini900/dog/dog_ws/install/unitree_legged_msgs/share/unitree_legged_msgs/cmake/unitree_legged_msgsConfig-version.cmake
-- Up-to-date: /home/i-mini900/dog/dog_ws/install/unitree_legged_msgs/share/unitree_legged_msgs/package.xml
